#
# There is insufficient memory for the Java Runtime Environment to continue.
# Native memory allocation (malloc) failed to allocate 1137328 bytes. Error detail: Chunk::new
# Possible reasons:
#   The system is out of physical RAM or swap space
#   This process is running with CompressedOops enabled, and the Java Heap may be blocking the growth of the native heap
# Possible solutions:
#   Reduce memory load on the system
#   Increase physical memory or swap space
#   Check if swap backing store is full
#   Decrease Java heap size (-Xmx/-Xms)
#   Decrease number of Java threads
#   Decrease Java thread stack sizes (-Xss)
#   Set larger code cache with -XX:ReservedCodeCacheSize=
#   JVM is running with Unscaled Compressed Oops mode in which the Java heap is
#     placed in the first 4GB address space. The Java Heap base address is the
#     maximum limit for the native heap growth. Please use -XX:HeapBaseMinAddress
#     to set the Java Heap base and to place the Java Heap above 4GB virtual address.
# This output file may be truncated or incomplete.
#
#  Out of Memory Error (arena.cpp:191), pid=10604, tid=25032
#
# JRE version: OpenJDK Runtime Environment Microsoft-10800295 (17.0.14+7) (build 17.0.14+7-LTS)
# Java VM: OpenJDK 64-Bit Server VM Microsoft-10800295 (17.0.14+7-LTS, mixed mode, sharing, tiered, compressed oops, compressed class ptrs, g1 gc, windows-amd64)
# No core dump will be written. Minidumps are not enabled by default on client versions of Windows
#

---------------  S U M M A R Y ------------

Command Line: --add-opens=java.base/java.lang=ALL-UNNAMED --add-opens=java.base/java.lang.invoke=ALL-UNNAMED --add-opens=java.base/java.util=ALL-UNNAMED --add-opens=java.prefs/java.util.prefs=ALL-UNNAMED --add-exports=jdk.compiler/com.sun.tools.javac.api=ALL-UNNAMED --add-exports=jdk.compiler/com.sun.tools.javac.util=ALL-UNNAMED --add-opens=java.base/java.util=ALL-UNNAMED --add-opens=java.prefs/java.util.prefs=ALL-UNNAMED --add-opens=java.base/java.nio.charset=ALL-UNNAMED --add-opens=java.base/java.net=ALL-UNNAMED --add-opens=java.base/java.util.concurrent.atomic=ALL-UNNAMED --add-opens=java.xml/javax.xml.namespace=ALL-UNNAMED -XX:MaxMetaspaceSize=512m -Xmx2048m -Dfile.encoding=UTF-8 -Duser.country=IN -Duser.language=en -Duser.variant -javaagent:C:\Users\DELL\.gradle\wrapper\dists\gradle-8.13-bin\5xuhj0ry160q40clulazy9h7d\gradle-8.13\lib\agents\gradle-instrumentation-agent-8.13.jar org.gradle.launcher.daemon.bootstrap.GradleDaemon 8.13

Host: 11th Gen Intel(R) Core(TM) i5-1135G7 @ 2.40GHz, 8 cores, 7G,  Windows 11 , 64 bit Build 22621 (10.0.22621.5124)
Time: Fri May  2 11:13:23 2025 India Standard Time elapsed time: 11.925653 seconds (0d 0h 0m 11s)

---------------  T H R E A D  ---------------

Current thread (0x000001e6d70b7350):  JavaThread "C2 CompilerThread0" daemon [_thread_in_native, id=25032, stack(0x0000003574400000,0x0000003574500000)]


Current CompileTask:
C2:  11925 4937       4       org.objectweb.asm.Frame::execute (2303 bytes)

Stack: [0x0000003574400000,0x0000003574500000]
Native frames: (J=compiled Java code, j=interpreted, Vv=VM code, C=native code)
V  [jvm.dll+0x6886b9]
V  [jvm.dll+0x83f6f8]
V  [jvm.dll+0x8411a3]
V  [jvm.dll+0x841813]
V  [jvm.dll+0x2495cf]
V  [jvm.dll+0xad0d4]
V  [jvm.dll+0xad76c]
V  [jvm.dll+0x36ae0e]
V  [jvm.dll+0x1bd005]
V  [jvm.dll+0x21a95c]
V  [jvm.dll+0x219c1f]
V  [jvm.dll+0x1a5596]
V  [jvm.dll+0x22a27a]
V  [jvm.dll+0x2283bb]
V  [jvm.dll+0x7f4f48]
V  [jvm.dll+0x7ef2ac]
V  [jvm.dll+0x687597]
C  [ucrtbase.dll+0x29333]
C  [KERNEL32.DLL+0x1259d]
C  [ntdll.dll+0x5af38]


---------------  P R O C E S S  ---------------

Threads class SMR info:
_java_thread_list=0x000001e6f8c4b220, length=43, elements={
0x000001e6b8c17170, 0x000001e6d709c150, 0x000001e6d709cd10, 0x000001e6d70b13e0,
0x000001e6d70b1db0, 0x000001e6d70b2870, 0x000001e6d70b5240, 0x000001e6d70b7350,
0x000001e6d70e3270, 0x000001e6d70e3c70, 0x000001e6d70894d0, 0x000001e6d7333170,
0x000001e6f7628dd0, 0x000001e6f7704ac0, 0x000001e6f8121440, 0x000001e6d7832040,
0x000001e6d78328f0, 0x000001e6f82a88c0, 0x000001e6f82a7480, 0x000001e6f82a6f70,
0x000001e6f82a7ea0, 0x000001e6f82a6a60, 0x000001e6f82a83b0, 0x000001e6f82a5b30,
0x000001e6f82a7990, 0x000001e6f82a6040, 0x000001e6f82a8dd0, 0x000001e6f82a6550,
0x000001e6fa355490, 0x000001e6fa3568d0, 0x000001e6fa3572f0, 0x000001e6fa355eb0,
0x000001e6fa3563c0, 0x000001e6fa35afb0, 0x000001e6fa35b4c0, 0x000001e6fa357d10,
0x000001e6fa354050, 0x000001e6fa35a590, 0x000001e6fa357800, 0x000001e6fa35aaa0,
0x000001e6fa35b9d0, 0x000001e6fa354560, 0x000001e6fa358220
}

Java Threads: ( => current thread )
  0x000001e6b8c17170 JavaThread "main" [_thread_blocked, id=24212, stack(0x0000003573700000,0x0000003573800000)]
  0x000001e6d709c150 JavaThread "Reference Handler" daemon [_thread_blocked, id=20892, stack(0x0000003573e00000,0x0000003573f00000)]
  0x000001e6d709cd10 JavaThread "Finalizer" daemon [_thread_blocked, id=19008, stack(0x0000003573f00000,0x0000003574000000)]
  0x000001e6d70b13e0 JavaThread "Signal Dispatcher" daemon [_thread_blocked, id=12076, stack(0x0000003574000000,0x0000003574100000)]
  0x000001e6d70b1db0 JavaThread "Attach Listener" daemon [_thread_blocked, id=11768, stack(0x0000003574100000,0x0000003574200000)]
  0x000001e6d70b2870 JavaThread "Service Thread" daemon [_thread_blocked, id=22864, stack(0x0000003574200000,0x0000003574300000)]
  0x000001e6d70b5240 JavaThread "Monitor Deflation Thread" daemon [_thread_blocked, id=26296, stack(0x0000003574300000,0x0000003574400000)]
=>0x000001e6d70b7350 JavaThread "C2 CompilerThread0" daemon [_thread_in_native, id=25032, stack(0x0000003574400000,0x0000003574500000)]
  0x000001e6d70e3270 JavaThread "C1 CompilerThread0" daemon [_thread_blocked, id=9816, stack(0x0000003574500000,0x0000003574600000)]
  0x000001e6d70e3c70 JavaThread "Sweeper thread" daemon [_thread_blocked, id=23160, stack(0x0000003574600000,0x0000003574700000)]
  0x000001e6d70894d0 JavaThread "Common-Cleaner" daemon [_thread_blocked, id=20600, stack(0x0000003574700000,0x0000003574800000)]
  0x000001e6d7333170 JavaThread "Notification Thread" daemon [_thread_blocked, id=22856, stack(0x0000003574800000,0x0000003574900000)]
  0x000001e6f7628dd0 JavaThread "Daemon health stats" [_thread_blocked, id=15116, stack(0x0000003574e00000,0x0000003574f00000)]
  0x000001e6f7704ac0 JavaThread "Incoming local TCP Connector on port 62615" [_thread_in_native, id=22028, stack(0x0000003574f00000,0x0000003575000000)]
  0x000001e6f8121440 JavaThread "Daemon periodic checks" [_thread_blocked, id=27812, stack(0x0000003575000000,0x0000003575100000)]
  0x000001e6d7832040 JavaThread "Daemon" [_thread_blocked, id=11680, stack(0x0000003575100000,0x0000003575200000)]
  0x000001e6d78328f0 JavaThread "Handler for socket connection from /127.0.0.1:62615 to /127.0.0.1:62616" [_thread_in_native, id=15020, stack(0x0000003575200000,0x0000003575300000)]
  0x000001e6f82a88c0 JavaThread "Cancel handler" [_thread_blocked, id=7688, stack(0x0000003575300000,0x0000003575400000)]
  0x000001e6f82a7480 JavaThread "Daemon worker" [_thread_in_vm, id=21236, stack(0x0000003575400000,0x0000003575500000)]
  0x000001e6f82a6f70 JavaThread "Asynchronous log dispatcher for DefaultDaemonConnection: socket connection from /127.0.0.1:62615 to /127.0.0.1:62616" [_thread_blocked, id=18404, stack(0x0000003575500000,0x0000003575600000)]
  0x000001e6f82a7ea0 JavaThread "Stdin handler" [_thread_blocked, id=280, stack(0x0000003575600000,0x0000003575700000)]
  0x000001e6f82a6a60 JavaThread "Daemon client event forwarder" [_thread_blocked, id=7436, stack(0x0000003575700000,0x0000003575800000)]
  0x000001e6f82a83b0 JavaThread "Cache worker for journal cache (C:\Users\DELL\.gradle\caches\journal-1)" [_thread_blocked, id=23216, stack(0x0000003575900000,0x0000003575a00000)]
  0x000001e6f82a5b30 JavaThread "File lock request listener" [_thread_in_native, id=16460, stack(0x0000003575a00000,0x0000003575b00000)]
  0x000001e6f82a7990 JavaThread "Cache worker for file hash cache (C:\Users\DELL\.gradle\caches\8.13\fileHashes)" [_thread_blocked, id=15940, stack(0x0000003575b00000,0x0000003575c00000)]
  0x000001e6f82a6040 JavaThread "Cache worker for file hash cache (D:\NativeProject\android\.gradle\8.13\fileHashes)" [_thread_blocked, id=18484, stack(0x0000003575800000,0x0000003575900000)]
  0x000001e6f82a8dd0 JavaThread "Cache worker for Build Output Cleanup Cache (D:\NativeProject\android\.gradle\buildOutputCleanup)" [_thread_blocked, id=27016, stack(0x0000003575f00000,0x0000003576000000)]
  0x000001e6f82a6550 JavaThread "File watcher server" daemon [_thread_in_native, id=27588, stack(0x0000003576100000,0x0000003576200000)]
  0x000001e6fa355490 JavaThread "File watcher consumer" daemon [_thread_blocked, id=27624, stack(0x0000003576200000,0x0000003576300000)]
  0x000001e6fa3568d0 JavaThread "jar transforms" [_thread_blocked, id=8516, stack(0x0000003576300000,0x0000003576400000)]
  0x000001e6fa3572f0 JavaThread "jar transforms Thread 2" [_thread_blocked, id=7276, stack(0x0000003576400000,0x0000003576500000)]
  0x000001e6fa355eb0 JavaThread "Cache worker for checksums cache (D:\NativeProject\android\.gradle\8.13\checksums)" [_thread_blocked, id=21988, stack(0x0000003576500000,0x0000003576600000)]
  0x000001e6fa3563c0 JavaThread "Cache worker for file content cache (C:\Users\DELL\.gradle\caches\8.13\fileContent)" [_thread_blocked, id=24580, stack(0x0000003576600000,0x0000003576700000)]
  0x000001e6fa35afb0 JavaThread "jar transforms Thread 3" [_thread_blocked, id=5644, stack(0x0000003576700000,0x0000003576800000)]
  0x000001e6fa35b4c0 JavaThread "Cache worker for cache directory md-supplier (C:\Users\DELL\.gradle\caches\8.13\md-supplier)" [_thread_blocked, id=4640, stack(0x0000003576800000,0x0000003576900000)]
  0x000001e6fa357d10 JavaThread "Cache worker for cache directory md-rule (C:\Users\DELL\.gradle\caches\8.13\md-rule)" [_thread_blocked, id=13436, stack(0x0000003576900000,0x0000003576a00000)]
  0x000001e6fa354050 JavaThread "Cache worker for Build Output Cleanup Cache (D:\NativeProject\node_modules\@react-native\gradle-plugin\.gradle\buildOutputCleanup)" [_thread_blocked, id=4712, stack(0x0000003576a00000,0x0000003576b00000)]
  0x000001e6fa35a590 JavaThread "Unconstrained build operations" [_thread_blocked, id=28592, stack(0x0000003576b00000,0x0000003576c00000)]
  0x000001e6fa357800 JavaThread "Unconstrained build operations Thread 2" [_thread_blocked, id=16624, stack(0x0000003576c00000,0x0000003576d00000)]
  0x000001e6fa35aaa0 JavaThread "Unconstrained build operations Thread 3" [_thread_blocked, id=26128, stack(0x0000003576d00000,0x0000003576e00000)]
  0x000001e6fa35b9d0 JavaThread "Unconstrained build operations Thread 4" [_thread_blocked, id=27540, stack(0x0000003576e00000,0x0000003576f00000)]
  0x000001e6fa354560 JavaThread "Unconstrained build operations Thread 5" [_thread_blocked, id=9588, stack(0x0000003576f00000,0x0000003577000000)]
  0x000001e6fa358220 JavaThread "Unconstrained build operations Thread 6" [_thread_blocked, id=22476, stack(0x0000003577000000,0x0000003577100000)]

Other Threads:
  0x000001e6d7097050 VMThread "VM Thread" [stack: 0x0000003573d00000,0x0000003573e00000] [id=27712]
  0x000001e6b8c17ff0 WatcherThread [stack: 0x0000003574900000,0x0000003574a00000] [id=11516]
  0x000001e6b8c73120 GCTaskThread "GC Thread#0" [stack: 0x0000003573800000,0x0000003573900000] [id=15196]
  0x000001e6d78aa040 GCTaskThread "GC Thread#1" [stack: 0x0000003574b00000,0x0000003574c00000] [id=3132]
  0x000001e6d74ea770 GCTaskThread "GC Thread#2" [stack: 0x0000003574c00000,0x0000003574d00000] [id=17852]
  0x000001e6d73a0f60 GCTaskThread "GC Thread#3" [stack: 0x0000003574a00000,0x0000003574b00000] [id=15908]
  0x000001e6f7464480 GCTaskThread "GC Thread#4" [stack: 0x0000003574d00000,0x0000003574e00000] [id=13524]
  0x000001e6f8d5e3d0 GCTaskThread "GC Thread#5" [stack: 0x0000003575c00000,0x0000003575d00000] [id=16132]
  0x000001e6f8550050 GCTaskThread "GC Thread#6" [stack: 0x0000003575d00000,0x0000003575e00000] [id=9068]
  0x000001e6f8c556a0 GCTaskThread "GC Thread#7" [stack: 0x0000003575e00000,0x0000003575f00000] [id=19608]
  0x000001e6b8c84070 ConcurrentGCThread "G1 Main Marker" [stack: 0x0000003573900000,0x0000003573a00000] [id=21412]
  0x000001e6b8c84a90 ConcurrentGCThread "G1 Conc#0" [stack: 0x0000003573a00000,0x0000003573b00000] [id=28508]
  0x000001e6f9c2a0f0 ConcurrentGCThread "G1 Conc#1" [stack: 0x0000003576000000,0x0000003576100000] [id=28020]
  0x000001e6b8cbd6f0 ConcurrentGCThread "G1 Refine#0" [stack: 0x0000003573b00000,0x0000003573c00000] [id=23096]
  0x000001e6b8cbe120 ConcurrentGCThread "G1 Service" [stack: 0x0000003573c00000,0x0000003573d00000] [id=12324]

Threads with active compile tasks:
C2 CompilerThread0    11966 4937       4       org.objectweb.asm.Frame::execute (2303 bytes)

VM state: not at safepoint (normal execution)

VM Mutex/Monitor currently owned by a thread: None

Heap address: 0x0000000080000000, size: 2048 MB, Compressed Oops mode: 32-bit

CDS archive(s) mapped at: [0x000001e6d8000000-0x000001e6d8bb0000-0x000001e6d8bb0000), size 12255232, SharedBaseAddress: 0x000001e6d8000000, ArchiveRelocationMode: 1.
Compressed class space mapped at: 0x000001e6d9000000-0x000001e6f3000000, reserved size: 436207616
Narrow klass base: 0x000001e6d8000000, Narrow klass shift: 0, Narrow klass range: 0x100000000

GC Precious Log:
 CPUs: 8 total, 8 available
 Memory: 7918M
 Large Page Support: Disabled
 NUMA Support: Disabled
 Compressed Oops: Enabled (32-bit)
 Heap Region Size: 1M
 Heap Min Capacity: 8M
 Heap Initial Capacity: 124M
 Heap Max Capacity: 2G
 Pre-touch: Disabled
 Parallel Workers: 8
 Concurrent Workers: 2
 Concurrent Refinement Workers: 8
 Periodic GC: Disabled

Heap:
 garbage-first heap   total 103424K, used 47219K [0x0000000080000000, 0x0000000100000000)
  region size 1024K, 15 young (15360K), 4 survivors (4096K)
 Metaspace       used 45997K, committed 46592K, reserved 491520K
  class space    used 6444K, committed 6720K, reserved 425984K

Heap Regions: E=young(eden), S=young(survivor), O=old, HS=humongous(starts), HC=humongous(continues), CS=collection set, F=free, OA=open archive, CA=closed archive, TAMS=top-at-mark-start (previous, next)
|   0|0x0000000080000000, 0x0000000080100000, 0x0000000080100000|100%|HS|  |TAMS 0x0000000080100000, 0x0000000080000000| Complete 
|   1|0x0000000080100000, 0x0000000080200000, 0x0000000080200000|100%|HC|  |TAMS 0x0000000080200000, 0x0000000080100000| Complete 
|   2|0x0000000080200000, 0x0000000080300000, 0x0000000080300000|100%|HC|  |TAMS 0x0000000080300000, 0x0000000080200000| Complete 
|   3|0x0000000080300000, 0x0000000080400000, 0x0000000080400000|100%| O|  |TAMS 0x0000000080400000, 0x0000000080300000| Untracked 
|   4|0x0000000080400000, 0x0000000080500000, 0x0000000080500000|100%| O|  |TAMS 0x0000000080500000, 0x0000000080400000| Untracked 
|   5|0x0000000080500000, 0x0000000080600000, 0x0000000080600000|100%| O|  |TAMS 0x0000000080600000, 0x0000000080500000| Untracked 
|   6|0x0000000080600000, 0x0000000080700000, 0x0000000080700000|100%|HS|  |TAMS 0x0000000080700000, 0x0000000080600000| Complete 
|   7|0x0000000080700000, 0x0000000080800000, 0x0000000080800000|100%| O|  |TAMS 0x0000000080800000, 0x0000000080700000| Untracked 
|   8|0x0000000080800000, 0x0000000080900000, 0x0000000080900000|100%| O|  |TAMS 0x0000000080900000, 0x0000000080800000| Untracked 
|   9|0x0000000080900000, 0x0000000080a00000, 0x0000000080a00000|100%| O|  |TAMS 0x0000000080a00000, 0x0000000080900000| Untracked 
|  10|0x0000000080a00000, 0x0000000080b00000, 0x0000000080b00000|100%| O|  |TAMS 0x0000000080b00000, 0x0000000080a00000| Untracked 
|  11|0x0000000080b00000, 0x0000000080c00000, 0x0000000080c00000|100%| O|  |TAMS 0x0000000080c00000, 0x0000000080b00000| Untracked 
|  12|0x0000000080c00000, 0x0000000080c00000, 0x0000000080d00000|  0%| F|  |TAMS 0x0000000080c00000, 0x0000000080c00000| Untracked 
|  13|0x0000000080d00000, 0x0000000080e00000, 0x0000000080e00000|100%| O|  |TAMS 0x0000000080e00000, 0x0000000080d00000| Untracked 
|  14|0x0000000080e00000, 0x0000000080f00000, 0x0000000080f00000|100%| O|  |TAMS 0x0000000080f00000, 0x0000000080e00000| Untracked 
|  15|0x0000000080f00000, 0x0000000081000000, 0x0000000081000000|100%| O|  |TAMS 0x0000000081000000, 0x0000000080f00000| Untracked 
|  16|0x0000000081000000, 0x0000000081100000, 0x0000000081100000|100%| O|  |TAMS 0x0000000081100000, 0x0000000081000000| Untracked 
|  17|0x0000000081100000, 0x0000000081200000, 0x0000000081200000|100%| O|  |TAMS 0x0000000081200000, 0x0000000081100000| Untracked 
|  18|0x0000000081200000, 0x0000000081300000, 0x0000000081300000|100%| O|  |TAMS 0x0000000081300000, 0x0000000081200000| Untracked 
|  19|0x0000000081300000, 0x0000000081400000, 0x0000000081400000|100%| O|  |TAMS 0x0000000081400000, 0x0000000081300000| Untracked 
|  20|0x0000000081400000, 0x0000000081500000, 0x0000000081500000|100%| O|  |TAMS 0x0000000081400000, 0x0000000081400000| Untracked 
|  21|0x0000000081500000, 0x0000000081600000, 0x0000000081600000|100%| O|  |TAMS 0x0000000081600000, 0x0000000081500000| Untracked 
|  22|0x0000000081600000, 0x0000000081700000, 0x0000000081700000|100%| O|  |TAMS 0x0000000081700000, 0x0000000081600000| Untracked 
|  23|0x0000000081700000, 0x0000000081800000, 0x0000000081800000|100%| O|  |TAMS 0x0000000081800000, 0x0000000081700000| Untracked 
|  24|0x0000000081800000, 0x0000000081900000, 0x0000000081900000|100%| O|  |TAMS 0x0000000081900000, 0x0000000081800000| Untracked 
|  25|0x0000000081900000, 0x0000000081a00000, 0x0000000081a00000|100%| O|  |TAMS 0x0000000081a00000, 0x0000000081900000| Untracked 
|  26|0x0000000081a00000, 0x0000000081b00000, 0x0000000081b00000|100%| O|  |TAMS 0x0000000081aba800, 0x0000000081a00000| Untracked 
|  27|0x0000000081b00000, 0x0000000081bc0400, 0x0000000081c00000| 75%| O|  |TAMS 0x0000000081b00000, 0x0000000081b00000| Untracked 
|  28|0x0000000081c00000, 0x0000000081d00000, 0x0000000081d00000|100%| O|  |TAMS 0x0000000081c00000, 0x0000000081c00000| Untracked 
|  29|0x0000000081d00000, 0x0000000081e00000, 0x0000000081e00000|100%| O|  |TAMS 0x0000000081d00000, 0x0000000081d00000| Untracked 
|  30|0x0000000081e00000, 0x0000000081f00000, 0x0000000081f00000|100%| O|  |TAMS 0x0000000081e00000, 0x0000000081e00000| Untracked 
|  31|0x0000000081f00000, 0x0000000082000000, 0x0000000082000000|100%| O|  |TAMS 0x0000000081f00000, 0x0000000081f00000| Untracked 
|  32|0x0000000082000000, 0x0000000082100000, 0x0000000082100000|100%| O|  |TAMS 0x0000000082000000, 0x0000000082000000| Untracked 
|  33|0x0000000082100000, 0x0000000082200000, 0x0000000082200000|100%| O|  |TAMS 0x0000000082100000, 0x0000000082100000| Untracked 
|  34|0x0000000082200000, 0x0000000082200000, 0x0000000082300000|  0%| F|  |TAMS 0x0000000082200000, 0x0000000082200000| Untracked 
|  35|0x0000000082300000, 0x0000000082300000, 0x0000000082400000|  0%| F|  |TAMS 0x0000000082300000, 0x0000000082300000| Untracked 
|  36|0x0000000082400000, 0x0000000082400000, 0x0000000082500000|  0%| F|  |TAMS 0x0000000082400000, 0x0000000082400000| Untracked 
|  37|0x0000000082500000, 0x0000000082500000, 0x0000000082600000|  0%| F|  |TAMS 0x0000000082500000, 0x0000000082500000| Untracked 
|  38|0x0000000082600000, 0x0000000082600000, 0x0000000082700000|  0%| F|  |TAMS 0x0000000082600000, 0x0000000082600000| Untracked 
|  39|0x0000000082700000, 0x0000000082700000, 0x0000000082800000|  0%| F|  |TAMS 0x0000000082700000, 0x0000000082700000| Untracked 
|  40|0x0000000082800000, 0x0000000082800000, 0x0000000082900000|  0%| F|  |TAMS 0x0000000082800000, 0x0000000082800000| Untracked 
|  41|0x0000000082900000, 0x0000000082900000, 0x0000000082a00000|  0%| F|  |TAMS 0x0000000082900000, 0x0000000082900000| Untracked 
|  42|0x0000000082a00000, 0x0000000082a00000, 0x0000000082b00000|  0%| F|  |TAMS 0x0000000082a00000, 0x0000000082a00000| Untracked 
|  43|0x0000000082b00000, 0x0000000082b00000, 0x0000000082c00000|  0%| F|  |TAMS 0x0000000082b00000, 0x0000000082b00000| Untracked 
|  44|0x0000000082c00000, 0x0000000082c00000, 0x0000000082d00000|  0%| F|  |TAMS 0x0000000082c00000, 0x0000000082c00000| Untracked 
|  45|0x0000000082d00000, 0x0000000082d00000, 0x0000000082e00000|  0%| F|  |TAMS 0x0000000082d00000, 0x0000000082d00000| Untracked 
|  46|0x0000000082e00000, 0x0000000082e00000, 0x0000000082f00000|  0%| F|  |TAMS 0x0000000082e00000, 0x0000000082e00000| Untracked 
|  47|0x0000000082f00000, 0x0000000082f00000, 0x0000000083000000|  0%| F|  |TAMS 0x0000000082f00000, 0x0000000082f00000| Untracked 
|  48|0x0000000083000000, 0x0000000083000000, 0x0000000083100000|  0%| F|  |TAMS 0x0000000083000000, 0x0000000083000000| Untracked 
|  49|0x0000000083100000, 0x0000000083100000, 0x0000000083200000|  0%| F|  |TAMS 0x0000000083100000, 0x0000000083100000| Untracked 
|  50|0x0000000083200000, 0x0000000083200000, 0x0000000083300000|  0%| F|  |TAMS 0x0000000083200000, 0x0000000083200000| Untracked 
|  51|0x0000000083300000, 0x000000008335c810, 0x0000000083400000| 36%| S|CS|TAMS 0x0000000083300000, 0x0000000083300000| Complete 
|  52|0x0000000083400000, 0x0000000083500000, 0x0000000083500000|100%| S|CS|TAMS 0x0000000083400000, 0x0000000083400000| Complete 
|  53|0x0000000083500000, 0x0000000083600000, 0x0000000083600000|100%| S|CS|TAMS 0x0000000083500000, 0x0000000083500000| Complete 
|  54|0x0000000083600000, 0x0000000083700000, 0x0000000083700000|100%| S|CS|TAMS 0x0000000083600000, 0x0000000083600000| Complete 
|  55|0x0000000083700000, 0x0000000083700000, 0x0000000083800000|  0%| F|  |TAMS 0x0000000083700000, 0x0000000083700000| Untracked 
|  56|0x0000000083800000, 0x0000000083800000, 0x0000000083900000|  0%| F|  |TAMS 0x0000000083800000, 0x0000000083800000| Untracked 
|  57|0x0000000083900000, 0x0000000083900000, 0x0000000083a00000|  0%| F|  |TAMS 0x0000000083900000, 0x0000000083900000| Untracked 
|  58|0x0000000083a00000, 0x0000000083a00000, 0x0000000083b00000|  0%| F|  |TAMS 0x0000000083a00000, 0x0000000083a00000| Untracked 
|  59|0x0000000083b00000, 0x0000000083b00000, 0x0000000083c00000|  0%| F|  |TAMS 0x0000000083b00000, 0x0000000083b00000| Untracked 
|  60|0x0000000083c00000, 0x0000000083c00000, 0x0000000083d00000|  0%| F|  |TAMS 0x0000000083c00000, 0x0000000083c00000| Untracked 
|  61|0x0000000083d00000, 0x0000000083d00000, 0x0000000083e00000|  0%| F|  |TAMS 0x0000000083d00000, 0x0000000083d00000| Untracked 
|  62|0x0000000083e00000, 0x0000000083e00000, 0x0000000083f00000|  0%| F|  |TAMS 0x0000000083e00000, 0x0000000083e00000| Untracked 
|  63|0x0000000083f00000, 0x0000000083f00000, 0x0000000084000000|  0%| F|  |TAMS 0x0000000083f00000, 0x0000000083f00000| Untracked 
|  64|0x0000000084000000, 0x0000000084000000, 0x0000000084100000|  0%| F|  |TAMS 0x0000000084000000, 0x0000000084000000| Untracked 
|  65|0x0000000084100000, 0x0000000084100000, 0x0000000084200000|  0%| F|  |TAMS 0x0000000084100000, 0x0000000084100000| Untracked 
|  66|0x0000000084200000, 0x0000000084200000, 0x0000000084300000|  0%| F|  |TAMS 0x0000000084200000, 0x0000000084200000| Untracked 
|  67|0x0000000084300000, 0x0000000084300000, 0x0000000084400000|  0%| F|  |TAMS 0x0000000084300000, 0x0000000084300000| Untracked 
|  68|0x0000000084400000, 0x0000000084400000, 0x0000000084500000|  0%| F|  |TAMS 0x0000000084400000, 0x0000000084400000| Untracked 
|  69|0x0000000084500000, 0x0000000084500000, 0x0000000084600000|  0%| F|  |TAMS 0x0000000084500000, 0x0000000084500000| Untracked 
|  70|0x0000000084600000, 0x0000000084600000, 0x0000000084700000|  0%| F|  |TAMS 0x0000000084600000, 0x0000000084600000| Untracked 
|  71|0x0000000084700000, 0x0000000084700000, 0x0000000084800000|  0%| F|  |TAMS 0x0000000084700000, 0x0000000084700000| Untracked 
|  72|0x0000000084800000, 0x0000000084800000, 0x0000000084900000|  0%| F|  |TAMS 0x0000000084800000, 0x0000000084800000| Untracked 
|  73|0x0000000084900000, 0x0000000084900000, 0x0000000084a00000|  0%| F|  |TAMS 0x0000000084900000, 0x0000000084900000| Untracked 
|  74|0x0000000084a00000, 0x0000000084a00000, 0x0000000084b00000|  0%| F|  |TAMS 0x0000000084a00000, 0x0000000084a00000| Untracked 
|  75|0x0000000084b00000, 0x0000000084b00000, 0x0000000084c00000|  0%| F|  |TAMS 0x0000000084b00000, 0x0000000084b00000| Untracked 
|  76|0x0000000084c00000, 0x0000000084c00000, 0x0000000084d00000|  0%| F|  |TAMS 0x0000000084c00000, 0x0000000084c00000| Untracked 
|  77|0x0000000084d00000, 0x0000000084d00000, 0x0000000084e00000|  0%| F|  |TAMS 0x0000000084d00000, 0x0000000084d00000| Untracked 
|  78|0x0000000084e00000, 0x0000000084e00000, 0x0000000084f00000|  0%| F|  |TAMS 0x0000000084e00000, 0x0000000084e00000| Untracked 
|  79|0x0000000084f00000, 0x0000000084f00000, 0x0000000085000000|  0%| F|  |TAMS 0x0000000084f00000, 0x0000000084f00000| Untracked 
|  80|0x0000000085000000, 0x0000000085000000, 0x0000000085100000|  0%| F|  |TAMS 0x0000000085000000, 0x0000000085000000| Untracked 
|  81|0x0000000085100000, 0x0000000085100000, 0x0000000085200000|  0%| F|  |TAMS 0x0000000085100000, 0x0000000085100000| Untracked 
|  82|0x0000000085200000, 0x0000000085200000, 0x0000000085300000|  0%| F|  |TAMS 0x0000000085200000, 0x0000000085200000| Untracked 
|  83|0x0000000085300000, 0x0000000085300000, 0x0000000085400000|  0%| F|  |TAMS 0x0000000085300000, 0x0000000085300000| Untracked 
|  84|0x0000000085400000, 0x0000000085400000, 0x0000000085500000|  0%| F|  |TAMS 0x0000000085400000, 0x0000000085400000| Untracked 
|  85|0x0000000085500000, 0x0000000085500000, 0x0000000085600000|  0%| F|  |TAMS 0x0000000085500000, 0x0000000085500000| Untracked 
|  86|0x0000000085600000, 0x0000000085600000, 0x0000000085700000|  0%| F|  |TAMS 0x0000000085600000, 0x0000000085600000| Untracked 
|  87|0x0000000085700000, 0x0000000085700000, 0x0000000085800000|  0%| F|  |TAMS 0x0000000085700000, 0x0000000085700000| Untracked 
|  88|0x0000000085800000, 0x0000000085800000, 0x0000000085900000|  0%| F|  |TAMS 0x0000000085800000, 0x0000000085800000| Untracked 
|  89|0x0000000085900000, 0x0000000085980000, 0x0000000085a00000| 50%| E|  |TAMS 0x0000000085900000, 0x0000000085900000| Complete 
|  90|0x0000000085a00000, 0x0000000085b00000, 0x0000000085b00000|100%| E|CS|TAMS 0x0000000085a00000, 0x0000000085a00000| Complete 
|  91|0x0000000085b00000, 0x0000000085c00000, 0x0000000085c00000|100%| E|CS|TAMS 0x0000000085b00000, 0x0000000085b00000| Complete 
|  92|0x0000000085c00000, 0x0000000085d00000, 0x0000000085d00000|100%| E|CS|TAMS 0x0000000085c00000, 0x0000000085c00000| Complete 
|  93|0x0000000085d00000, 0x0000000085e00000, 0x0000000085e00000|100%| E|CS|TAMS 0x0000000085d00000, 0x0000000085d00000| Complete 
|  94|0x0000000085e00000, 0x0000000085f00000, 0x0000000085f00000|100%| E|CS|TAMS 0x0000000085e00000, 0x0000000085e00000| Complete 
|  95|0x0000000085f00000, 0x0000000086000000, 0x0000000086000000|100%| E|CS|TAMS 0x0000000085f00000, 0x0000000085f00000| Complete 
|  96|0x0000000086000000, 0x0000000086100000, 0x0000000086100000|100%| E|CS|TAMS 0x0000000086000000, 0x0000000086000000| Complete 
|  97|0x0000000086100000, 0x0000000086200000, 0x0000000086200000|100%| E|CS|TAMS 0x0000000086100000, 0x0000000086100000| Complete 
|  98|0x0000000086200000, 0x0000000086300000, 0x0000000086300000|100%| E|CS|TAMS 0x0000000086200000, 0x0000000086200000| Complete 
|  99|0x0000000086300000, 0x0000000086400000, 0x0000000086400000|100%| E|CS|TAMS 0x0000000086300000, 0x0000000086300000| Complete 
| 123|0x0000000087b00000, 0x0000000087c00000, 0x0000000087c00000|100%| E|CS|TAMS 0x0000000087b00000, 0x0000000087b00000| Complete 

Card table byte_map: [0x000001e6cfe80000,0x000001e6d0280000] _byte_map_base: 0x000001e6cfa80000

Marking Bits (Prev, Next): (CMBitMap*) 0x000001e6b8c73740, (CMBitMap*) 0x000001e6b8c73780
 Prev Bits: [0x000001e6d0680000, 0x000001e6d2680000)
 Next Bits: [0x000001e6d2680000, 0x000001e6d4680000)

Polling page: 0x000001e6b6ae0000

Metaspace:

Usage:
  Non-class:     38.65 MB used.
      Class:      6.29 MB used.
       Both:     44.94 MB used.

Virtual space:
  Non-class space:       64.00 MB reserved,      38.94 MB ( 61%) committed,  1 nodes.
      Class space:      416.00 MB reserved,       6.56 MB (  2%) committed,  1 nodes.
             Both:      480.00 MB reserved,      45.50 MB (  9%) committed. 

Chunk freelists:
   Non-Class:  9.02 MB
       Class:  9.39 MB
        Both:  18.41 MB

MaxMetaspaceSize: 512.00 MB
CompressedClassSpaceSize: 416.00 MB
Initial GC threshold: 21.00 MB
Current GC threshold: 58.75 MB
CDS: on
MetaspaceReclaimPolicy: balanced
 - commit_granule_bytes: 65536.
 - commit_granule_words: 8192.
 - virtual_space_node_default_size: 8388608.
 - enlarge_chunks_in_place: 1.
 - new_chunks_are_fully_committed: 0.
 - uncommit_free_chunks: 1.
 - use_allocation_guard: 0.
 - handle_deallocations: 1.


Internal statistics:

num_allocs_failed_limit: 6.
num_arena_births: 670.
num_arena_deaths: 0.
num_vsnodes_births: 2.
num_vsnodes_deaths: 0.
num_space_committed: 728.
num_space_uncommitted: 0.
num_chunks_returned_to_freelist: 6.
num_chunks_taken_from_freelist: 2549.
num_chunk_merges: 6.
num_chunk_splits: 1650.
num_chunks_enlarged: 1119.
num_inconsistent_stats: 0.

CodeHeap 'non-profiled nmethods': size=120000Kb used=2738Kb max_used=2738Kb free=117261Kb
 bounds [0x000001e6c8210000, 0x000001e6c84c0000, 0x000001e6cf740000]
CodeHeap 'profiled nmethods': size=120000Kb used=10438Kb max_used=10438Kb free=109561Kb
 bounds [0x000001e6c0740000, 0x000001e6c1180000, 0x000001e6c7c70000]
CodeHeap 'non-nmethods': size=5760Kb used=2342Kb max_used=2373Kb free=3418Kb
 bounds [0x000001e6c7c70000, 0x000001e6c7ee0000, 0x000001e6c8210000]
 total_blobs=5953 nmethods=5104 adapters=760
 compilation: enabled
              stopped_count=0, restarted_count=0
 full_count=0

Compilation events (20 events):
Event: 11.869 Thread 0x000001e6d70e3270 5110       3       java.lang.invoke.BoundMethodHandle::rebind (14 bytes)
Event: 11.870 Thread 0x000001e6d70e3270 nmethod 5110 0x000001e6c1163010 code [0x000001e6c1163200, 0x000001e6c1163748]
Event: 11.870 Thread 0x000001e6d70e3270 5111       3       java.lang.invoke.BoundMethodHandle::tooComplex (27 bytes)
Event: 11.870 Thread 0x000001e6d70e3270 nmethod 5111 0x000001e6c1163910 code [0x000001e6c1163ae0, 0x000001e6c1163f38]
Event: 11.870 Thread 0x000001e6d70e3270 5112       3       java.lang.invoke.BoundMethodHandle::fieldCount (8 bytes)
Event: 11.870 Thread 0x000001e6d70e3270 nmethod 5112 0x000001e6c1164110 code [0x000001e6c11642c0, 0x000001e6c11645b8]
Event: 11.870 Thread 0x000001e6d70e3270 5113       3       java.lang.invoke.LambdaForm::expressionCount (11 bytes)
Event: 11.870 Thread 0x000001e6d70e3270 nmethod 5113 0x000001e6c1164710 code [0x000001e6c11648a0, 0x000001e6c11649b8]
Event: 11.870 Thread 0x000001e6d70e3270 5114       3       java.lang.invoke.MethodHandles$Lookup$ClassFile::newInstanceNoCheck (11 bytes)
Event: 11.870 Thread 0x000001e6d70e3270 nmethod 5114 0x000001e6c1164a90 code [0x000001e6c1164c40, 0x000001e6c1164ef8]
Event: 11.871 Thread 0x000001e6d70e3270 5117       3       java.lang.invoke.InvokerBytecodeGenerator::<init> (12 bytes)
Event: 11.871 Thread 0x000001e6d70e3270 nmethod 5117 0x000001e6c1165010 code [0x000001e6c11651c0, 0x000001e6c1165358]
Event: 11.871 Thread 0x000001e6d70e3270 5115       3       java.lang.invoke.InvokerBytecodeGenerator::classDataValues (265 bytes)
Event: 11.872 Thread 0x000001e6d70e3270 nmethod 5115 0x000001e6c1165490 code [0x000001e6c1165980, 0x000001e6c1168f18]
Event: 11.872 Thread 0x000001e6d70e3270 5119       3       java.lang.invoke.LambdaFormBuffer::clearDuplicatesAndNulls (268 bytes)
Event: 11.873 Thread 0x000001e6d70e3270 nmethod 5119 0x000001e6c1169a90 code [0x000001e6c1169d20, 0x000001e6c116acd8]
Event: 11.873 Thread 0x000001e6d70e3270 5116   !   3       java.lang.invoke.InvokerBytecodeGenerator::resolveInvokerMember (43 bytes)
Event: 11.874 Thread 0x000001e6d70e3270 nmethod 5116 0x000001e6c116b210 code [0x000001e6c116b3e0, 0x000001e6c116b728]
Event: 11.889 Thread 0x000001e6d70e3270 5120   !   3       java.util.concurrent.ConcurrentHashMap::computeIfAbsent (576 bytes)
Event: 11.892 Thread 0x000001e6d70e3270 nmethod 5120 0x000001e6c116b890 code [0x000001e6c116bca0, 0x000001e6c116dfb8]

GC Heap History (20 events):
Event: 5.695 GC heap before
{Heap before GC invocations=3 (full 0):
 garbage-first heap   total 126976K, used 86545K [0x0000000080000000, 0x0000000100000000)
  region size 1024K, 73 young (74752K), 4 survivors (4096K)
 Metaspace       used 16888K, committed 17216K, reserved 491520K
  class space    used 2379K, committed 2560K, reserved 425984K
}
Event: 5.706 GC heap after
{Heap after GC invocations=4 (full 0):
 garbage-first heap   total 126976K, used 21374K [0x0000000080000000, 0x0000000100000000)
  region size 1024K, 10 young (10240K), 10 survivors (10240K)
 Metaspace       used 16888K, committed 17216K, reserved 491520K
  class space    used 2379K, committed 2560K, reserved 425984K
}
Event: 6.778 GC heap before
{Heap before GC invocations=4 (full 0):
 garbage-first heap   total 126976K, used 61310K [0x0000000080000000, 0x0000000100000000)
  region size 1024K, 50 young (51200K), 10 survivors (10240K)
 Metaspace       used 21194K, committed 21504K, reserved 491520K
  class space    used 3092K, committed 3264K, reserved 425984K
}
Event: 6.788 GC heap after
{Heap after GC invocations=5 (full 0):
 garbage-first heap   total 126976K, used 24039K [0x0000000080000000, 0x0000000100000000)
  region size 1024K, 3 young (3072K), 3 survivors (3072K)
 Metaspace       used 21194K, committed 21504K, reserved 491520K
  class space    used 3092K, committed 3264K, reserved 425984K
}
Event: 8.046 GC heap before
{Heap before GC invocations=6 (full 0):
 garbage-first heap   total 86016K, used 72167K [0x0000000080000000, 0x0000000100000000)
  region size 1024K, 50 young (51200K), 3 survivors (3072K)
 Metaspace       used 27343K, committed 27712K, reserved 491520K
  class space    used 4057K, committed 4224K, reserved 425984K
}
Event: 8.053 GC heap after
{Heap after GC invocations=7 (full 0):
 garbage-first heap   total 86016K, used 26872K [0x0000000080000000, 0x0000000100000000)
  region size 1024K, 6 young (6144K), 6 survivors (6144K)
 Metaspace       used 27343K, committed 27712K, reserved 491520K
  class space    used 4057K, committed 4224K, reserved 425984K
}
Event: 8.077 GC heap before
{Heap before GC invocations=7 (full 0):
 garbage-first heap   total 86016K, used 27896K [0x0000000080000000, 0x0000000100000000)
  region size 1024K, 7 young (7168K), 6 survivors (6144K)
 Metaspace       used 27631K, committed 28032K, reserved 491520K
  class space    used 4059K, committed 4224K, reserved 425984K
}
Event: 8.083 GC heap after
{Heap after GC invocations=8 (full 0):
 garbage-first heap   total 86016K, used 27196K [0x0000000080000000, 0x0000000100000000)
  region size 1024K, 1 young (1024K), 1 survivors (1024K)
 Metaspace       used 27631K, committed 28032K, reserved 491520K
  class space    used 4059K, committed 4224K, reserved 425984K
}
Event: 8.843 GC heap before
{Heap before GC invocations=8 (full 0):
 garbage-first heap   total 86016K, used 63036K [0x0000000080000000, 0x0000000100000000)
  region size 1024K, 37 young (37888K), 1 survivors (1024K)
 Metaspace       used 32006K, committed 32384K, reserved 491520K
  class space    used 4498K, committed 4672K, reserved 425984K
}
Event: 8.847 GC heap after
{Heap after GC invocations=9 (full 0):
 garbage-first heap   total 86016K, used 30044K [0x0000000080000000, 0x0000000100000000)
  region size 1024K, 4 young (4096K), 4 survivors (4096K)
 Metaspace       used 32006K, committed 32384K, reserved 491520K
  class space    used 4498K, committed 4672K, reserved 425984K
}
Event: 9.496 GC heap before
{Heap before GC invocations=9 (full 0):
 garbage-first heap   total 86016K, used 61788K [0x0000000080000000, 0x0000000100000000)
  region size 1024K, 32 young (32768K), 4 survivors (4096K)
 Metaspace       used 35533K, committed 35968K, reserved 491520K
  class space    used 4908K, committed 5120K, reserved 425984K
}
Event: 9.504 GC heap after
{Heap after GC invocations=10 (full 0):
 garbage-first heap   total 86016K, used 32502K [0x0000000080000000, 0x0000000100000000)
  region size 1024K, 3 young (3072K), 3 survivors (3072K)
 Metaspace       used 35533K, committed 35968K, reserved 491520K
  class space    used 4908K, committed 5120K, reserved 425984K
}
Event: 10.274 GC heap before
{Heap before GC invocations=11 (full 0):
 garbage-first heap   total 86016K, used 66294K [0x0000000080000000, 0x0000000100000000)
  region size 1024K, 35 young (35840K), 3 survivors (3072K)
 Metaspace       used 39320K, committed 39872K, reserved 491520K
  class space    used 5396K, committed 5696K, reserved 425984K
}
Event: 10.279 GC heap after
{Heap after GC invocations=12 (full 0):
 garbage-first heap   total 86016K, used 33651K [0x0000000080000000, 0x0000000100000000)
  region size 1024K, 2 young (2048K), 2 survivors (2048K)
 Metaspace       used 39320K, committed 39872K, reserved 491520K
  class space    used 5396K, committed 5696K, reserved 425984K
}
Event: 10.289 GC heap before
{Heap before GC invocations=12 (full 0):
 garbage-first heap   total 86016K, used 35699K [0x0000000080000000, 0x0000000100000000)
  region size 1024K, 4 young (4096K), 2 survivors (2048K)
 Metaspace       used 39320K, committed 39872K, reserved 491520K
  class space    used 5396K, committed 5696K, reserved 425984K
}
Event: 10.294 GC heap after
{Heap after GC invocations=13 (full 0):
 garbage-first heap   total 86016K, used 33760K [0x0000000080000000, 0x0000000100000000)
  region size 1024K, 1 young (1024K), 1 survivors (1024K)
 Metaspace       used 39320K, committed 39872K, reserved 491520K
  class space    used 5396K, committed 5696K, reserved 425984K
}
Event: 10.664 GC heap before
{Heap before GC invocations=13 (full 0):
 garbage-first heap   total 86016K, used 66528K [0x0000000080000000, 0x0000000100000000)
  region size 1024K, 33 young (33792K), 1 survivors (1024K)
 Metaspace       used 40404K, committed 40960K, reserved 491520K
  class space    used 5571K, committed 5824K, reserved 425984K
}
Event: 10.666 GC heap after
{Heap after GC invocations=14 (full 0):
 garbage-first heap   total 103424K, used 34896K [0x0000000080000000, 0x0000000100000000)
  region size 1024K, 2 young (2048K), 2 survivors (2048K)
 Metaspace       used 40404K, committed 40960K, reserved 491520K
  class space    used 5571K, committed 5824K, reserved 425984K
}
Event: 11.672 GC heap before
{Heap before GC invocations=14 (full 0):
 garbage-first heap   total 103424K, used 82000K [0x0000000080000000, 0x0000000100000000)
  region size 1024K, 48 young (49152K), 2 survivors (2048K)
 Metaspace       used 44961K, committed 45568K, reserved 491520K
  class space    used 6305K, committed 6592K, reserved 425984K
}
Event: 11.676 GC heap after
{Heap after GC invocations=15 (full 0):
 garbage-first heap   total 103424K, used 36979K [0x0000000080000000, 0x0000000100000000)
  region size 1024K, 4 young (4096K), 4 survivors (4096K)
 Metaspace       used 44961K, committed 45568K, reserved 491520K
  class space    used 6305K, committed 6592K, reserved 425984K
}

Dll operation events (15 events):
Event: 0.012 Loaded shared library C:\Program Files\Microsoft\jdk-17.0.14.7-hotspot\bin\java.dll
Event: 0.040 Loaded shared library C:\Program Files\Microsoft\jdk-17.0.14.7-hotspot\bin\jsvml.dll
Event: 0.101 Loaded shared library C:\Program Files\Microsoft\jdk-17.0.14.7-hotspot\bin\zip.dll
Event: 0.108 Loaded shared library C:\Program Files\Microsoft\jdk-17.0.14.7-hotspot\bin\instrument.dll
Event: 0.115 Loaded shared library C:\Program Files\Microsoft\jdk-17.0.14.7-hotspot\bin\net.dll
Event: 0.117 Loaded shared library C:\Program Files\Microsoft\jdk-17.0.14.7-hotspot\bin\nio.dll
Event: 0.120 Loaded shared library C:\Program Files\Microsoft\jdk-17.0.14.7-hotspot\bin\zip.dll
Event: 0.487 Loaded shared library C:\Program Files\Microsoft\jdk-17.0.14.7-hotspot\bin\jimage.dll
Event: 0.706 Loaded shared library C:\Program Files\Microsoft\jdk-17.0.14.7-hotspot\bin\verify.dll
Event: 0.817 Loaded shared library C:\Users\DELL\.gradle\native\1def1411415f61bf3af743bc5b6707747c0891f09f0c88961ee8f79bc544acac\windows-amd64\native-platform.dll
Event: 0.830 Loaded shared library C:\Users\DELL\.gradle\native\0.2.7\x86_64-windows-gnu\gradle-fileevents.dll
Event: 3.046 Loaded shared library C:\Program Files\Microsoft\jdk-17.0.14.7-hotspot\bin\management.dll
Event: 3.058 Loaded shared library C:\Program Files\Microsoft\jdk-17.0.14.7-hotspot\bin\management_ext.dll
Event: 3.553 Loaded shared library C:\Program Files\Microsoft\jdk-17.0.14.7-hotspot\bin\extnet.dll
Event: 4.075 Loaded shared library C:\Program Files\Microsoft\jdk-17.0.14.7-hotspot\bin\sunmscapi.dll

Deoptimization events (20 events):
Event: 11.693 Thread 0x000001e6fa354560 DEOPT PACKING pc=0x000001e6c0b55efc sp=0x0000003576ffd780
Event: 11.693 Thread 0x000001e6fa354560 DEOPT UNPACKING pc=0x000001e6c7ccace3 sp=0x0000003576ffcd00 mode 0
Event: 11.695 Thread 0x000001e6f82a7480 Uncommon trap: trap_request=0xffffff45 fr.pc=0x000001e6c846a63c relative=0x00000000000013dc
Event: 11.695 Thread 0x000001e6f82a7480 Uncommon trap: reason=unstable_if action=reinterpret pc=0x000001e6c846a63c method=java.util.concurrent.ConcurrentHashMap.computeIfAbsent(Ljava/lang/Object;Ljava/util/function/Function;)Ljava/lang/Object; @ 279 c2
Event: 11.695 Thread 0x000001e6f82a7480 DEOPT PACKING pc=0x000001e6c846a63c sp=0x00000035754f4d50
Event: 11.695 Thread 0x000001e6f82a7480 DEOPT UNPACKING pc=0x000001e6c7cca1a3 sp=0x00000035754f4cc8 mode 2
Event: 11.704 Thread 0x000001e6f82a6a60 DEOPT PACKING pc=0x000001e6c0829bb7 sp=0x00000035757feed0
Event: 11.704 Thread 0x000001e6f82a6a60 DEOPT UNPACKING pc=0x000001e6c7ccace3 sp=0x00000035757fe368 mode 0
Event: 11.768 Thread 0x000001e6f82a7480 Uncommon trap: trap_request=0xffffffc6 fr.pc=0x000001e6c8281614 relative=0x0000000000001eb4
Event: 11.768 Thread 0x000001e6f82a7480 Uncommon trap: reason=bimorphic_or_optimized_type_check action=maybe_recompile pc=0x000001e6c8281614 method=java.util.HashMap.putVal(ILjava/lang/Object;Ljava/lang/Object;ZZ)Ljava/lang/Object; @ 91 c2
Event: 11.768 Thread 0x000001e6f82a7480 DEOPT PACKING pc=0x000001e6c8281614 sp=0x00000035754f5b80
Event: 11.768 Thread 0x000001e6f82a7480 DEOPT UNPACKING pc=0x000001e6c7cca1a3 sp=0x00000035754f5a48 mode 2
Event: 11.769 Thread 0x000001e6f82a7480 Uncommon trap: trap_request=0xffffffc6 fr.pc=0x000001e6c8281614 relative=0x0000000000001eb4
Event: 11.769 Thread 0x000001e6f82a7480 Uncommon trap: reason=bimorphic_or_optimized_type_check action=maybe_recompile pc=0x000001e6c8281614 method=java.util.HashMap.putVal(ILjava/lang/Object;Ljava/lang/Object;ZZ)Ljava/lang/Object; @ 91 c2
Event: 11.769 Thread 0x000001e6f82a7480 DEOPT PACKING pc=0x000001e6c8281614 sp=0x00000035754f5b80
Event: 11.769 Thread 0x000001e6f82a7480 DEOPT UNPACKING pc=0x000001e6c7cca1a3 sp=0x00000035754f5a48 mode 2
Event: 11.794 Thread 0x000001e6f82a7480 Uncommon trap: trap_request=0xffffff45 fr.pc=0x000001e6c84a3bdc relative=0x000000000000013c
Event: 11.794 Thread 0x000001e6f82a7480 Uncommon trap: reason=unstable_if action=reinterpret pc=0x000001e6c84a3bdc method=sun.instrument.TransformerManager.transform(Ljava/lang/Module;Ljava/lang/ClassLoader;Ljava/lang/String;Ljava/lang/Class;Ljava/security/ProtectionDomain;[B)[B @ 66 c2
Event: 11.794 Thread 0x000001e6f82a7480 DEOPT PACKING pc=0x000001e6c84a3bdc sp=0x00000035754f4df0
Event: 11.794 Thread 0x000001e6f82a7480 DEOPT UNPACKING pc=0x000001e6c7cca1a3 sp=0x00000035754f4d68 mode 2

Classes loaded (20 events):
Event: 11.132 Loading class javax/naming/NamingException
Event: 11.133 Loading class javax/naming/NamingException done
Event: 11.133 Loading class javax/naming/InvalidNameException
Event: 11.133 Loading class javax/naming/InvalidNameException done
Event: 11.570 Loading class sun/reflect/ReflectionFactory
Event: 11.571 Loading class sun/reflect/ReflectionFactory done
Event: 11.571 Loading class sun/reflect/ReflectionFactory$1
Event: 11.571 Loading class sun/reflect/ReflectionFactory$1 done
Event: 11.641 Loading class java/nio/channels/Channels
Event: 11.642 Loading class java/nio/channels/Channels done
Event: 11.642 Loading class sun/nio/ch/ChannelInputStream
Event: 11.642 Loading class sun/nio/ch/ChannelInputStream done
Event: 11.771 Loading class java/util/stream/SortedOps
Event: 11.772 Loading class java/util/stream/SortedOps done
Event: 11.772 Loading class java/util/stream/SortedOps$OfRef
Event: 11.772 Loading class java/util/stream/SortedOps$OfRef done
Event: 11.774 Loading class java/util/stream/SortedOps$SizedRefSortingSink
Event: 11.774 Loading class java/util/stream/SortedOps$AbstractRefSortingSink
Event: 11.774 Loading class java/util/stream/SortedOps$AbstractRefSortingSink done
Event: 11.774 Loading class java/util/stream/SortedOps$SizedRefSortingSink done

Classes unloaded (0 events):
No events

Classes redefined (0 events):
No events

Internal exceptions (20 events):
Event: 10.582 Thread 0x000001e6f82a7480 Exception <a 'java/lang/NoSuchMethodError'{0x00000000836632e0}: 'java.lang.Object java.lang.invoke.DirectMethodHandle$Holder.newInvokeSpecial(java.lang.Object, java.lang.Object, java.lang.Object, java.lang.Object, int)'> (0x00000000836632e0) 
thrown [s\src\hotspot\share\interpreter\linkResolver.cpp, line 759]
Event: 10.582 Thread 0x000001e6f82a7480 Exception <a 'java/lang/NoSuchMethodError'{0x00000000836688b0}: 'java.lang.Object java.lang.invoke.DirectMethodHandle$Holder.invokeSpecial(java.lang.Object, java.lang.Object, java.lang.Object, java.lang.Object, java.lang.Object, int)'> (0x00000000836688b0) 
thrown [s\src\hotspot\share\interpreter\linkResolver.cpp, line 759]
Event: 10.583 Thread 0x000001e6f82a7480 Exception <a 'java/lang/NoSuchMethodError'{0x000000008366d830}: 'java.lang.Object java.lang.invoke.Invokers$Holder.linkToTargetMethod(java.lang.Object, java.lang.Object, java.lang.Object, int, java.lang.Object)'> (0x000000008366d830) 
thrown [s\src\hotspot\share\interpreter\linkResolver.cpp, line 759]
Event: 10.609 Thread 0x000001e6f82a7480 Exception <a 'java/lang/NoSuchMethodError'{0x00000000835b6568}: 'void java.lang.invoke.DirectMethodHandle$Holder.invokeSpecial(java.lang.Object, java.lang.Object, java.lang.Object, java.lang.Object, java.lang.Object, java.lang.Object)'> (0x00000000835b6568) 
thrown [s\src\hotspot\share\interpreter\linkResolver.cpp, line 759]
Event: 10.633 Thread 0x000001e6f82a7480 Exception <a 'java/lang/NoSuchMethodError'{0x00000000834b5c88}: 'int java.lang.invoke.DirectMethodHandle$Holder.invokeInterface(java.lang.Object, java.lang.Object, java.lang.Object, java.lang.Object)'> (0x00000000834b5c88) 
thrown [s\src\hotspot\share\interpreter\linkResolver.cpp, line 759]
Event: 10.696 Thread 0x000001e6f82a7480 Exception <a 'java/lang/NoSuchMethodError'{0x0000000086351450}: 'java.lang.Object java.lang.invoke.DirectMethodHandle$Holder.invokeStatic(java.lang.Object, long, java.lang.Object)'> (0x0000000086351450) 
thrown [s\src\hotspot\share\interpreter\linkResolver.cpp, line 759]
Event: 10.697 Thread 0x000001e6f82a7480 Exception <a 'java/lang/NoSuchMethodError'{0x0000000086359aa0}: 'java.lang.Object java.lang.invoke.DirectMethodHandle$Holder.newInvokeSpecial(java.lang.Object, long)'> (0x0000000086359aa0) 
thrown [s\src\hotspot\share\interpreter\linkResolver.cpp, line 759]
Event: 10.709 Thread 0x000001e6f82a7480 Exception <a 'java/lang/NoSuchMethodError'{0x00000000863defa0}: 'java.lang.Object java.lang.invoke.Invokers$Holder.linkToTargetMethod(java.lang.Object, java.lang.Object, java.lang.Object, java.lang.Object, long, java.lang.Object, java.lang.Object)'> (0x00000000863defa0) 
thrown [s\src\hotspot\share\interpreter\linkResolver.cpp, line 759]
Event: 10.716 Thread 0x000001e6f82a7480 Exception <a 'java/lang/NoSuchMethodError'{0x00000000862261b0}: 'java.lang.Object java.lang.invoke.DirectMethodHandle$Holder.newInvokeSpecial(java.lang.Object, java.lang.Object, java.lang.Object, long, java.lang.Object)'> (0x00000000862261b0) 
thrown [s\src\hotspot\share\interpreter\linkResolver.cpp, line 759]
Event: 10.716 Thread 0x000001e6f82a7480 Exception <a 'java/lang/NoSuchMethodError'{0x000000008622b878}: 'java.lang.Object java.lang.invoke.DirectMethodHandle$Holder.invokeSpecial(java.lang.Object, java.lang.Object, java.lang.Object, java.lang.Object, long, java.lang.Object)'> (0x000000008622b878) 
thrown [s\src\hotspot\share\interpreter\linkResolver.cpp, line 759]
Event: 10.717 Thread 0x000001e6f82a7480 Exception <a 'java/lang/NoSuchMethodError'{0x00000000862305f8}: 'java.lang.Object java.lang.invoke.Invokers$Holder.linkToTargetMethod(java.lang.Object, java.lang.Object, long, java.lang.Object, java.lang.Object)'> (0x00000000862305f8) 
thrown [s\src\hotspot\share\interpreter\linkResolver.cpp, line 759]
Event: 10.835 Thread 0x000001e6f82a7480 Implicit null exception at 0x000001e6c83e596c to 0x000001e6c83e5a14
Event: 11.043 Thread 0x000001e6f82a7480 Exception <a 'java/lang/NoSuchMethodError'{0x00000000856ab3e8}: 'java.lang.Object java.lang.invoke.DirectMethodHandle$Holder.newInvokeSpecial(java.lang.Object, int, java.lang.Object)'> (0x00000000856ab3e8) 
thrown [s\src\hotspot\share\interpreter\linkResolver.cpp, line 759]
Event: 11.276 Thread 0x000001e6f82a7480 Exception <a 'java/lang/NoSuchMethodError'{0x000000008491b320}: 'int java.lang.invoke.DirectMethodHandle$Holder.invokeSpecialIFC(java.lang.Object, java.lang.Object, java.lang.Object)'> (0x000000008491b320) 
thrown [s\src\hotspot\share\interpreter\linkResolver.cpp, line 759]
Event: 11.379 Thread 0x000001e6f82a7480 Exception <a 'java/lang/NoSuchMethodError'{0x000000008440d5c8}: 'void java.lang.invoke.DirectMethodHandle$Holder.invokeStatic(java.lang.Object, java.lang.Object, java.lang.Object, int, java.lang.Object)'> (0x000000008440d5c8) 
thrown [s\src\hotspot\share\interpreter\linkResolver.cpp, line 759]
Event: 11.412 Thread 0x000001e6f82a7480 Exception <a 'java/lang/NoSuchMethodError'{0x00000000842121b8}: 'int java.lang.invoke.DirectMethodHandle$Holder.invokeInterface(java.lang.Object, java.lang.Object, java.lang.Object, java.lang.Object, java.lang.Object)'> (0x00000000842121b8) 
thrown [s\src\hotspot\share\interpreter\linkResolver.cpp, line 759]
Event: 11.484 Thread 0x000001e6f82a7480 Exception <a 'java/lang/NoSuchMethodError'{0x00000000840d1b30}: 'java.lang.Object java.lang.invoke.DirectMethodHandle$Holder.invokeSpecial(java.lang.Object, java.lang.Object, long, java.lang.Object, java.lang.Object)'> (0x00000000840d1b30) 
thrown [s\src\hotspot\share\interpreter\linkResolver.cpp, line 759]
Event: 11.578 Thread 0x000001e6f82a7480 Exception <a 'java/lang/NoSuchMethodError'{0x0000000083b7a350}: 'java.lang.Object java.lang.invoke.DirectMethodHandle$Holder.newInvokeSpecial(java.lang.Object, java.lang.Object, java.lang.Object, java.lang.Object, int, java.lang.Object)'> (0x0000000083b7a350) 
thrown [s\src\hotspot\share\interpreter\linkResolver.cpp, line 759]
Event: 11.578 Thread 0x000001e6f82a7480 Exception <a 'java/lang/NoSuchMethodError'{0x0000000083b85388}: 'java.lang.Object java.lang.invoke.Invokers$Holder.linkToTargetMethod(java.lang.Object, java.lang.Object, java.lang.Object, int, java.lang.Object, java.lang.Object)'> (0x0000000083b85388) 
thrown [s\src\hotspot\share\interpreter\linkResolver.cpp, line 759]
Event: 11.682 Thread 0x000001e6f82a7480 Exception <a 'java/lang/NoSuchMethodError'{0x0000000087b29f38}: 'java.lang.Object java.lang.invoke.DirectMethodHandle$Holder.invokeSpecialIFC(java.lang.Object, java.lang.Object, java.lang.Object)'> (0x0000000087b29f38) 
thrown [s\src\hotspot\share\interpreter\linkResolver.cpp, line 759]

VM Operations (20 events):
Event: 9.547 Executing VM operation: G1PauseCleanup
Event: 9.547 Executing VM operation: G1PauseCleanup done
Event: 10.274 Executing VM operation: G1CollectForAllocation
Event: 10.279 Executing VM operation: G1CollectForAllocation done
Event: 10.289 Executing VM operation: G1CollectForAllocation
Event: 10.294 Executing VM operation: G1CollectForAllocation done
Event: 10.572 Executing VM operation: HandshakeAllThreads
Event: 10.572 Executing VM operation: HandshakeAllThreads done
Event: 10.623 Executing VM operation: HandshakeAllThreads
Event: 10.623 Executing VM operation: HandshakeAllThreads done
Event: 10.631 Executing VM operation: HandshakeAllThreads
Event: 10.632 Executing VM operation: HandshakeAllThreads done
Event: 10.663 Executing VM operation: G1CollectForAllocation
Event: 10.666 Executing VM operation: G1CollectForAllocation done
Event: 11.467 Executing VM operation: HandshakeAllThreads
Event: 11.467 Executing VM operation: HandshakeAllThreads done
Event: 11.552 Executing VM operation: HandshakeAllThreads
Event: 11.552 Executing VM operation: HandshakeAllThreads done
Event: 11.672 Executing VM operation: G1CollectForAllocation
Event: 11.676 Executing VM operation: G1CollectForAllocation done

Memory protections (0 events):
No events

Nmethod flushes (0 events):
No events

Events (20 events):
Event: 5.343 Thread 0x000001e6f82a7480 Thread added: 0x000001e6f82a7990
Event: 6.422 Thread 0x000001e6f83a9fd0 Thread exited: 0x000001e6f83a9fd0
Event: 6.640 Thread 0x000001e6f82a7480 Thread added: 0x000001e6f82a6040
Event: 6.684 Thread 0x000001e6f82a7480 Thread added: 0x000001e6f82a8dd0
Event: 6.995 Thread 0x000001e6f82a7480 Thread added: 0x000001e6f82a6550
Event: 7.008 Thread 0x000001e6f82a7480 Thread added: 0x000001e6fa355490
Event: 7.568 Thread 0x000001e6f82a7480 Thread added: 0x000001e6fa3568d0
Event: 7.639 Thread 0x000001e6f82a7480 Thread added: 0x000001e6fa3572f0
Event: 8.883 Thread 0x000001e6f82a7480 Thread added: 0x000001e6fa355eb0
Event: 8.921 Thread 0x000001e6f82a7480 Thread added: 0x000001e6fa3563c0
Event: 9.259 Thread 0x000001e6f82a7480 Thread added: 0x000001e6fa35afb0
Event: 9.686 Thread 0x000001e6f82a7480 Thread added: 0x000001e6fa35b4c0
Event: 9.736 Thread 0x000001e6f82a7480 Thread added: 0x000001e6fa357d10
Event: 9.944 Thread 0x000001e6f82a7480 Thread added: 0x000001e6fa354050
Event: 11.539 Thread 0x000001e6f82a7480 Thread added: 0x000001e6fa35a590
Event: 11.539 Thread 0x000001e6f82a7480 Thread added: 0x000001e6fa357800
Event: 11.615 Thread 0x000001e6f82a7480 Thread added: 0x000001e6fa35aaa0
Event: 11.618 Thread 0x000001e6f82a7480 Thread added: 0x000001e6fa35b9d0
Event: 11.683 Thread 0x000001e6f82a7480 Thread added: 0x000001e6fa354560
Event: 11.686 Thread 0x000001e6f82a7480 Thread added: 0x000001e6fa358220


Dynamic libraries:
0x00007ff7c89a0000 - 0x00007ff7c89ae000 	C:\Program Files\Microsoft\jdk-17.0.14.7-hotspot\bin\java.exe
0x00007ff8529b0000 - 0x00007ff852bc7000 	C:\WINDOWS\SYSTEM32\ntdll.dll
0x00007ff8514e0000 - 0x00007ff8515a4000 	C:\WINDOWS\System32\KERNEL32.DLL
0x00007ff84fac0000 - 0x00007ff84fe93000 	C:\WINDOWS\System32\KERNELBASE.dll
0x00007ff84fea0000 - 0x00007ff84ffb1000 	C:\WINDOWS\System32\ucrtbase.dll
0x00007ff847850000 - 0x00007ff84786d000 	C:\Program Files\Microsoft\jdk-17.0.14.7-hotspot\bin\VCRUNTIME140.dll
0x00007ff84f320000 - 0x00007ff84f337000 	C:\Program Files\Microsoft\jdk-17.0.14.7-hotspot\bin\jli.dll
0x00007ff8508d0000 - 0x00007ff850a81000 	C:\WINDOWS\System32\USER32.dll
0x00007ff8503e0000 - 0x00007ff850406000 	C:\WINDOWS\System32\win32u.dll
0x00007ff84edf0000 - 0x00007ff84f088000 	C:\WINDOWS\WinSxS\amd64_microsoft.windows.common-controls_6595b64144ccf1df_6.0.22621.5124_none_270e8f4f7386d69d\COMCTL32.dll
0x00007ff850e20000 - 0x00007ff850e49000 	C:\WINDOWS\System32\GDI32.dll
0x00007ff8528a0000 - 0x00007ff852947000 	C:\WINDOWS\System32\msvcrt.dll
0x00007ff8504b0000 - 0x00007ff8505cb000 	C:\WINDOWS\System32\gdi32full.dll
0x00007ff850410000 - 0x00007ff8504aa000 	C:\WINDOWS\System32\msvcp_win.dll
0x00007ff851a40000 - 0x00007ff851a71000 	C:\WINDOWS\System32\IMM32.DLL
0x00007ff848ea0000 - 0x00007ff848eac000 	C:\Program Files\Microsoft\jdk-17.0.14.7-hotspot\bin\vcruntime140_1.dll
0x00007ff82a710000 - 0x00007ff82a79d000 	C:\Program Files\Microsoft\jdk-17.0.14.7-hotspot\bin\msvcp140.dll
0x00007fffee7e0000 - 0x00007fffef452000 	C:\Program Files\Microsoft\jdk-17.0.14.7-hotspot\bin\server\jvm.dll
0x00007ff850650000 - 0x00007ff850701000 	C:\WINDOWS\System32\ADVAPI32.dll
0x00007ff850f00000 - 0x00007ff850fa8000 	C:\WINDOWS\System32\sechost.dll
0x00007ff8501b0000 - 0x00007ff8501d8000 	C:\WINDOWS\System32\bcrypt.dll
0x00007ff851620000 - 0x00007ff851734000 	C:\WINDOWS\System32\RPCRT4.dll
0x00007ff852820000 - 0x00007ff852891000 	C:\WINDOWS\System32\WS2_32.dll
0x00007ff84e110000 - 0x00007ff84e11a000 	C:\WINDOWS\SYSTEM32\VERSION.dll
0x00007ff84e760000 - 0x00007ff84e794000 	C:\WINDOWS\SYSTEM32\WINMM.dll
0x00007ff84f390000 - 0x00007ff84f3dd000 	C:\WINDOWS\SYSTEM32\POWRPROF.dll
0x00007ff84f280000 - 0x00007ff84f293000 	C:\WINDOWS\SYSTEM32\UMPDC.dll
0x00007ff84dc00000 - 0x00007ff84dc18000 	C:\WINDOWS\SYSTEM32\kernel.appcore.dll
0x00007ff839300000 - 0x00007ff83930a000 	C:\Program Files\Microsoft\jdk-17.0.14.7-hotspot\bin\jimage.dll
0x00007ff84f420000 - 0x00007ff84f652000 	C:\WINDOWS\SYSTEM32\DBGHELP.DLL
0x00007ff851140000 - 0x00007ff8514d2000 	C:\WINDOWS\System32\combase.dll
0x00007ff851850000 - 0x00007ff851927000 	C:\WINDOWS\System32\OLEAUT32.dll
0x00007ff84f2c0000 - 0x00007ff84f2f2000 	C:\WINDOWS\SYSTEM32\dbgcore.DLL
0x00007ff8505d0000 - 0x00007ff85064b000 	C:\WINDOWS\System32\bcryptPrimitives.dll
0x00007ff8322f0000 - 0x00007ff8322fe000 	C:\Program Files\Microsoft\jdk-17.0.14.7-hotspot\bin\instrument.dll
0x00007ff833490000 - 0x00007ff8334b5000 	C:\Program Files\Microsoft\jdk-17.0.14.7-hotspot\bin\java.dll
0x00007ff8125b0000 - 0x00007ff812687000 	C:\Program Files\Microsoft\jdk-17.0.14.7-hotspot\bin\jsvml.dll
0x00007ff851f80000 - 0x00007ff852816000 	C:\WINDOWS\System32\SHELL32.dll
0x00007ff8501e0000 - 0x00007ff85031f000 	C:\WINDOWS\System32\wintypes.dll
0x00007ff84ca60000 - 0x00007ff84d37a000 	C:\WINDOWS\SYSTEM32\windows.storage.dll
0x00007ff850fe0000 - 0x00007ff8510ea000 	C:\WINDOWS\System32\SHCORE.dll
0x00007ff8515b0000 - 0x00007ff851613000 	C:\WINDOWS\System32\shlwapi.dll
0x00007ff84f9f0000 - 0x00007ff84fa1b000 	C:\WINDOWS\SYSTEM32\profapi.dll
0x00007ff832590000 - 0x00007ff8325a8000 	C:\Program Files\Microsoft\jdk-17.0.14.7-hotspot\bin\zip.dll
0x00007ff833470000 - 0x00007ff83348a000 	C:\Program Files\Microsoft\jdk-17.0.14.7-hotspot\bin\net.dll
0x00007ff844380000 - 0x00007ff8444ac000 	C:\WINDOWS\SYSTEM32\WINHTTP.dll
0x00007ff84e000000 - 0x00007ff84e06a000 	C:\WINDOWS\system32\mswsock.dll
0x00007ff832950000 - 0x00007ff832966000 	C:\Program Files\Microsoft\jdk-17.0.14.7-hotspot\bin\nio.dll
0x00007ff8392c0000 - 0x00007ff8392d0000 	C:\Program Files\Microsoft\jdk-17.0.14.7-hotspot\bin\verify.dll
0x00007ff847800000 - 0x00007ff847827000 	C:\Users\DELL\.gradle\native\1def1411415f61bf3af743bc5b6707747c0891f09f0c88961ee8f79bc544acac\windows-amd64\native-platform.dll
0x00007ff812530000 - 0x00007ff8125a8000 	C:\Users\DELL\.gradle\native\0.2.7\x86_64-windows-gnu\gradle-fileevents.dll
0x00007ff834e60000 - 0x00007ff834e6a000 	C:\Program Files\Microsoft\jdk-17.0.14.7-hotspot\bin\management.dll
0x00007ff834ba0000 - 0x00007ff834bab000 	C:\Program Files\Microsoft\jdk-17.0.14.7-hotspot\bin\management_ext.dll
0x00007ff851f70000 - 0x00007ff851f78000 	C:\WINDOWS\System32\PSAPI.DLL
0x00007ff84d660000 - 0x00007ff84d68d000 	C:\WINDOWS\SYSTEM32\IPHLPAPI.DLL
0x00007ff850c60000 - 0x00007ff850c69000 	C:\WINDOWS\System32\NSI.dll
0x00007ff844310000 - 0x00007ff844329000 	C:\WINDOWS\SYSTEM32\dhcpcsvc6.DLL
0x00007ff8442f0000 - 0x00007ff84430f000 	C:\WINDOWS\SYSTEM32\dhcpcsvc.DLL
0x00007ff84d690000 - 0x00007ff84d792000 	C:\WINDOWS\SYSTEM32\DNSAPI.dll
0x00007ff832940000 - 0x00007ff832949000 	C:\Program Files\Microsoft\jdk-17.0.14.7-hotspot\bin\extnet.dll
0x00007ff84f760000 - 0x00007ff84f77b000 	C:\WINDOWS\SYSTEM32\CRYPTSP.dll
0x00007ff84db60000 - 0x00007ff84db97000 	C:\WINDOWS\system32\rsaenh.dll
0x00007ff84e120000 - 0x00007ff84e148000 	C:\WINDOWS\SYSTEM32\USERENV.dll
0x00007ff84eb80000 - 0x00007ff84eb8c000 	C:\WINDOWS\SYSTEM32\CRYPTBASE.dll
0x00007ff8322e0000 - 0x00007ff8322ee000 	C:\Program Files\Microsoft\jdk-17.0.14.7-hotspot\bin\sunmscapi.dll
0x00007ff850040000 - 0x00007ff8501a7000 	C:\WINDOWS\System32\CRYPT32.dll
0x00007ff84ecd0000 - 0x00007ff84ecfd000 	C:\WINDOWS\SYSTEM32\ncrypt.dll
0x00007ff84ec90000 - 0x00007ff84ecc7000 	C:\WINDOWS\SYSTEM32\NTASN1.dll
0x00007fffe4b90000 - 0x00007fffe4b98000 	C:\WINDOWS\system32\wshunix.dll

dbghelp: loaded successfully - version: 4.0.5 - missing functions: none
symbol engine: initialized successfully - sym options: 0x614 - pdb path: .;C:\Program Files\Microsoft\jdk-17.0.14.7-hotspot\bin;C:\WINDOWS\SYSTEM32;C:\WINDOWS\WinSxS\amd64_microsoft.windows.common-controls_6595b64144ccf1df_6.0.22621.5124_none_270e8f4f7386d69d;C:\Program Files\Microsoft\jdk-17.0.14.7-hotspot\bin\server;C:\Users\DELL\.gradle\native\1def1411415f61bf3af743bc5b6707747c0891f09f0c88961ee8f79bc544acac\windows-amd64;C:\Users\DELL\.gradle\native\0.2.7\x86_64-windows-gnu

VM Arguments:
jvm_args: --add-opens=java.base/java.lang=ALL-UNNAMED --add-opens=java.base/java.lang.invoke=ALL-UNNAMED --add-opens=java.base/java.util=ALL-UNNAMED --add-opens=java.prefs/java.util.prefs=ALL-UNNAMED --add-exports=jdk.compiler/com.sun.tools.javac.api=ALL-UNNAMED --add-exports=jdk.compiler/com.sun.tools.javac.util=ALL-UNNAMED --add-opens=java.base/java.util=ALL-UNNAMED --add-opens=java.prefs/java.util.prefs=ALL-UNNAMED --add-opens=java.base/java.nio.charset=ALL-UNNAMED --add-opens=java.base/java.net=ALL-UNNAMED --add-opens=java.base/java.util.concurrent.atomic=ALL-UNNAMED --add-opens=java.xml/javax.xml.namespace=ALL-UNNAMED -XX:MaxMetaspaceSize=512m -Xmx2048m -Dfile.encoding=UTF-8 -Duser.country=IN -Duser.language=en -Duser.variant -javaagent:C:\Users\DELL\.gradle\wrapper\dists\gradle-8.13-bin\5xuhj0ry160q40clulazy9h7d\gradle-8.13\lib\agents\gradle-instrumentation-agent-8.13.jar 
java_command: org.gradle.launcher.daemon.bootstrap.GradleDaemon 8.13
java_class_path (initial): C:\Users\DELL\.gradle\wrapper\dists\gradle-8.13-bin\5xuhj0ry160q40clulazy9h7d\gradle-8.13\lib\gradle-daemon-main-8.13.jar
Launcher Type: SUN_STANDARD

[Global flags]
     intx CICompilerCount                          = 4                                         {product} {ergonomic}
   size_t CompressedClassSpaceSize                 = 436207616                                 {product} {ergonomic}
     uint ConcGCThreads                            = 2                                         {product} {ergonomic}
     uint G1ConcRefinementThreads                  = 8                                         {product} {ergonomic}
   size_t G1HeapRegionSize                         = 1048576                                   {product} {ergonomic}
    uintx GCDrainStackTargetSize                   = 64                                        {product} {ergonomic}
   size_t InitialHeapSize                          = 130023424                                 {product} {ergonomic}
   size_t MarkStackSize                            = 4194304                                   {product} {ergonomic}
   size_t MaxHeapSize                              = 2147483648                                {product} {command line}
   size_t MaxMetaspaceSize                         = 536870912                                 {product} {command line}
   size_t MaxNewSize                               = 1287651328                                {product} {ergonomic}
   size_t MinHeapDeltaBytes                        = 1048576                                   {product} {ergonomic}
   size_t MinHeapSize                              = 8388608                                   {product} {ergonomic}
    uintx NonNMethodCodeHeapSize                   = 5839372                                {pd product} {ergonomic}
    uintx NonProfiledCodeHeapSize                  = 122909434                              {pd product} {ergonomic}
    uintx ProfiledCodeHeapSize                     = 122909434                              {pd product} {ergonomic}
    uintx ReservedCodeCacheSize                    = 251658240                              {pd product} {ergonomic}
     bool SegmentedCodeCache                       = true                                      {product} {ergonomic}
   size_t SoftMaxHeapSize                          = 2147483648                             {manageable} {ergonomic}
     bool UseCompressedClassPointers               = true                           {product lp64_product} {ergonomic}
     bool UseCompressedOops                        = true                           {product lp64_product} {ergonomic}
     bool UseG1GC                                  = true                                      {product} {ergonomic}
     bool UseLargePagesIndividualAllocation        = false                                  {pd product} {ergonomic}

Logging:
Log output configuration:
 #0: stdout all=warning uptime,level,tags
 #1: stderr all=off uptime,level,tags

Environment Variables:
JAVA_HOME=C:\Program Files\Microsoft\jdk-17.0.14.7-hotspot\
PATH=C:\Program Files\Microsoft\jdk-17.0.14.7-hotspot\bin;C:\app\DELL\product\21c\dbhomeXE\bin;C:\Python311\Scripts\;C:\Python311\;C:\Windows\system32;C:\Windows;C:\Windows\System32\Wbem;C:\Windows\System32\WindowsPowerShell\v1.0\;C:\Windows\System32\OpenSSH\;C:\Program Files\NVIDIA Corporation\NVIDIA NvDLISR;C:\Program Files (x86)\NVIDIA Corporation\PhysX\Common;C:\WINDOWS\system32;C:\WINDOWS;C:\WINDOWS\System32\Wbem;C:\WINDOWS\System32\WindowsPowerShell\v1.0\;C:\WINDOWS\System32\OpenSSH\;C:\MinGW\bin;C:\Program Files\Microsoft\jdk-17.0.14.7-hotspot\\bin;D:\java\Code\practise;D:\java\Code\practise;C:\ProgramData\chocolatey\bin;D:\PA\code;C:\Program Files\MongoDB\bin;D:\ADI\code;C:\Program Files\Git\cmd;C:\Program Files\nodejs\;C:\Program Files\MySQL\MySQL Shell 8.0\bin\;D:\mysql\bin\;C:\Users\DELL\AppData\Local\Microsoft\WindowsApps;C:\Users\DELL\AppData\Local\Programs\Microsoft VS Code\bin;C:\Users\DELL\AppData\Local\Programs\mongosh\;C:\Users\DELL\AppData\Roaming\npm;C:\Users\DELL\AppData\Local\Android\Sdk\platform-tools;D:\Download\curl-8.12.1_4-win64-mingw\bin;C:\Program Files\MongoDB\Server\8.0\bin;
USERNAME=DELL
OS=Windows_NT
PROCESSOR_IDENTIFIER=Intel64 Family 6 Model 140 Stepping 1, GenuineIntel
TMP=C:\Users\DELL\AppData\Local\Temp
TEMP=C:\Users\DELL\AppData\Local\Temp



Periodic native trim disabled


---------------  S Y S T E M  ---------------

OS:
 Windows 11 , 64 bit Build 22621 (10.0.22621.5124)
OS uptime: 1 days 20:25 hours
Hyper-V role detected

CPU: total 8 (initial active 8) (4 cores per cpu, 2 threads per core) family 6 model 140 stepping 1 microcode 0xb8, cx8, cmov, fxsr, ht, mmx, 3dnowpref, sse, sse2, sse3, ssse3, sse4.1, sse4.2, popcnt, lzcnt, tsc, tscinvbit, avx, avx2, aes, erms, clmul, bmi1, bmi2, adx, avx512f, avx512dq, avx512cd, avx512bw, avx512vl, sha, fma, vzeroupper, avx512_vpopcntdq, avx512_vpclmulqdq, avx512_vaes, avx512_vnni, clflush, clflushopt, clwb, avx512_vbmi2, avx512_vbmi, hv
Processor Information for the first 8 processors :
  Max Mhz: 1382, Current Mhz: 1382, Mhz Limit: 1382

Memory: 4k page, system-wide physical 7918M (267M free)
TotalPageFile size 23918M (AvailPageFile size 6M)
current process WorkingSet (physical memory assigned to process): 257M, peak: 257M
current process commit charge ("private bytes"): 298M, peak: 306M

vm_info: OpenJDK 64-Bit Server VM (17.0.14+7-LTS) for windows-amd64 JRE (17.0.14+7-LTS), built on Jan  8 2025 23:39:28 by "MicrosoftCorporation" with unknown MS VC++:1939

END.
