#
# There is insufficient memory for the Java Runtime Environment to continue.
# Native memory allocation (malloc) failed to allocate 906976 bytes. Error detail: Chunk::new
# Possible reasons:
#   The system is out of physical RAM or swap space
#   This process is running with CompressedOops enabled, and the Java Heap may be blocking the growth of the native heap
# Possible solutions:
#   Reduce memory load on the system
#   Increase physical memory or swap space
#   Check if swap backing store is full
#   Decrease Java heap size (-Xmx/-Xms)
#   Decrease number of Java threads
#   Decrease Java thread stack sizes (-Xss)
#   Set larger code cache with -XX:ReservedCodeCacheSize=
#   JVM is running with Unscaled Compressed Oops mode in which the Java heap is
#     placed in the first 4GB address space. The Java Heap base address is the
#     maximum limit for the native heap growth. Please use -XX:HeapBaseMinAddress
#     to set the Java Heap base and to place the Java Heap above 4GB virtual address.
# This output file may be truncated or incomplete.
#
#  Out of Memory Error (arena.cpp:191), pid=26088, tid=15924
#
# JRE version: OpenJDK Runtime Environment Microsoft-10800295 (17.0.14+7) (build 17.0.14+7-LTS)
# Java VM: OpenJDK 64-Bit Server VM Microsoft-10800295 (17.0.14+7-LTS, mixed mode, sharing, tiered, compressed oops, compressed class ptrs, g1 gc, windows-amd64)
# No core dump will be written. Minidumps are not enabled by default on client versions of Windows
#

---------------  S U M M A R Y ------------

Command Line: --add-opens=java.base/java.lang=ALL-UNNAMED --add-opens=java.base/java.lang.invoke=ALL-UNNAMED --add-opens=java.base/java.util=ALL-UNNAMED --add-opens=java.prefs/java.util.prefs=ALL-UNNAMED --add-exports=jdk.compiler/com.sun.tools.javac.api=ALL-UNNAMED --add-exports=jdk.compiler/com.sun.tools.javac.util=ALL-UNNAMED --add-opens=java.base/java.util=ALL-UNNAMED --add-opens=java.prefs/java.util.prefs=ALL-UNNAMED --add-opens=java.base/java.nio.charset=ALL-UNNAMED --add-opens=java.base/java.net=ALL-UNNAMED --add-opens=java.base/java.util.concurrent.atomic=ALL-UNNAMED --add-opens=java.xml/javax.xml.namespace=ALL-UNNAMED -XX:MaxMetaspaceSize=512m -Xmx2048m -Dfile.encoding=windows-1252 -Duser.country=IN -Duser.language=en -Duser.variant -javaagent:C:\Users\DELL\.gradle\wrapper\dists\gradle-8.13-bin\5xuhj0ry160q40clulazy9h7d\gradle-8.13\lib\agents\gradle-instrumentation-agent-8.13.jar org.gradle.launcher.daemon.bootstrap.GradleDaemon 8.13

Host: 11th Gen Intel(R) Core(TM) i5-1135G7 @ 2.40GHz, 8 cores, 7G,  Windows 11 , 64 bit Build 22621 (10.0.22621.5124)
Time: Wed May 14 17:03:48 2025 India Standard Time elapsed time: 6.078066 seconds (0d 0h 0m 6s)

---------------  T H R E A D  ---------------

Current thread (0x0000024bdb598a50):  JavaThread "C2 CompilerThread0" daemon [_thread_in_native, id=15924, stack(0x000000f584300000,0x000000f584400000)]


Current CompileTask:
C2:   6078 2503   !   4       java.net.URLClassLoader::findClass (47 bytes)

Stack: [0x000000f584300000,0x000000f584400000]
Native frames: (J=compiled Java code, j=interpreted, Vv=VM code, C=native code)
V  [jvm.dll+0x6886b9]
V  [jvm.dll+0x83f6f8]
V  [jvm.dll+0x8411a3]
V  [jvm.dll+0x841813]
V  [jvm.dll+0x2495cf]
V  [jvm.dll+0xad0d4]
V  [jvm.dll+0xad76c]
V  [jvm.dll+0x2b0d0f]
V  [jvm.dll+0x58e669]
V  [jvm.dll+0x223852]
V  [jvm.dll+0x223c4f]
V  [jvm.dll+0x21c9f0]
V  [jvm.dll+0x219b1b]
V  [jvm.dll+0x1a5596]
V  [jvm.dll+0x22a27a]
V  [jvm.dll+0x2283bb]
V  [jvm.dll+0x7f4f48]
V  [jvm.dll+0x7ef2ac]
V  [jvm.dll+0x687597]
C  [ucrtbase.dll+0x29333]
C  [KERNEL32.DLL+0x1259d]
C  [ntdll.dll+0x5af38]


---------------  P R O C E S S  ---------------

Threads class SMR info:
_java_thread_list=0x0000024bdb6421c0, length=25, elements={
0x0000024bbd0f3420, 0x0000024bdb576910, 0x0000024bdb5774d0, 0x0000024bdb58fee0,
0x0000024bdb5908b0, 0x0000024bdb595390, 0x0000024bdb597d60, 0x0000024bdb598a50,
0x0000024bdb600040, 0x0000024bdb610630, 0x0000024bdb564520, 0x0000024bdb73ef30,
0x0000024bfc5ff0d0, 0x0000024bfc0b8530, 0x0000024bfc0f8d10, 0x0000024bfc485600,
0x0000024bfc344b40, 0x0000024bfc94de10, 0x0000024bfc94d900, 0x0000024bfc94e320,
0x0000024bfc94d3f0, 0x0000024bfc94f760, 0x0000024bfc94e830, 0x0000024bfc94ed40,
0x0000024bfc94f250
}

Java Threads: ( => current thread )
  0x0000024bbd0f3420 JavaThread "main" [_thread_blocked, id=25300, stack(0x000000f583600000,0x000000f583700000)]
  0x0000024bdb576910 JavaThread "Reference Handler" daemon [_thread_blocked, id=24104, stack(0x000000f583d00000,0x000000f583e00000)]
  0x0000024bdb5774d0 JavaThread "Finalizer" daemon [_thread_blocked, id=12200, stack(0x000000f583e00000,0x000000f583f00000)]
  0x0000024bdb58fee0 JavaThread "Signal Dispatcher" daemon [_thread_blocked, id=16096, stack(0x000000f583f00000,0x000000f584000000)]
  0x0000024bdb5908b0 JavaThread "Attach Listener" daemon [_thread_blocked, id=11056, stack(0x000000f584000000,0x000000f584100000)]
  0x0000024bdb595390 JavaThread "Service Thread" daemon [_thread_blocked, id=13672, stack(0x000000f584100000,0x000000f584200000)]
  0x0000024bdb597d60 JavaThread "Monitor Deflation Thread" daemon [_thread_blocked, id=22940, stack(0x000000f584200000,0x000000f584300000)]
=>0x0000024bdb598a50 JavaThread "C2 CompilerThread0" daemon [_thread_in_native, id=15924, stack(0x000000f584300000,0x000000f584400000)]
  0x0000024bdb600040 JavaThread "C1 CompilerThread0" daemon [_thread_blocked, id=19164, stack(0x000000f584400000,0x000000f584500000)]
  0x0000024bdb610630 JavaThread "Sweeper thread" daemon [_thread_blocked, id=22408, stack(0x000000f584500000,0x000000f584600000)]
  0x0000024bdb564520 JavaThread "Common-Cleaner" daemon [_thread_blocked, id=23440, stack(0x000000f584600000,0x000000f584700000)]
  0x0000024bdb73ef30 JavaThread "Notification Thread" daemon [_thread_blocked, id=14232, stack(0x000000f584700000,0x000000f584800000)]
  0x0000024bfc5ff0d0 JavaThread "Daemon health stats" [_thread_blocked, id=23608, stack(0x000000f584d00000,0x000000f584e00000)]
  0x0000024bfc0b8530 JavaThread "Incoming local TCP Connector on port 50953" [_thread_in_native, id=25460, stack(0x000000f584e00000,0x000000f584f00000)]
  0x0000024bfc0f8d10 JavaThread "Daemon periodic checks" [_thread_blocked, id=13604, stack(0x000000f584f00000,0x000000f585000000)]
  0x0000024bfc485600 JavaThread "Daemon" [_thread_blocked, id=10924, stack(0x000000f585000000,0x000000f585100000)]
  0x0000024bfc344b40 JavaThread "Handler for socket connection from /127.0.0.1:50953 to /127.0.0.1:50954" [_thread_in_native, id=17260, stack(0x000000f585100000,0x000000f585200000)]
  0x0000024bfc94de10 JavaThread "Cancel handler" [_thread_blocked, id=18200, stack(0x000000f585200000,0x000000f585300000)]
  0x0000024bfc94d900 JavaThread "Daemon worker" [_thread_in_vm, id=13856, stack(0x000000f585300000,0x000000f585400000)]
  0x0000024bfc94e320 JavaThread "Asynchronous log dispatcher for DefaultDaemonConnection: socket connection from /127.0.0.1:50953 to /127.0.0.1:50954" [_thread_blocked, id=7992, stack(0x000000f585400000,0x000000f585500000)]
  0x0000024bfc94d3f0 JavaThread "Stdin handler" [_thread_blocked, id=7696, stack(0x000000f585500000,0x000000f585600000)]
  0x0000024bfc94f760 JavaThread "Daemon client event forwarder" [_thread_blocked, id=14848, stack(0x000000f585600000,0x000000f585700000)]
  0x0000024bfc94e830 JavaThread "Cache worker for journal cache (C:\Users\DELL\.gradle\caches\journal-1)" [_thread_blocked, id=13608, stack(0x000000f585700000,0x000000f585800000)]
  0x0000024bfc94ed40 JavaThread "File lock request listener" [_thread_in_native, id=20912, stack(0x000000f585800000,0x000000f585900000)]
  0x0000024bfc94f250 JavaThread "Cache worker for file hash cache (C:\Users\DELL\.gradle\caches\8.13\fileHashes)" [_thread_blocked, id=11788, stack(0x000000f585900000,0x000000f585a00000)]

Other Threads:
  0x0000024bdb572820 VMThread "VM Thread" [stack: 0x000000f583c00000,0x000000f583d00000] [id=8796]
  0x0000024bbd0f42a0 WatcherThread [stack: 0x000000f584800000,0x000000f584900000] [id=9164]
  0x0000024bbd14cfb0 GCTaskThread "GC Thread#0" [stack: 0x000000f583700000,0x000000f583800000] [id=1208]
  0x0000024bdb915cc0 GCTaskThread "GC Thread#1" [stack: 0x000000f584900000,0x000000f584a00000] [id=23372]
  0x0000024bdb83e760 GCTaskThread "GC Thread#2" [stack: 0x000000f584a00000,0x000000f584b00000] [id=26724]
  0x0000024bfc078cb0 GCTaskThread "GC Thread#3" [stack: 0x000000f584b00000,0x000000f584c00000] [id=21740]
  0x0000024bfb9fb490 GCTaskThread "GC Thread#4" [stack: 0x000000f584c00000,0x000000f584d00000] [id=8400]
  0x0000024bfcc079a0 GCTaskThread "GC Thread#5" [stack: 0x000000f585a00000,0x000000f585b00000] [id=14632]
  0x0000024bfc1ea010 GCTaskThread "GC Thread#6" [stack: 0x000000f585b00000,0x000000f585c00000] [id=18764]
  0x0000024bfcc37920 GCTaskThread "GC Thread#7" [stack: 0x000000f585c00000,0x000000f585d00000] [id=13524]
  0x0000024bbd15df00 ConcurrentGCThread "G1 Main Marker" [stack: 0x000000f583800000,0x000000f583900000] [id=6664]
  0x0000024bbd15e920 ConcurrentGCThread "G1 Conc#0" [stack: 0x000000f583900000,0x000000f583a00000] [id=20188]
  0x0000024bdb42c120 ConcurrentGCThread "G1 Refine#0" [stack: 0x000000f583a00000,0x000000f583b00000] [id=17928]
  0x0000024bdb42cb50 ConcurrentGCThread "G1 Service" [stack: 0x000000f583b00000,0x000000f583c00000] [id=14968]

Threads with active compile tasks:
C2 CompilerThread0     6149 2503   !   4       java.net.URLClassLoader::findClass (47 bytes)

VM state: not at safepoint (normal execution)

VM Mutex/Monitor currently owned by a thread: None

Heap address: 0x0000000080000000, size: 2048 MB, Compressed Oops mode: 32-bit

CDS archive(s) mapped at: [0x0000024bdc000000-0x0000024bdcbb0000-0x0000024bdcbb0000), size 12255232, SharedBaseAddress: 0x0000024bdc000000, ArchiveRelocationMode: 1.
Compressed class space mapped at: 0x0000024bdd000000-0x0000024bf7000000, reserved size: 436207616
Narrow klass base: 0x0000024bdc000000, Narrow klass shift: 0, Narrow klass range: 0x100000000

GC Precious Log:
 CPUs: 8 total, 8 available
 Memory: 7918M
 Large Page Support: Disabled
 NUMA Support: Disabled
 Compressed Oops: Enabled (32-bit)
 Heap Region Size: 1M
 Heap Min Capacity: 8M
 Heap Initial Capacity: 124M
 Heap Max Capacity: 2G
 Pre-touch: Disabled
 Parallel Workers: 8
 Concurrent Workers: 2
 Concurrent Refinement Workers: 8
 Periodic GC: Disabled

Heap:
 garbage-first heap   total 126976K, used 25374K [0x0000000080000000, 0x0000000100000000)
  region size 1024K, 15 young (15360K), 10 survivors (10240K)
 Metaspace       used 16859K, committed 17152K, reserved 491520K
  class space    used 2378K, committed 2560K, reserved 425984K

Heap Regions: E=young(eden), S=young(survivor), O=old, HS=humongous(starts), HC=humongous(continues), CS=collection set, F=free, OA=open archive, CA=closed archive, TAMS=top-at-mark-start (previous, next)
|   0|0x0000000080000000, 0x0000000080100000, 0x0000000080100000|100%|HS|  |TAMS 0x0000000080000000, 0x0000000080000000| Complete 
|   1|0x0000000080100000, 0x0000000080200000, 0x0000000080200000|100%|HC|  |TAMS 0x0000000080100000, 0x0000000080100000| Complete 
|   2|0x0000000080200000, 0x0000000080300000, 0x0000000080300000|100%|HC|  |TAMS 0x0000000080200000, 0x0000000080200000| Complete 
|   3|0x0000000080300000, 0x0000000080400000, 0x0000000080400000|100%| O|  |TAMS 0x0000000080300000, 0x0000000080300000| Untracked 
|   4|0x0000000080400000, 0x0000000080500000, 0x0000000080500000|100%| O|  |TAMS 0x0000000080400000, 0x0000000080400000| Untracked 
|   5|0x0000000080500000, 0x0000000080600000, 0x0000000080600000|100%| O|  |TAMS 0x0000000080500000, 0x0000000080500000| Untracked 
|   6|0x0000000080600000, 0x0000000080700000, 0x0000000080700000|100%|HS|  |TAMS 0x0000000080600000, 0x0000000080600000| Complete 
|   7|0x0000000080700000, 0x0000000080700000, 0x0000000080800000|  0%| F|  |TAMS 0x0000000080700000, 0x0000000080700000| Untracked 
|   8|0x0000000080800000, 0x0000000080900000, 0x0000000080900000|100%| O|  |TAMS 0x0000000080800000, 0x0000000080800000| Untracked 
|   9|0x0000000080900000, 0x0000000080a00000, 0x0000000080a00000|100%| O|  |TAMS 0x0000000080900000, 0x0000000080900000| Untracked 
|  10|0x0000000080a00000, 0x0000000080b00000, 0x0000000080b00000|100%| O|  |TAMS 0x0000000080a00000, 0x0000000080a00000| Untracked 
|  11|0x0000000080b00000, 0x0000000080c00000, 0x0000000080c00000|100%| O|  |TAMS 0x0000000080b00000, 0x0000000080b00000| Untracked 
|  12|0x0000000080c00000, 0x0000000080c95200, 0x0000000080d00000| 58%| O|  |TAMS 0x0000000080c00000, 0x0000000080c00000| Untracked 
|  13|0x0000000080d00000, 0x0000000080d00000, 0x0000000080e00000|  0%| F|  |TAMS 0x0000000080d00000, 0x0000000080d00000| Untracked 
|  14|0x0000000080e00000, 0x0000000080e00000, 0x0000000080f00000|  0%| F|  |TAMS 0x0000000080e00000, 0x0000000080e00000| Untracked 
|  15|0x0000000080f00000, 0x0000000080f00000, 0x0000000081000000|  0%| F|  |TAMS 0x0000000080f00000, 0x0000000080f00000| Untracked 
|  16|0x0000000081000000, 0x0000000081000000, 0x0000000081100000|  0%| F|  |TAMS 0x0000000081000000, 0x0000000081000000| Untracked 
|  17|0x0000000081100000, 0x0000000081100000, 0x0000000081200000|  0%| F|  |TAMS 0x0000000081100000, 0x0000000081100000| Untracked 
|  18|0x0000000081200000, 0x0000000081200000, 0x0000000081300000|  0%| F|  |TAMS 0x0000000081200000, 0x0000000081200000| Untracked 
|  19|0x0000000081300000, 0x0000000081300000, 0x0000000081400000|  0%| F|  |TAMS 0x0000000081300000, 0x0000000081300000| Untracked 
|  20|0x0000000081400000, 0x0000000081400000, 0x0000000081500000|  0%| F|  |TAMS 0x0000000081400000, 0x0000000081400000| Untracked 
|  21|0x0000000081500000, 0x0000000081500000, 0x0000000081600000|  0%| F|  |TAMS 0x0000000081500000, 0x0000000081500000| Untracked 
|  22|0x0000000081600000, 0x0000000081600000, 0x0000000081700000|  0%| F|  |TAMS 0x0000000081600000, 0x0000000081600000| Untracked 
|  23|0x0000000081700000, 0x0000000081700000, 0x0000000081800000|  0%| F|  |TAMS 0x0000000081700000, 0x0000000081700000| Untracked 
|  24|0x0000000081800000, 0x0000000081800000, 0x0000000081900000|  0%| F|  |TAMS 0x0000000081800000, 0x0000000081800000| Untracked 
|  25|0x0000000081900000, 0x0000000081900000, 0x0000000081a00000|  0%| F|  |TAMS 0x0000000081900000, 0x0000000081900000| Untracked 
|  26|0x0000000081a00000, 0x0000000081a00000, 0x0000000081b00000|  0%| F|  |TAMS 0x0000000081a00000, 0x0000000081a00000| Untracked 
|  27|0x0000000081b00000, 0x0000000081b00000, 0x0000000081c00000|  0%| F|  |TAMS 0x0000000081b00000, 0x0000000081b00000| Untracked 
|  28|0x0000000081c00000, 0x0000000081c00000, 0x0000000081d00000|  0%| F|  |TAMS 0x0000000081c00000, 0x0000000081c00000| Untracked 
|  29|0x0000000081d00000, 0x0000000081d00000, 0x0000000081e00000|  0%| F|  |TAMS 0x0000000081d00000, 0x0000000081d00000| Untracked 
|  30|0x0000000081e00000, 0x0000000081e00000, 0x0000000081f00000|  0%| F|  |TAMS 0x0000000081e00000, 0x0000000081e00000| Untracked 
|  31|0x0000000081f00000, 0x0000000081f00000, 0x0000000082000000|  0%| F|  |TAMS 0x0000000081f00000, 0x0000000081f00000| Untracked 
|  32|0x0000000082000000, 0x0000000082000000, 0x0000000082100000|  0%| F|  |TAMS 0x0000000082000000, 0x0000000082000000| Untracked 
|  33|0x0000000082100000, 0x0000000082100000, 0x0000000082200000|  0%| F|  |TAMS 0x0000000082100000, 0x0000000082100000| Untracked 
|  34|0x0000000082200000, 0x0000000082200000, 0x0000000082300000|  0%| F|  |TAMS 0x0000000082200000, 0x0000000082200000| Untracked 
|  35|0x0000000082300000, 0x0000000082300000, 0x0000000082400000|  0%| F|  |TAMS 0x0000000082300000, 0x0000000082300000| Untracked 
|  36|0x0000000082400000, 0x0000000082400000, 0x0000000082500000|  0%| F|  |TAMS 0x0000000082400000, 0x0000000082400000| Untracked 
|  37|0x0000000082500000, 0x0000000082500000, 0x0000000082600000|  0%| F|  |TAMS 0x0000000082500000, 0x0000000082500000| Untracked 
|  38|0x0000000082600000, 0x0000000082600000, 0x0000000082700000|  0%| F|  |TAMS 0x0000000082600000, 0x0000000082600000| Untracked 
|  39|0x0000000082700000, 0x0000000082700000, 0x0000000082800000|  0%| F|  |TAMS 0x0000000082700000, 0x0000000082700000| Untracked 
|  40|0x0000000082800000, 0x0000000082832778, 0x0000000082900000| 19%| S|CS|TAMS 0x0000000082800000, 0x0000000082800000| Complete 
|  41|0x0000000082900000, 0x0000000082a00000, 0x0000000082a00000|100%| S|CS|TAMS 0x0000000082900000, 0x0000000082900000| Complete 
|  42|0x0000000082a00000, 0x0000000082b00000, 0x0000000082b00000|100%| S|CS|TAMS 0x0000000082a00000, 0x0000000082a00000| Complete 
|  43|0x0000000082b00000, 0x0000000082c00000, 0x0000000082c00000|100%| S|CS|TAMS 0x0000000082b00000, 0x0000000082b00000| Complete 
|  44|0x0000000082c00000, 0x0000000082d00000, 0x0000000082d00000|100%| S|CS|TAMS 0x0000000082c00000, 0x0000000082c00000| Complete 
|  45|0x0000000082d00000, 0x0000000082e00000, 0x0000000082e00000|100%| S|CS|TAMS 0x0000000082d00000, 0x0000000082d00000| Complete 
|  46|0x0000000082e00000, 0x0000000082f00000, 0x0000000082f00000|100%| S|CS|TAMS 0x0000000082e00000, 0x0000000082e00000| Complete 
|  47|0x0000000082f00000, 0x0000000083000000, 0x0000000083000000|100%| S|CS|TAMS 0x0000000082f00000, 0x0000000082f00000| Complete 
|  48|0x0000000083000000, 0x0000000083100000, 0x0000000083100000|100%| S|CS|TAMS 0x0000000083000000, 0x0000000083000000| Complete 
|  49|0x0000000083100000, 0x0000000083200000, 0x0000000083200000|100%| S|CS|TAMS 0x0000000083100000, 0x0000000083100000| Complete 
|  50|0x0000000083200000, 0x0000000083200000, 0x0000000083300000|  0%| F|  |TAMS 0x0000000083200000, 0x0000000083200000| Untracked 
|  51|0x0000000083300000, 0x0000000083300000, 0x0000000083400000|  0%| F|  |TAMS 0x0000000083300000, 0x0000000083300000| Untracked 
|  52|0x0000000083400000, 0x0000000083400000, 0x0000000083500000|  0%| F|  |TAMS 0x0000000083400000, 0x0000000083400000| Untracked 
|  53|0x0000000083500000, 0x0000000083500000, 0x0000000083600000|  0%| F|  |TAMS 0x0000000083500000, 0x0000000083500000| Untracked 
|  54|0x0000000083600000, 0x0000000083600000, 0x0000000083700000|  0%| F|  |TAMS 0x0000000083600000, 0x0000000083600000| Untracked 
|  55|0x0000000083700000, 0x0000000083700000, 0x0000000083800000|  0%| F|  |TAMS 0x0000000083700000, 0x0000000083700000| Untracked 
|  56|0x0000000083800000, 0x0000000083800000, 0x0000000083900000|  0%| F|  |TAMS 0x0000000083800000, 0x0000000083800000| Untracked 
|  57|0x0000000083900000, 0x0000000083900000, 0x0000000083a00000|  0%| F|  |TAMS 0x0000000083900000, 0x0000000083900000| Untracked 
|  58|0x0000000083a00000, 0x0000000083a00000, 0x0000000083b00000|  0%| F|  |TAMS 0x0000000083a00000, 0x0000000083a00000| Untracked 
|  59|0x0000000083b00000, 0x0000000083b00000, 0x0000000083c00000|  0%| F|  |TAMS 0x0000000083b00000, 0x0000000083b00000| Untracked 
|  60|0x0000000083c00000, 0x0000000083c00000, 0x0000000083d00000|  0%| F|  |TAMS 0x0000000083c00000, 0x0000000083c00000| Untracked 
|  61|0x0000000083d00000, 0x0000000083d00000, 0x0000000083e00000|  0%| F|  |TAMS 0x0000000083d00000, 0x0000000083d00000| Untracked 
|  62|0x0000000083e00000, 0x0000000083e00000, 0x0000000083f00000|  0%| F|  |TAMS 0x0000000083e00000, 0x0000000083e00000| Untracked 
|  63|0x0000000083f00000, 0x0000000083f00000, 0x0000000084000000|  0%| F|  |TAMS 0x0000000083f00000, 0x0000000083f00000| Untracked 
|  64|0x0000000084000000, 0x0000000084000000, 0x0000000084100000|  0%| F|  |TAMS 0x0000000084000000, 0x0000000084000000| Untracked 
|  65|0x0000000084100000, 0x0000000084100000, 0x0000000084200000|  0%| F|  |TAMS 0x0000000084100000, 0x0000000084100000| Untracked 
|  66|0x0000000084200000, 0x0000000084200000, 0x0000000084300000|  0%| F|  |TAMS 0x0000000084200000, 0x0000000084200000| Untracked 
|  67|0x0000000084300000, 0x0000000084300000, 0x0000000084400000|  0%| F|  |TAMS 0x0000000084300000, 0x0000000084300000| Untracked 
|  68|0x0000000084400000, 0x0000000084400000, 0x0000000084500000|  0%| F|  |TAMS 0x0000000084400000, 0x0000000084400000| Untracked 
|  69|0x0000000084500000, 0x0000000084500000, 0x0000000084600000|  0%| F|  |TAMS 0x0000000084500000, 0x0000000084500000| Untracked 
|  70|0x0000000084600000, 0x0000000084600000, 0x0000000084700000|  0%| F|  |TAMS 0x0000000084600000, 0x0000000084600000| Untracked 
|  71|0x0000000084700000, 0x0000000084700000, 0x0000000084800000|  0%| F|  |TAMS 0x0000000084700000, 0x0000000084700000| Untracked 
|  72|0x0000000084800000, 0x0000000084800000, 0x0000000084900000|  0%| F|  |TAMS 0x0000000084800000, 0x0000000084800000| Untracked 
|  73|0x0000000084900000, 0x0000000084900000, 0x0000000084a00000|  0%| F|  |TAMS 0x0000000084900000, 0x0000000084900000| Untracked 
|  74|0x0000000084a00000, 0x0000000084a00000, 0x0000000084b00000|  0%| F|  |TAMS 0x0000000084a00000, 0x0000000084a00000| Untracked 
|  75|0x0000000084b00000, 0x0000000084b00000, 0x0000000084c00000|  0%| F|  |TAMS 0x0000000084b00000, 0x0000000084b00000| Untracked 
|  76|0x0000000084c00000, 0x0000000084c00000, 0x0000000084d00000|  0%| F|  |TAMS 0x0000000084c00000, 0x0000000084c00000| Untracked 
|  77|0x0000000084d00000, 0x0000000084d00000, 0x0000000084e00000|  0%| F|  |TAMS 0x0000000084d00000, 0x0000000084d00000| Untracked 
|  78|0x0000000084e00000, 0x0000000084e00000, 0x0000000084f00000|  0%| F|  |TAMS 0x0000000084e00000, 0x0000000084e00000| Untracked 
|  79|0x0000000084f00000, 0x0000000084f00000, 0x0000000085000000|  0%| F|  |TAMS 0x0000000084f00000, 0x0000000084f00000| Untracked 
|  80|0x0000000085000000, 0x0000000085000000, 0x0000000085100000|  0%| F|  |TAMS 0x0000000085000000, 0x0000000085000000| Untracked 
|  81|0x0000000085100000, 0x0000000085100000, 0x0000000085200000|  0%| F|  |TAMS 0x0000000085100000, 0x0000000085100000| Untracked 
|  82|0x0000000085200000, 0x0000000085200000, 0x0000000085300000|  0%| F|  |TAMS 0x0000000085200000, 0x0000000085200000| Untracked 
|  83|0x0000000085300000, 0x0000000085300000, 0x0000000085400000|  0%| F|  |TAMS 0x0000000085300000, 0x0000000085300000| Untracked 
|  84|0x0000000085400000, 0x0000000085400000, 0x0000000085500000|  0%| F|  |TAMS 0x0000000085400000, 0x0000000085400000| Untracked 
|  85|0x0000000085500000, 0x0000000085500000, 0x0000000085600000|  0%| F|  |TAMS 0x0000000085500000, 0x0000000085500000| Untracked 
|  86|0x0000000085600000, 0x0000000085600000, 0x0000000085700000|  0%| F|  |TAMS 0x0000000085600000, 0x0000000085600000| Untracked 
|  87|0x0000000085700000, 0x0000000085700000, 0x0000000085800000|  0%| F|  |TAMS 0x0000000085700000, 0x0000000085700000| Untracked 
|  88|0x0000000085800000, 0x0000000085800000, 0x0000000085900000|  0%| F|  |TAMS 0x0000000085800000, 0x0000000085800000| Untracked 
|  89|0x0000000085900000, 0x0000000085900000, 0x0000000085a00000|  0%| F|  |TAMS 0x0000000085900000, 0x0000000085900000| Untracked 
|  90|0x0000000085a00000, 0x0000000085a00000, 0x0000000085b00000|  0%| F|  |TAMS 0x0000000085a00000, 0x0000000085a00000| Untracked 
|  91|0x0000000085b00000, 0x0000000085b00000, 0x0000000085c00000|  0%| F|  |TAMS 0x0000000085b00000, 0x0000000085b00000| Untracked 
|  92|0x0000000085c00000, 0x0000000085c00000, 0x0000000085d00000|  0%| F|  |TAMS 0x0000000085c00000, 0x0000000085c00000| Untracked 
|  93|0x0000000085d00000, 0x0000000085d00000, 0x0000000085e00000|  0%| F|  |TAMS 0x0000000085d00000, 0x0000000085d00000| Untracked 
|  94|0x0000000085e00000, 0x0000000085e00000, 0x0000000085f00000|  0%| F|  |TAMS 0x0000000085e00000, 0x0000000085e00000| Untracked 
|  95|0x0000000085f00000, 0x0000000085f00000, 0x0000000086000000|  0%| F|  |TAMS 0x0000000085f00000, 0x0000000085f00000| Untracked 
|  96|0x0000000086000000, 0x0000000086000000, 0x0000000086100000|  0%| F|  |TAMS 0x0000000086000000, 0x0000000086000000| Untracked 
|  97|0x0000000086100000, 0x0000000086100000, 0x0000000086200000|  0%| F|  |TAMS 0x0000000086100000, 0x0000000086100000| Untracked 
|  98|0x0000000086200000, 0x0000000086200000, 0x0000000086300000|  0%| F|  |TAMS 0x0000000086200000, 0x0000000086200000| Untracked 
|  99|0x0000000086300000, 0x0000000086300000, 0x0000000086400000|  0%| F|  |TAMS 0x0000000086300000, 0x0000000086300000| Untracked 
| 100|0x0000000086400000, 0x0000000086400000, 0x0000000086500000|  0%| F|  |TAMS 0x0000000086400000, 0x0000000086400000| Untracked 
| 101|0x0000000086500000, 0x0000000086500000, 0x0000000086600000|  0%| F|  |TAMS 0x0000000086500000, 0x0000000086500000| Untracked 
| 102|0x0000000086600000, 0x0000000086600000, 0x0000000086700000|  0%| F|  |TAMS 0x0000000086600000, 0x0000000086600000| Untracked 
| 103|0x0000000086700000, 0x0000000086700000, 0x0000000086800000|  0%| F|  |TAMS 0x0000000086700000, 0x0000000086700000| Untracked 
| 104|0x0000000086800000, 0x0000000086800000, 0x0000000086900000|  0%| F|  |TAMS 0x0000000086800000, 0x0000000086800000| Untracked 
| 105|0x0000000086900000, 0x0000000086900000, 0x0000000086a00000|  0%| F|  |TAMS 0x0000000086900000, 0x0000000086900000| Untracked 
| 106|0x0000000086a00000, 0x0000000086a00000, 0x0000000086b00000|  0%| F|  |TAMS 0x0000000086a00000, 0x0000000086a00000| Untracked 
| 107|0x0000000086b00000, 0x0000000086b00000, 0x0000000086c00000|  0%| F|  |TAMS 0x0000000086b00000, 0x0000000086b00000| Untracked 
| 108|0x0000000086c00000, 0x0000000086c00000, 0x0000000086d00000|  0%| F|  |TAMS 0x0000000086c00000, 0x0000000086c00000| Untracked 
| 109|0x0000000086d00000, 0x0000000086d00000, 0x0000000086e00000|  0%| F|  |TAMS 0x0000000086d00000, 0x0000000086d00000| Untracked 
| 110|0x0000000086e00000, 0x0000000086e00000, 0x0000000086f00000|  0%| F|  |TAMS 0x0000000086e00000, 0x0000000086e00000| Untracked 
| 111|0x0000000086f00000, 0x0000000086f00000, 0x0000000087000000|  0%| F|  |TAMS 0x0000000086f00000, 0x0000000086f00000| Untracked 
| 112|0x0000000087000000, 0x0000000087000000, 0x0000000087100000|  0%| F|  |TAMS 0x0000000087000000, 0x0000000087000000| Untracked 
| 113|0x0000000087100000, 0x0000000087100000, 0x0000000087200000|  0%| F|  |TAMS 0x0000000087100000, 0x0000000087100000| Untracked 
| 114|0x0000000087200000, 0x0000000087200000, 0x0000000087300000|  0%| F|  |TAMS 0x0000000087200000, 0x0000000087200000| Untracked 
| 115|0x0000000087300000, 0x0000000087300000, 0x0000000087400000|  0%| F|  |TAMS 0x0000000087300000, 0x0000000087300000| Untracked 
| 116|0x0000000087400000, 0x0000000087400000, 0x0000000087500000|  0%| F|  |TAMS 0x0000000087400000, 0x0000000087400000| Untracked 
| 117|0x0000000087500000, 0x0000000087500000, 0x0000000087600000|  0%| F|  |TAMS 0x0000000087500000, 0x0000000087500000| Untracked 
| 118|0x0000000087600000, 0x0000000087600000, 0x0000000087700000|  0%| F|  |TAMS 0x0000000087600000, 0x0000000087600000| Untracked 
| 119|0x0000000087700000, 0x0000000087800000, 0x0000000087800000|100%| E|  |TAMS 0x0000000087700000, 0x0000000087700000| Complete 
| 120|0x0000000087800000, 0x0000000087900000, 0x0000000087900000|100%| E|CS|TAMS 0x0000000087800000, 0x0000000087800000| Complete 
| 121|0x0000000087900000, 0x0000000087a00000, 0x0000000087a00000|100%| E|CS|TAMS 0x0000000087900000, 0x0000000087900000| Complete 
| 122|0x0000000087a00000, 0x0000000087b00000, 0x0000000087b00000|100%| E|CS|TAMS 0x0000000087a00000, 0x0000000087a00000| Complete 
| 123|0x0000000087b00000, 0x0000000087c00000, 0x0000000087c00000|100%| E|CS|TAMS 0x0000000087b00000, 0x0000000087b00000| Complete 

Card table byte_map: [0x0000024bd4350000,0x0000024bd4750000] _byte_map_base: 0x0000024bd3f50000

Marking Bits (Prev, Next): (CMBitMap*) 0x0000024bbd14d5d0, (CMBitMap*) 0x0000024bbd14d610
 Prev Bits: [0x0000024bd4b50000, 0x0000024bd6b50000)
 Next Bits: [0x0000024bd6b50000, 0x0000024bd8b50000)

Polling page: 0x0000024bbafc0000

Metaspace:

Usage:
  Non-class:     14.15 MB used.
      Class:      2.33 MB used.
       Both:     16.48 MB used.

Virtual space:
  Non-class space:       64.00 MB reserved,      14.31 MB ( 22%) committed,  1 nodes.
      Class space:      416.00 MB reserved,       2.50 MB ( <1%) committed,  1 nodes.
             Both:      480.00 MB reserved,      16.81 MB (  4%) committed. 

Chunk freelists:
   Non-Class:  1.23 MB
       Class:  13.55 MB
        Both:  14.78 MB

MaxMetaspaceSize: 512.00 MB
CompressedClassSpaceSize: 416.00 MB
Initial GC threshold: 21.00 MB
Current GC threshold: 21.00 MB
CDS: on
MetaspaceReclaimPolicy: balanced
 - commit_granule_bytes: 65536.
 - commit_granule_words: 8192.
 - virtual_space_node_default_size: 8388608.
 - enlarge_chunks_in_place: 1.
 - new_chunks_are_fully_committed: 0.
 - uncommit_free_chunks: 1.
 - use_allocation_guard: 0.
 - handle_deallocations: 1.


Internal statistics:

num_allocs_failed_limit: 0.
num_arena_births: 184.
num_arena_deaths: 0.
num_vsnodes_births: 2.
num_vsnodes_deaths: 0.
num_space_committed: 269.
num_space_uncommitted: 0.
num_chunks_returned_to_freelist: 0.
num_chunks_taken_from_freelist: 743.
num_chunk_merges: 0.
num_chunk_splits: 495.
num_chunks_enlarged: 368.
num_inconsistent_stats: 0.

CodeHeap 'non-profiled nmethods': size=120000Kb used=1224Kb max_used=1224Kb free=118775Kb
 bounds [0x0000024bcc6f0000, 0x0000024bcc960000, 0x0000024bd3c20000]
CodeHeap 'profiled nmethods': size=120000Kb used=4968Kb max_used=4968Kb free=115031Kb
 bounds [0x0000024bc4c20000, 0x0000024bc5100000, 0x0000024bcc150000]
CodeHeap 'non-nmethods': size=5760Kb used=1240Kb max_used=1271Kb free=4519Kb
 bounds [0x0000024bcc150000, 0x0000024bcc3c0000, 0x0000024bcc6f0000]
 total_blobs=3058 nmethods=2517 adapters=453
 compilation: enabled
              stopped_count=0, restarted_count=0
 full_count=0

Compilation events (20 events):
Event: 5.938 Thread 0x0000024bdb598a50 2503   !   4       java.net.URLClassLoader::findClass (47 bytes)
Event: 5.948 Thread 0x0000024bdb600040 2505   !   3       org.gradle.internal.classloader.TransformingClassLoader::findClass (203 bytes)
Event: 5.951 Thread 0x0000024bdb600040 nmethod 2505 0x0000024bc50ef110 code [0x0000024bc50ef5e0, 0x0000024bc50f1998]
Event: 5.957 Thread 0x0000024bdb600040 2507   !   3       sun.reflect.annotation.AnnotationParser::parseClassValue (56 bytes)
Event: 5.958 Thread 0x0000024bdb600040 nmethod 2507 0x0000024bc50f2910 code [0x0000024bc50f2b40, 0x0000024bc50f30e8]
Event: 5.964 Thread 0x0000024bdb600040 2509       3       java.util.HashMap::put (13 bytes)
Event: 5.964 Thread 0x0000024bdb600040 nmethod 2509 0x0000024bc50f3390 code [0x0000024bc50f3540, 0x0000024bc50f3838]
Event: 6.004 Thread 0x0000024bdb600040 2510       3       java.util.concurrent.locks.ReentrantLock::unlock (10 bytes)
Event: 6.005 Thread 0x0000024bdb600040 nmethod 2510 0x0000024bc50f3990 code [0x0000024bc50f3b60, 0x0000024bc50f3e38]
Event: 6.005 Thread 0x0000024bdb600040 2511       3       java.lang.ref.Reference::enqueueFromPending (19 bytes)
Event: 6.005 Thread 0x0000024bdb600040 nmethod 2511 0x0000024bc50f3f90 code [0x0000024bc50f4140, 0x0000024bc50f4368]
Event: 6.005 Thread 0x0000024bdb600040 2512   !   3       java.lang.ref.ReferenceQueue::enqueue (119 bytes)
Event: 6.006 Thread 0x0000024bdb600040 nmethod 2512 0x0000024bc50f4410 code [0x0000024bc50f4600, 0x0000024bc50f4ca8]
Event: 6.040 Thread 0x0000024bdb600040 2514       3       java.lang.Class::isLocalOrAnonymousClass (5 bytes)
Event: 6.040 Thread 0x0000024bdb600040 nmethod 2514 0x0000024bc50f4e90 code [0x0000024bc50f5040, 0x0000024bc50f5258]
Event: 6.040 Thread 0x0000024bdb600040 2515       3       java.lang.Class::hasEnclosingMethodInfo (17 bytes)
Event: 6.040 Thread 0x0000024bdb600040 nmethod 2515 0x0000024bc50f5310 code [0x0000024bc50f54c0, 0x0000024bc50f5698]
Event: 6.059 Thread 0x0000024bdb600040 2516       3       jdk.internal.reflect.ByteVectorImpl::get (26 bytes)
Event: 6.059 Thread 0x0000024bdb600040 nmethod 2516 0x0000024bc50f5790 code [0x0000024bc50f5940, 0x0000024bc50f5b08]
Event: 6.072 Thread 0x0000024bdb600040 2517       3       java.util.jar.Manifest::<init> (38 bytes)

GC Heap History (8 events):
Event: 0.815 GC heap before
{Heap before GC invocations=0 (full 0):
 garbage-first heap   total 126976K, used 23552K [0x0000000080000000, 0x0000000100000000)
  region size 1024K, 23 young (23552K), 0 survivors (0K)
 Metaspace       used 1068K, committed 1216K, reserved 491520K
  class space    used 72K, committed 128K, reserved 425984K
}
Event: 0.822 GC heap after
{Heap after GC invocations=1 (full 0):
 garbage-first heap   total 126976K, used 2688K [0x0000000080000000, 0x0000000100000000)
  region size 1024K, 3 young (3072K), 3 survivors (3072K)
 Metaspace       used 1068K, committed 1216K, reserved 491520K
  class space    used 72K, committed 128K, reserved 425984K
}
Event: 1.763 GC heap before
{Heap before GC invocations=1 (full 0):
 garbage-first heap   total 126976K, used 38528K [0x0000000080000000, 0x0000000100000000)
  region size 1024K, 36 young (36864K), 3 survivors (3072K)
 Metaspace       used 4367K, committed 4544K, reserved 491520K
  class space    used 547K, committed 640K, reserved 425984K
}
Event: 1.774 GC heap after
{Heap after GC invocations=2 (full 0):
 garbage-first heap   total 126976K, used 11110K [0x0000000080000000, 0x0000000100000000)
  region size 1024K, 5 young (5120K), 5 survivors (5120K)
 Metaspace       used 4367K, committed 4544K, reserved 491520K
  class space    used 547K, committed 640K, reserved 425984K
}
Event: 2.447 GC heap before
{Heap before GC invocations=2 (full 0):
 garbage-first heap   total 126976K, used 56166K [0x0000000080000000, 0x0000000100000000)
  region size 1024K, 47 young (48128K), 5 survivors (5120K)
 Metaspace       used 4538K, committed 4672K, reserved 491520K
  class space    used 556K, committed 640K, reserved 425984K
}
Event: 2.462 GC heap after
{Heap after GC invocations=3 (full 0):
 garbage-first heap   total 126976K, used 15834K [0x0000000080000000, 0x0000000100000000)
  region size 1024K, 4 young (4096K), 4 survivors (4096K)
 Metaspace       used 4538K, committed 4672K, reserved 491520K
  class space    used 556K, committed 640K, reserved 425984K
}
Event: 5.992 GC heap before
{Heap before GC invocations=3 (full 0):
 garbage-first heap   total 126976K, used 87514K [0x0000000080000000, 0x0000000100000000)
  region size 1024K, 74 young (75776K), 4 survivors (4096K)
 Metaspace       used 16466K, committed 16704K, reserved 491520K
  class space    used 2302K, committed 2432K, reserved 425984K
}
Event: 6.004 GC heap after
{Heap after GC invocations=4 (full 0):
 garbage-first heap   total 126976K, used 21278K [0x0000000080000000, 0x0000000100000000)
  region size 1024K, 10 young (10240K), 10 survivors (10240K)
 Metaspace       used 16466K, committed 16704K, reserved 491520K
  class space    used 2302K, committed 2432K, reserved 425984K
}

Dll operation events (15 events):
Event: 0.019 Loaded shared library C:\Program Files\Microsoft\jdk-17.0.14.7-hotspot\bin\java.dll
Event: 0.053 Loaded shared library C:\Program Files\Microsoft\jdk-17.0.14.7-hotspot\bin\jsvml.dll
Event: 0.180 Loaded shared library C:\Program Files\Microsoft\jdk-17.0.14.7-hotspot\bin\zip.dll
Event: 0.187 Loaded shared library C:\Program Files\Microsoft\jdk-17.0.14.7-hotspot\bin\instrument.dll
Event: 0.193 Loaded shared library C:\Program Files\Microsoft\jdk-17.0.14.7-hotspot\bin\net.dll
Event: 0.195 Loaded shared library C:\Program Files\Microsoft\jdk-17.0.14.7-hotspot\bin\nio.dll
Event: 0.199 Loaded shared library C:\Program Files\Microsoft\jdk-17.0.14.7-hotspot\bin\zip.dll
Event: 0.689 Loaded shared library C:\Program Files\Microsoft\jdk-17.0.14.7-hotspot\bin\jimage.dll
Event: 0.994 Loaded shared library C:\Program Files\Microsoft\jdk-17.0.14.7-hotspot\bin\verify.dll
Event: 1.113 Loaded shared library C:\Users\DELL\.gradle\native\1def1411415f61bf3af743bc5b6707747c0891f09f0c88961ee8f79bc544acac\windows-amd64\native-platform.dll
Event: 1.138 Loaded shared library C:\Users\DELL\.gradle\native\0.2.7\x86_64-windows-gnu\gradle-fileevents.dll
Event: 3.033 Loaded shared library C:\Program Files\Microsoft\jdk-17.0.14.7-hotspot\bin\management.dll
Event: 3.039 Loaded shared library C:\Program Files\Microsoft\jdk-17.0.14.7-hotspot\bin\management_ext.dll
Event: 3.710 Loaded shared library C:\Program Files\Microsoft\jdk-17.0.14.7-hotspot\bin\extnet.dll
Event: 4.302 Loaded shared library C:\Program Files\Microsoft\jdk-17.0.14.7-hotspot\bin\sunmscapi.dll

Deoptimization events (20 events):
Event: 5.505 Thread 0x0000024bfc94d900 Uncommon trap: trap_request=0xffffff45 fr.pc=0x0000024bcc7ec5f4 relative=0x0000000000000074
Event: 5.505 Thread 0x0000024bfc94d900 Uncommon trap: reason=unstable_if action=reinterpret pc=0x0000024bcc7ec5f4 method=jdk.internal.misc.Unsafe.convEndian(ZI)I @ 4 c2
Event: 5.505 Thread 0x0000024bfc94d900 DEOPT PACKING pc=0x0000024bcc7ec5f4 sp=0x000000f5853fab30
Event: 5.505 Thread 0x0000024bfc94d900 DEOPT UNPACKING pc=0x0000024bcc1aa1a3 sp=0x000000f5853faa38 mode 2
Event: 5.535 Thread 0x0000024bfc94d900 Uncommon trap: trap_request=0xffffff45 fr.pc=0x0000024bcc714614 relative=0x0000000000000b94
Event: 5.535 Thread 0x0000024bfc94d900 Uncommon trap: reason=unstable_if action=reinterpret pc=0x0000024bcc714614 method=java.io.WinNTFileSystem.resolve(Ljava/lang/String;Ljava/lang/String;)Ljava/lang/String; @ 19 c2
Event: 5.535 Thread 0x0000024bfc94d900 DEOPT PACKING pc=0x0000024bcc714614 sp=0x000000f5853fb040
Event: 5.535 Thread 0x0000024bfc94d900 DEOPT UNPACKING pc=0x0000024bcc1aa1a3 sp=0x000000f5853fafe8 mode 2
Event: 5.537 Thread 0x0000024bfc94d900 Uncommon trap: trap_request=0xffffff45 fr.pc=0x0000024bcc77e7ec relative=0x000000000000062c
Event: 5.537 Thread 0x0000024bfc94d900 Uncommon trap: reason=unstable_if action=reinterpret pc=0x0000024bcc77e7ec method=java.io.File.getName()Ljava/lang/String; @ 16 c2
Event: 5.537 Thread 0x0000024bfc94d900 DEOPT PACKING pc=0x0000024bcc77e7ec sp=0x000000f5853faff0
Event: 5.537 Thread 0x0000024bfc94d900 DEOPT UNPACKING pc=0x0000024bcc1aa1a3 sp=0x000000f5853fafc0 mode 2
Event: 5.621 Thread 0x0000024bfc94d900 Uncommon trap: trap_request=0xffffff45 fr.pc=0x0000024bcc721d78 relative=0x00000000000000d8
Event: 5.621 Thread 0x0000024bfc94d900 Uncommon trap: reason=unstable_if action=reinterpret pc=0x0000024bcc721d78 method=java.util.HashMap.hash(Ljava/lang/Object;)I @ 1 c2
Event: 5.621 Thread 0x0000024bfc94d900 DEOPT PACKING pc=0x0000024bcc721d78 sp=0x000000f5853fc010
Event: 5.621 Thread 0x0000024bfc94d900 DEOPT UNPACKING pc=0x0000024bcc1aa1a3 sp=0x000000f5853fbf50 mode 2
Event: 5.720 Thread 0x0000024bfc94d900 Uncommon trap: trap_request=0xffffff45 fr.pc=0x0000024bcc783520 relative=0x0000000000000780
Event: 5.720 Thread 0x0000024bfc94d900 Uncommon trap: reason=unstable_if action=reinterpret pc=0x0000024bcc783520 method=java.util.ArrayList.grow(I)[Ljava/lang/Object; @ 17 c2
Event: 5.720 Thread 0x0000024bfc94d900 DEOPT PACKING pc=0x0000024bcc783520 sp=0x000000f5853fcfa0
Event: 5.720 Thread 0x0000024bfc94d900 DEOPT UNPACKING pc=0x0000024bcc1aa1a3 sp=0x000000f5853fce38 mode 2

Classes loaded (20 events):
Event: 5.502 Loading class sun/security/provider/SHA5$SHA512
Event: 5.502 Loading class sun/security/provider/SHA5
Event: 5.502 Loading class sun/security/provider/SHA5 done
Event: 5.502 Loading class sun/security/provider/SHA5$SHA512 done
Event: 5.505 Loading class sun/security/provider/ByteArrayAccess$LE
Event: 5.505 Loading class sun/security/provider/ByteArrayAccess$LE done
Event: 5.537 Loading class java/io/File$TempDirectory
Event: 5.537 Loading class java/io/File$TempDirectory done
Event: 5.543 Loading class java/io/PrintWriter
Event: 5.544 Loading class java/io/PrintWriter done
Event: 5.575 Loading class java/util/concurrent/Semaphore
Event: 5.575 Loading class java/util/concurrent/Semaphore done
Event: 5.580 Loading class java/nio/file/FileVisitOption
Event: 5.581 Loading class java/nio/file/FileVisitOption done
Event: 5.586 Loading class java/util/stream/ReduceOps$1
Event: 5.586 Loading class java/util/stream/ReduceOps$1 done
Event: 5.586 Loading class java/util/stream/ReduceOps$1ReducingSink
Event: 5.587 Loading class java/util/stream/ReduceOps$1ReducingSink done
Event: 5.988 Loading class java/util/function/LongFunction
Event: 5.988 Loading class java/util/function/LongFunction done

Classes unloaded (0 events):
No events

Classes redefined (0 events):
No events

Internal exceptions (20 events):
Event: 4.105 Thread 0x0000024bbd0f3420 Exception <a 'java/lang/NoSuchMethodError'{0x0000000086899378}: 'java.lang.Object java.lang.invoke.DirectMethodHandle$Holder.invokeStaticInit(java.lang.Object, java.lang.Object, int, int, int, int)'> (0x0000000086899378) 
thrown [s\src\hotspot\share\interpreter\linkResolver.cpp, line 759]
Event: 4.235 Thread 0x0000024bbd0f3420 Exception <a 'java/io/IOException'{0x00000000865aac98}> (0x00000000865aac98) 
thrown [s\src\hotspot\share\prims\jni.cpp, line 516]
Event: 4.244 Thread 0x0000024bbd0f3420 Implicit null exception at 0x0000024bcc7704d5 to 0x0000024bcc770ae8
Event: 4.256 Thread 0x0000024bbd0f3420 Exception <a 'java/lang/NoSuchMethodError'{0x0000000086411398}: 'java.lang.Object java.lang.invoke.DirectMethodHandle$Holder.newInvokeSpecial(java.lang.Object, java.lang.Object, java.lang.Object, java.lang.Object, java.lang.Object)'> (0x0000000086411398) 
thrown [s\src\hotspot\share\interpreter\linkResolver.cpp, line 759]
Event: 4.558 Thread 0x0000024bfc485600 Exception <a 'java/lang/NoSuchMethodError'{0x00000000862fb038}: 'void java.lang.invoke.DirectMethodHandle$Holder.invokeSpecial(java.lang.Object, java.lang.Object, java.lang.Object)'> (0x00000000862fb038) 
thrown [s\src\hotspot\share\interpreter\linkResolver.cpp, line 759]
Event: 4.738 Thread 0x0000024bfc94d900 Exception <a 'java/lang/NoSuchMethodError'{0x0000000085a290d0}: 'long java.lang.invoke.DirectMethodHandle$Holder.invokeInterface(java.lang.Object, java.lang.Object)'> (0x0000000085a290d0) 
thrown [s\src\hotspot\share\interpreter\linkResolver.cpp, line 759]
Event: 4.897 Thread 0x0000024bfc94d900 Exception <a 'java/lang/NoSuchMethodError'{0x00000000856c92f8}: 'void java.lang.invoke.DirectMethodHandle$Holder.invokeStatic(java.lang.Object, java.lang.Object)'> (0x00000000856c92f8) 
thrown [s\src\hotspot\share\interpreter\linkResolver.cpp, line 759]
Event: 4.997 Thread 0x0000024bfc94d900 Exception <a 'java/lang/NoSuchMethodError'{0x00000000854ec1d0}: 'int java.lang.invoke.DirectMethodHandle$Holder.invokeVirtual(java.lang.Object, java.lang.Object, java.lang.Object)'> (0x00000000854ec1d0) 
thrown [s\src\hotspot\share\interpreter\linkResolver.cpp, line 759]
Event: 5.076 Thread 0x0000024bfc94d900 Exception <a 'java/lang/NoSuchMethodError'{0x0000000085183f88}: 'java.lang.Object java.lang.invoke.DirectMethodHandle$Holder.newInvokeSpecial(java.lang.Object, java.lang.Object, java.lang.Object, java.lang.Object, java.lang.Object, java.lang.Object)'> (0x0000000085183f88) 
thrown [s\src\hotspot\share\interpreter\linkResolver.cpp, line 759]
Event: 5.183 Thread 0x0000024bfc94d900 Exception <a 'java/lang/NoSuchMethodError'{0x0000000084e8c948}: 'void java.lang.invoke.DelegatingMethodHandle$Holder.reinvoke_L(java.lang.Object, java.lang.Object, java.lang.Object, java.lang.Object, java.lang.Object, java.lang.Object, java.lang.Object, java.lang.Object, java.lang.Object, java.lang.Object)'> (0x0000000084e8c948) 
thrown [s\src\hotspot\share\interpreter\linkResolver.cpp, line 759]
Event: 5.184 Thread 0x0000024bfc94d900 Exception <a 'java/lang/NoSuchMethodError'{0x0000000084e94db8}: 'java.lang.Object java.lang.invoke.DirectMethodHandle$Holder.invokeSpecial(java.lang.Object, java.lang.Object, java.lang.Object, java.lang.Object, java.lang.Object, java.lang.Object, java.lang.Object, java.lang.Object, java.lang.Object, java.lang.Object)'> (0x0000000084e94db8) 
thrown [s\src\hotspot\share\interpreter\linkResolver.cpp, line 759]
Event: 5.185 Thread 0x0000024bfc94d900 Exception <a 'java/lang/NoSuchMethodError'{0x0000000084e99688}: 'java.lang.Object java.lang.invoke.Invokers$Holder.invoker(java.lang.Object, java.lang.Object, java.lang.Object, java.lang.Object, java.lang.Object, java.lang.Object, java.lang.Object, java.lang.Object, java.lang.Object, java.lang.Object)'> (0x0000000084e99688) 
thrown [s\src\hotspot\share\interpreter\linkResolver.cpp, line 759]
Event: 5.186 Thread 0x0000024bfc94d900 Exception <a 'java/lang/NoSuchMethodError'{0x0000000084e9f290}: 'java.lang.Object java.lang.invoke.DirectMethodHandle$Holder.invokeSpecial(java.lang.Object, java.lang.Object, java.lang.Object, java.lang.Object, java.lang.Object, java.lang.Object, java.lang.Object, java.lang.Object, java.lang.Object, java.lang.Object, java.lang.Object)'> (0x0000000084e9f290) 
thrown [s\src\hotspot\share\interpreter\linkResolver.cpp, line 759]
Event: 5.433 Thread 0x0000024bfc94d900 Exception <a 'java/lang/NoSuchMethodError'{0x00000000842a89a0}: 'java.lang.Object java.lang.invoke.DirectMethodHandle$Holder.newInvokeSpecial(java.lang.Object, java.lang.Object, int)'> (0x00000000842a89a0) 
thrown [s\src\hotspot\share\interpreter\linkResolver.cpp, line 759]
Event: 5.562 Thread 0x0000024bfc94d900 Exception <a 'java/lang/NoSuchMethodError'{0x0000000083c68b88}: 'java.lang.Object java.lang.invoke.DirectMethodHandle$Holder.invokeInterface(java.lang.Object, java.lang.Object, java.lang.Object)'> (0x0000000083c68b88) 
thrown [s\src\hotspot\share\interpreter\linkResolver.cpp, line 759]
Event: 5.583 Thread 0x0000024bfc94d900 Exception <a 'java/lang/NoSuchMethodError'{0x0000000083b4ecb8}: 'int java.lang.invoke.DirectMethodHandle$Holder.invokeSpecialIFC(java.lang.Object, java.lang.Object, java.lang.Object, java.lang.Object)'> (0x0000000083b4ecb8) 
thrown [s\src\hotspot\share\interpreter\linkResolver.cpp, line 759]
Event: 5.586 Thread 0x0000024bfc94d900 Exception <a 'java/lang/IncompatibleClassChangeError'{0x0000000083b5da20}: Found class java.lang.Object, but interface was expected> (0x0000000083b5da20) 
thrown [s\src\hotspot\share\interpreter\linkResolver.cpp, line 826]
Event: 5.621 Thread 0x0000024bfc94d900 Implicit null exception at 0x0000024bcc721cd8 to 0x0000024bcc721d6e
Event: 5.645 Thread 0x0000024bfc94d900 Exception <a 'java/lang/NoSuchMethodError'{0x000000008395ce28}: 'int java.lang.invoke.DirectMethodHandle$Holder.invokeStatic(java.lang.Object, java.lang.Object, java.lang.Object, java.lang.Object)'> (0x000000008395ce28) 
thrown [s\src\hotspot\share\interpreter\linkResolver.cpp, line 759]
Event: 5.646 Thread 0x0000024bfc94d900 Exception <a 'java/lang/NoSuchMethodError'{0x0000000083960cf8}: 'java.lang.Object java.lang.invoke.Invokers$Holder.invokeExact_MT(java.lang.Object, java.lang.Object, java.lang.Object, java.lang.Object, java.lang.Object, java.lang.Object)'> (0x0000000083960cf8) 
thrown [s\src\hotspot\share\interpreter\linkResolver.cpp, line 759]

VM Operations (20 events):
Event: 3.704 Executing VM operation: Cleanup
Event: 3.704 Executing VM operation: Cleanup done
Event: 3.801 Executing VM operation: HandshakeAllThreads
Event: 3.801 Executing VM operation: HandshakeAllThreads done
Event: 3.802 Executing VM operation: HandshakeAllThreads
Event: 3.802 Executing VM operation: HandshakeAllThreads done
Event: 4.043 Executing VM operation: HandshakeAllThreads
Event: 4.043 Executing VM operation: HandshakeAllThreads done
Event: 4.044 Executing VM operation: HandshakeAllThreads
Event: 4.044 Executing VM operation: HandshakeAllThreads done
Event: 4.338 Executing VM operation: HandshakeAllThreads
Event: 4.338 Executing VM operation: HandshakeAllThreads done
Event: 4.978 Executing VM operation: ICBufferFull
Event: 4.978 Executing VM operation: ICBufferFull done
Event: 5.828 Executing VM operation: HandshakeAllThreads
Event: 5.828 Executing VM operation: HandshakeAllThreads done
Event: 5.829 Executing VM operation: HandshakeAllThreads
Event: 5.829 Executing VM operation: HandshakeAllThreads done
Event: 5.991 Executing VM operation: G1CollectForAllocation
Event: 6.004 Executing VM operation: G1CollectForAllocation done

Memory protections (0 events):
No events

Nmethod flushes (0 events):
No events

Events (20 events):
Event: 0.089 Thread 0x0000024bbd0f3420 Thread added: 0x0000024bdb595390
Event: 0.089 Thread 0x0000024bbd0f3420 Thread added: 0x0000024bdb597d60
Event: 0.089 Thread 0x0000024bbd0f3420 Thread added: 0x0000024bdb598a50
Event: 0.099 Thread 0x0000024bbd0f3420 Thread added: 0x0000024bdb600040
Event: 0.100 Thread 0x0000024bbd0f3420 Thread added: 0x0000024bdb610630
Event: 0.137 Thread 0x0000024bbd0f3420 Thread added: 0x0000024bdb564520
Event: 0.216 Thread 0x0000024bbd0f3420 Thread added: 0x0000024bdb73ef30
Event: 3.124 Thread 0x0000024bbd0f3420 Thread added: 0x0000024bfc5ff0d0
Event: 4.137 Thread 0x0000024bbd0f3420 Thread added: 0x0000024bfc0b8530
Event: 4.264 Thread 0x0000024bbd0f3420 Thread added: 0x0000024bfc0f8d10
Event: 4.433 Thread 0x0000024bfc0b8530 Thread added: 0x0000024bfc485600
Event: 4.450 Thread 0x0000024bfc485600 Thread added: 0x0000024bfc344b40
Event: 4.542 Thread 0x0000024bfc485600 Thread added: 0x0000024bfc94de10
Event: 4.559 Thread 0x0000024bfc485600 Thread added: 0x0000024bfc94d900
Event: 4.589 Thread 0x0000024bfc94d900 Thread added: 0x0000024bfc94e320
Event: 4.594 Thread 0x0000024bfc94d900 Thread added: 0x0000024bfc94d3f0
Event: 4.602 Thread 0x0000024bfc94d900 Thread added: 0x0000024bfc94f760
Event: 5.431 Thread 0x0000024bfc94d900 Thread added: 0x0000024bfc94e830
Event: 5.447 Thread 0x0000024bfc94d900 Thread added: 0x0000024bfc94ed40
Event: 5.488 Thread 0x0000024bfc94d900 Thread added: 0x0000024bfc94f250


Dynamic libraries:
0x00007ff74a6c0000 - 0x00007ff74a6ce000 	C:\Program Files\Microsoft\jdk-17.0.14.7-hotspot\bin\java.exe
0x00007ff9aeeb0000 - 0x00007ff9af0c7000 	C:\WINDOWS\SYSTEM32\ntdll.dll
0x00007ff9acf80000 - 0x00007ff9ad044000 	C:\WINDOWS\System32\KERNEL32.DLL
0x00007ff9ac2c0000 - 0x00007ff9ac693000 	C:\WINDOWS\System32\KERNELBASE.dll
0x00007ff9ac1a0000 - 0x00007ff9ac2b1000 	C:\WINDOWS\System32\ucrtbase.dll
0x00007ff9a4a70000 - 0x00007ff9a4a87000 	C:\Program Files\Microsoft\jdk-17.0.14.7-hotspot\bin\jli.dll
0x00007ff9ad150000 - 0x00007ff9ad301000 	C:\WINDOWS\System32\USER32.dll
0x00007ff989f10000 - 0x00007ff989f2d000 	C:\Program Files\Microsoft\jdk-17.0.14.7-hotspot\bin\VCRUNTIME140.dll
0x00007ff9acb20000 - 0x00007ff9acb46000 	C:\WINDOWS\System32\win32u.dll
0x00007ff993000000 - 0x00007ff993298000 	C:\WINDOWS\WinSxS\amd64_microsoft.windows.common-controls_6595b64144ccf1df_6.0.22621.5124_none_270e8f4f7386d69d\COMCTL32.dll
0x00007ff9ad0a0000 - 0x00007ff9ad147000 	C:\WINDOWS\System32\msvcrt.dll
0x00007ff9aeca0000 - 0x00007ff9aecc9000 	C:\WINDOWS\System32\GDI32.dll
0x00007ff9ac6a0000 - 0x00007ff9ac7bb000 	C:\WINDOWS\System32\gdi32full.dll
0x00007ff9ac100000 - 0x00007ff9ac19a000 	C:\WINDOWS\System32\msvcp_win.dll
0x00007ff9adfc0000 - 0x00007ff9adff1000 	C:\WINDOWS\System32\IMM32.DLL
0x00007ff9a97b0000 - 0x00007ff9a97bc000 	C:\Program Files\Microsoft\jdk-17.0.14.7-hotspot\bin\vcruntime140_1.dll
0x00007ff9517b0000 - 0x00007ff95183d000 	C:\Program Files\Microsoft\jdk-17.0.14.7-hotspot\bin\msvcp140.dll
0x00007ff8e1c90000 - 0x00007ff8e2902000 	C:\Program Files\Microsoft\jdk-17.0.14.7-hotspot\bin\server\jvm.dll
0x00007ff9add10000 - 0x00007ff9addc1000 	C:\WINDOWS\System32\ADVAPI32.dll
0x00007ff9ad410000 - 0x00007ff9ad4b8000 	C:\WINDOWS\System32\sechost.dll
0x00007ff9ac7c0000 - 0x00007ff9ac7e8000 	C:\WINDOWS\System32\bcrypt.dll
0x00007ff9ae0b0000 - 0x00007ff9ae1c4000 	C:\WINDOWS\System32\RPCRT4.dll
0x00007ff9acd10000 - 0x00007ff9acd81000 	C:\WINDOWS\System32\WS2_32.dll
0x00007ff9aae10000 - 0x00007ff9aae5d000 	C:\WINDOWS\SYSTEM32\POWRPROF.dll
0x00007ff9a0fa0000 - 0x00007ff9a0fd4000 	C:\WINDOWS\SYSTEM32\WINMM.dll
0x00007ff9a0860000 - 0x00007ff9a086a000 	C:\WINDOWS\SYSTEM32\VERSION.dll
0x00007ff9aadf0000 - 0x00007ff9aae03000 	C:\WINDOWS\SYSTEM32\UMPDC.dll
0x00007ff9ab0c0000 - 0x00007ff9ab0d8000 	C:\WINDOWS\SYSTEM32\kernel.appcore.dll
0x00007ff9a6c60000 - 0x00007ff9a6c6a000 	C:\Program Files\Microsoft\jdk-17.0.14.7-hotspot\bin\jimage.dll
0x00007ff9a98f0000 - 0x00007ff9a9b22000 	C:\WINDOWS\SYSTEM32\DBGHELP.DLL
0x00007ff9ad4c0000 - 0x00007ff9ad852000 	C:\WINDOWS\System32\combase.dll
0x00007ff9ad320000 - 0x00007ff9ad3f7000 	C:\WINDOWS\System32\OLEAUT32.dll
0x00007ff997d30000 - 0x00007ff997d62000 	C:\WINDOWS\SYSTEM32\dbgcore.DLL
0x00007ff9ac930000 - 0x00007ff9ac9ab000 	C:\WINDOWS\System32\bcryptPrimitives.dll
0x00007ff9a0ce0000 - 0x00007ff9a0cee000 	C:\Program Files\Microsoft\jdk-17.0.14.7-hotspot\bin\instrument.dll
0x00007ff9848e0000 - 0x00007ff984905000 	C:\Program Files\Microsoft\jdk-17.0.14.7-hotspot\bin\java.dll
0x00007ff90c510000 - 0x00007ff90c5e7000 	C:\Program Files\Microsoft\jdk-17.0.14.7-hotspot\bin\jsvml.dll
0x00007ff9ae400000 - 0x00007ff9aec96000 	C:\WINDOWS\System32\SHELL32.dll
0x00007ff9ac7f0000 - 0x00007ff9ac92f000 	C:\WINDOWS\System32\wintypes.dll
0x00007ff9a9ea0000 - 0x00007ff9aa7ba000 	C:\WINDOWS\SYSTEM32\windows.storage.dll
0x00007ff9aecd0000 - 0x00007ff9aedda000 	C:\WINDOWS\System32\SHCORE.dll
0x00007ff9ae390000 - 0x00007ff9ae3f3000 	C:\WINDOWS\System32\shlwapi.dll
0x00007ff9abef0000 - 0x00007ff9abf1b000 	C:\WINDOWS\SYSTEM32\profapi.dll
0x00007ff978cb0000 - 0x00007ff978cc8000 	C:\Program Files\Microsoft\jdk-17.0.14.7-hotspot\bin\zip.dll
0x00007ff9848a0000 - 0x00007ff9848ba000 	C:\Program Files\Microsoft\jdk-17.0.14.7-hotspot\bin\net.dll
0x00007ff9a3e70000 - 0x00007ff9a3f9c000 	C:\WINDOWS\SYSTEM32\WINHTTP.dll
0x00007ff9ab560000 - 0x00007ff9ab5ca000 	C:\WINDOWS\system32\mswsock.dll
0x00007ff979a30000 - 0x00007ff979a46000 	C:\Program Files\Microsoft\jdk-17.0.14.7-hotspot\bin\nio.dll
0x00007ff9a0dc0000 - 0x00007ff9a0dd0000 	C:\Program Files\Microsoft\jdk-17.0.14.7-hotspot\bin\verify.dll
0x00007ff98a170000 - 0x00007ff98a197000 	C:\Users\DELL\.gradle\native\1def1411415f61bf3af743bc5b6707747c0891f09f0c88961ee8f79bc544acac\windows-amd64\native-platform.dll
0x00007ff9922e0000 - 0x00007ff992358000 	C:\Users\DELL\.gradle\native\0.2.7\x86_64-windows-gnu\gradle-fileevents.dll
0x00007ff997630000 - 0x00007ff99763a000 	C:\Program Files\Microsoft\jdk-17.0.14.7-hotspot\bin\management.dll
0x00007ff9974c0000 - 0x00007ff9974cb000 	C:\Program Files\Microsoft\jdk-17.0.14.7-hotspot\bin\management_ext.dll
0x00007ff9ad310000 - 0x00007ff9ad318000 	C:\WINDOWS\System32\PSAPI.DLL
0x00007ff9aaa80000 - 0x00007ff9aaaad000 	C:\WINDOWS\SYSTEM32\IPHLPAPI.DLL
0x00007ff9adce0000 - 0x00007ff9adce9000 	C:\WINDOWS\System32\NSI.dll
0x00007ff9a3e50000 - 0x00007ff9a3e69000 	C:\WINDOWS\SYSTEM32\dhcpcsvc6.DLL
0x00007ff9a3e30000 - 0x00007ff9a3e4f000 	C:\WINDOWS\SYSTEM32\dhcpcsvc.DLL
0x00007ff9aaab0000 - 0x00007ff9aabb2000 	C:\WINDOWS\SYSTEM32\DNSAPI.dll
0x00007ff997b50000 - 0x00007ff997b59000 	C:\Program Files\Microsoft\jdk-17.0.14.7-hotspot\bin\extnet.dll
0x00007ff9ab7b0000 - 0x00007ff9ab7cb000 	C:\WINDOWS\SYSTEM32\CRYPTSP.dll
0x00007ff9ab020000 - 0x00007ff9ab057000 	C:\WINDOWS\system32\rsaenh.dll
0x00007ff9ab650000 - 0x00007ff9ab678000 	C:\WINDOWS\SYSTEM32\USERENV.dll
0x00007ff9ab7d0000 - 0x00007ff9ab7dc000 	C:\WINDOWS\SYSTEM32\CRYPTBASE.dll
0x00007ff9a6cc0000 - 0x00007ff9a6cce000 	C:\Program Files\Microsoft\jdk-17.0.14.7-hotspot\bin\sunmscapi.dll
0x00007ff9ac9b0000 - 0x00007ff9acb17000 	C:\WINDOWS\System32\CRYPT32.dll
0x00007ff9ab950000 - 0x00007ff9ab97d000 	C:\WINDOWS\SYSTEM32\ncrypt.dll
0x00007ff9ab910000 - 0x00007ff9ab947000 	C:\WINDOWS\SYSTEM32\NTASN1.dll
0x00007ff92e1c0000 - 0x00007ff92e1c8000 	C:\WINDOWS\system32\wshunix.dll

dbghelp: loaded successfully - version: 4.0.5 - missing functions: none
symbol engine: initialized successfully - sym options: 0x614 - pdb path: .;C:\Program Files\Microsoft\jdk-17.0.14.7-hotspot\bin;C:\WINDOWS\SYSTEM32;C:\WINDOWS\WinSxS\amd64_microsoft.windows.common-controls_6595b64144ccf1df_6.0.22621.5124_none_270e8f4f7386d69d;C:\Program Files\Microsoft\jdk-17.0.14.7-hotspot\bin\server;C:\Users\DELL\.gradle\native\1def1411415f61bf3af743bc5b6707747c0891f09f0c88961ee8f79bc544acac\windows-amd64;C:\Users\DELL\.gradle\native\0.2.7\x86_64-windows-gnu

VM Arguments:
jvm_args: --add-opens=java.base/java.lang=ALL-UNNAMED --add-opens=java.base/java.lang.invoke=ALL-UNNAMED --add-opens=java.base/java.util=ALL-UNNAMED --add-opens=java.prefs/java.util.prefs=ALL-UNNAMED --add-exports=jdk.compiler/com.sun.tools.javac.api=ALL-UNNAMED --add-exports=jdk.compiler/com.sun.tools.javac.util=ALL-UNNAMED --add-opens=java.base/java.util=ALL-UNNAMED --add-opens=java.prefs/java.util.prefs=ALL-UNNAMED --add-opens=java.base/java.nio.charset=ALL-UNNAMED --add-opens=java.base/java.net=ALL-UNNAMED --add-opens=java.base/java.util.concurrent.atomic=ALL-UNNAMED --add-opens=java.xml/javax.xml.namespace=ALL-UNNAMED -XX:MaxMetaspaceSize=512m -Xmx2048m -Dfile.encoding=windows-1252 -Duser.country=IN -Duser.language=en -Duser.variant -javaagent:C:\Users\DELL\.gradle\wrapper\dists\gradle-8.13-bin\5xuhj0ry160q40clulazy9h7d\gradle-8.13\lib\agents\gradle-instrumentation-agent-8.13.jar 
java_command: org.gradle.launcher.daemon.bootstrap.GradleDaemon 8.13
java_class_path (initial): C:\Users\DELL\.gradle\wrapper\dists\gradle-8.13-bin\5xuhj0ry160q40clulazy9h7d\gradle-8.13\lib\gradle-daemon-main-8.13.jar
Launcher Type: SUN_STANDARD

[Global flags]
     intx CICompilerCount                          = 4                                         {product} {ergonomic}
   size_t CompressedClassSpaceSize                 = 436207616                                 {product} {ergonomic}
     uint ConcGCThreads                            = 2                                         {product} {ergonomic}
     uint G1ConcRefinementThreads                  = 8                                         {product} {ergonomic}
   size_t G1HeapRegionSize                         = 1048576                                   {product} {ergonomic}
    uintx GCDrainStackTargetSize                   = 64                                        {product} {ergonomic}
   size_t InitialHeapSize                          = 130023424                                 {product} {ergonomic}
   size_t MarkStackSize                            = 4194304                                   {product} {ergonomic}
   size_t MaxHeapSize                              = 2147483648                                {product} {command line}
   size_t MaxMetaspaceSize                         = 536870912                                 {product} {command line}
   size_t MaxNewSize                               = 1287651328                                {product} {ergonomic}
   size_t MinHeapDeltaBytes                        = 1048576                                   {product} {ergonomic}
   size_t MinHeapSize                              = 8388608                                   {product} {ergonomic}
    uintx NonNMethodCodeHeapSize                   = 5839372                                {pd product} {ergonomic}
    uintx NonProfiledCodeHeapSize                  = 122909434                              {pd product} {ergonomic}
    uintx ProfiledCodeHeapSize                     = 122909434                              {pd product} {ergonomic}
    uintx ReservedCodeCacheSize                    = 251658240                              {pd product} {ergonomic}
     bool SegmentedCodeCache                       = true                                      {product} {ergonomic}
   size_t SoftMaxHeapSize                          = 2147483648                             {manageable} {ergonomic}
     bool UseCompressedClassPointers               = true                           {product lp64_product} {ergonomic}
     bool UseCompressedOops                        = true                           {product lp64_product} {ergonomic}
     bool UseG1GC                                  = true                                      {product} {ergonomic}
     bool UseLargePagesIndividualAllocation        = false                                  {pd product} {ergonomic}

Logging:
Log output configuration:
 #0: stdout all=warning uptime,level,tags
 #1: stderr all=off uptime,level,tags

Environment Variables:
JAVA_HOME=C:\Program Files\Microsoft\jdk-17.0.14.7-hotspot\
CLASSPATH=D:\NativeProject\android\\gradle\wrapper\gradle-wrapper.jar
PATH=D:\NativeProject\node_modules\.bin;D:\node_modules\.bin;C:\Program Files\nodejs\node_modules\npm\node_modules\@npmcli\run-script\lib\node-gyp-bin;C:\Program Files\Microsoft\jdk-17.0.14.7-hotspot\bin;C:\app\DELL\product\21c\dbhomeXE\bin;C:\Python311\Scripts\;C:\Python311\;C:\Windows\system32;C:\Windows;C:\Windows\System32\Wbem;C:\Windows\System32\WindowsPowerShell\v1.0\;C:\Windows\System32\OpenSSH\;C:\Program Files\NVIDIA Corporation\NVIDIA NvDLISR;C:\Program Files (x86)\NVIDIA Corporation\PhysX\Common;C:\WINDOWS\system32;C:\WINDOWS;C:\WINDOWS\System32\Wbem;C:\WINDOWS\System32\WindowsPowerShell\v1.0\;C:\WINDOWS\System32\OpenSSH\;C:\MinGW\bin;C:\Program Files\Microsoft\jdk-17.0.14.7-hotspot\\bin;D:\java\Code\practise;D:\java\Code\practise;C:\ProgramData\chocolatey\bin;D:\PA\code;C:\Program Files\MongoDB\bin;D:\ADI\code;C:\Program Files\Git\cmd;C:\Program Files\nodejs\;C:\Program Files\MySQL\MySQL Shell 8.0\bin\;D:\mysql\bin\;C:\Users\DELL\AppData\Local\Microsoft\WindowsApps;C:\Users\DELL\AppData\Local\Programs\Microsoft VS Code\bin;C:\Users\DELL\AppData\Local\Programs\mongosh\;C:\Users\DELL\AppData\Roaming\npm;C:\Users\DELL\AppData\Local\Android\Sdk\platform-tools;D:\Download\curl-8.12.1_4-win64-mingw\bin;C:\Program Files\MongoDB\Server\8.0\bin;
USERNAME=DELL
LANG=en_US.UTF-8
OS=Windows_NT
PROCESSOR_IDENTIFIER=Intel64 Family 6 Model 140 Stepping 1, GenuineIntel
TMP=C:\Users\DELL\AppData\Local\Temp
TEMP=C:\Users\DELL\AppData\Local\Temp



Periodic native trim disabled


---------------  S Y S T E M  ---------------

OS:
 Windows 11 , 64 bit Build 22621 (10.0.22621.5124)
OS uptime: 1 days 2:10 hours
Hyper-V role detected

CPU: total 8 (initial active 8) (4 cores per cpu, 2 threads per core) family 6 model 140 stepping 1 microcode 0xb8, cx8, cmov, fxsr, ht, mmx, 3dnowpref, sse, sse2, sse3, ssse3, sse4.1, sse4.2, popcnt, lzcnt, tsc, tscinvbit, avx, avx2, aes, erms, clmul, bmi1, bmi2, adx, avx512f, avx512dq, avx512cd, avx512bw, avx512vl, sha, fma, vzeroupper, avx512_vpopcntdq, avx512_vpclmulqdq, avx512_vaes, avx512_vnni, clflush, clflushopt, clwb, avx512_vbmi2, avx512_vbmi, hv
Processor Information for the first 8 processors :
  Max Mhz: 1382, Current Mhz: 1382, Mhz Limit: 1382

Memory: 4k page, system-wide physical 7918M (197M free)
TotalPageFile size 23918M (AvailPageFile size 0M)
current process WorkingSet (physical memory assigned to process): 193M, peak: 193M
current process commit charge ("private bytes"): 267M, peak: 270M

vm_info: OpenJDK 64-Bit Server VM (17.0.14+7-LTS) for windows-amd64 JRE (17.0.14+7-LTS), built on Jan  8 2025 23:39:28 by "MicrosoftCorporation" with unknown MS VC++:1939

END.
