#
# There is insufficient memory for the Java Runtime Environment to continue.
# Native memory allocation (malloc) failed to allocate 1297296 bytes. Error detail: Chunk::new
# Possible reasons:
#   The system is out of physical RAM or swap space
#   This process is running with CompressedOops enabled, and the Java Heap may be blocking the growth of the native heap
# Possible solutions:
#   Reduce memory load on the system
#   Increase physical memory or swap space
#   Check if swap backing store is full
#   Decrease Java heap size (-Xmx/-Xms)
#   Decrease number of Java threads
#   Decrease Java thread stack sizes (-Xss)
#   Set larger code cache with -XX:ReservedCodeCacheSize=
#   JVM is running with Unscaled Compressed Oops mode in which the Java heap is
#     placed in the first 4GB address space. The Java Heap base address is the
#     maximum limit for the native heap growth. Please use -XX:HeapBaseMinAddress
#     to set the Java Heap base and to place the Java Heap above 4GB virtual address.
# This output file may be truncated or incomplete.
#
#  Out of Memory Error (arena.cpp:191), pid=11852, tid=28056
#
# JRE version: OpenJDK Runtime Environment Microsoft-10800295 (17.0.14+7) (build 17.0.14+7-LTS)
# Java VM: OpenJDK 64-Bit Server VM Microsoft-10800295 (17.0.14+7-LTS, mixed mode, sharing, tiered, compressed oops, compressed class ptrs, g1 gc, windows-amd64)
# No core dump will be written. Minidumps are not enabled by default on client versions of Windows
#

---------------  S U M M A R Y ------------

Command Line: org.jetbrains.kotlin.cli.jvm.K2JVMCompiler @D:\NativeProject\node_modules\react-native-screens\android\build\20250502_586272922870867800.compiler.options

Host: 11th Gen Intel(R) Core(TM) i5-1135G7 @ 2.40GHz, 8 cores, 7G,  Windows 11 , 64 bit Build 22621 (10.0.22621.5124)
Time: Fri May  2 11:11:22 2025 India Standard Time elapsed time: 41.653638 seconds (0d 0h 0m 41s)

---------------  T H R E A D  ---------------

Current thread (0x000001ec45c32010):  JavaThread "C2 CompilerThread1" daemon [_thread_in_native, id=28056, stack(0x000000240dc00000,0x000000240dd00000)]


Current CompileTask:
C2:  41653 19825       4       org.jetbrains.kotlin.backend.common.lower.DefaultArgumentFunctionFactory::generateDefaultsFunction (698 bytes)

Stack: [0x000000240dc00000,0x000000240dd00000]
Native frames: (J=compiled Java code, j=interpreted, Vv=VM code, C=native code)
V  [jvm.dll+0x6886b9]
V  [jvm.dll+0x83f6f8]
V  [jvm.dll+0x8411a3]
V  [jvm.dll+0x841813]
V  [jvm.dll+0x2495cf]
V  [jvm.dll+0xad0d4]
V  [jvm.dll+0xad76c]
V  [jvm.dll+0x36adbf]
V  [jvm.dll+0x335403]
V  [jvm.dll+0x33489a]
V  [jvm.dll+0x21a7e8]
V  [jvm.dll+0x219c1f]
V  [jvm.dll+0x1a5596]
V  [jvm.dll+0x22a27a]
V  [jvm.dll+0x2283bb]
V  [jvm.dll+0x7f4f48]
V  [jvm.dll+0x7ef2ac]
V  [jvm.dll+0x687597]
C  [ucrtbase.dll+0x29333]
C  [KERNEL32.DLL+0x1259d]
C  [ntdll.dll+0x5af38]


---------------  P R O C E S S  ---------------

Threads class SMR info:
_java_thread_list=0x000001ec7f1208e0, length=13, elements={
0x000001ec5c76dc20, 0x000001ec7a960a90, 0x000001ec7a961360, 0x000001ec7a976d20,
0x000001ec7a9775f0, 0x000001ec7a979ed0, 0x000001ec7a97b7b0, 0x000001ec7a97c460,
0x000001ec7a988330, 0x000001ec7a9a0ca0, 0x000001ec7aac44c0, 0x000001ec7aac8240,
0x000001ec45c32010
}

Java Threads: ( => current thread )
  0x000001ec5c76dc20 JavaThread "main" [_thread_in_vm, id=13468, stack(0x000000240bf00000,0x000000240c000000)]
  0x000001ec7a960a90 JavaThread "Reference Handler" daemon [_thread_blocked, id=23600, stack(0x000000240c600000,0x000000240c700000)]
  0x000001ec7a961360 JavaThread "Finalizer" daemon [_thread_blocked, id=22900, stack(0x000000240c700000,0x000000240c800000)]
  0x000001ec7a976d20 JavaThread "Signal Dispatcher" daemon [_thread_blocked, id=27576, stack(0x000000240c800000,0x000000240c900000)]
  0x000001ec7a9775f0 JavaThread "Attach Listener" daemon [_thread_blocked, id=5876, stack(0x000000240c900000,0x000000240ca00000)]
  0x000001ec7a979ed0 JavaThread "Service Thread" daemon [_thread_blocked, id=5912, stack(0x000000240ca00000,0x000000240cb00000)]
  0x000001ec7a97b7b0 JavaThread "Monitor Deflation Thread" daemon [_thread_blocked, id=17016, stack(0x000000240cb00000,0x000000240cc00000)]
  0x000001ec7a97c460 JavaThread "C2 CompilerThread0" daemon [_thread_in_native, id=1820, stack(0x000000240cc00000,0x000000240cd00000)]
  0x000001ec7a988330 JavaThread "C1 CompilerThread0" daemon [_thread_blocked, id=1680, stack(0x000000240cd00000,0x000000240ce00000)]
  0x000001ec7a9a0ca0 JavaThread "Sweeper thread" daemon [_thread_blocked, id=3976, stack(0x000000240ce00000,0x000000240cf00000)]
  0x000001ec7aac44c0 JavaThread "Notification Thread" daemon [_thread_blocked, id=27900, stack(0x000000240cf00000,0x000000240d000000)]
  0x000001ec7aac8240 JavaThread "Common-Cleaner" daemon [_thread_blocked, id=15676, stack(0x000000240d100000,0x000000240d200000)]
=>0x000001ec45c32010 JavaThread "C2 CompilerThread1" daemon [_thread_in_native, id=28056, stack(0x000000240dc00000,0x000000240dd00000)]

Other Threads:
  0x000001ec7a95b740 VMThread "VM Thread" [stack: 0x000000240c500000,0x000000240c600000] [id=4692]
  0x000001ec7aac4db0 WatcherThread [stack: 0x000000240d000000,0x000000240d100000] [id=16460]
  0x000001ec5c7c75d0 GCTaskThread "GC Thread#0" [stack: 0x000000240c000000,0x000000240c100000] [id=16804]
  0x000001ec7f26c7f0 GCTaskThread "GC Thread#1" [stack: 0x000000240d200000,0x000000240d300000] [id=18684]
  0x000001ec7f3032d0 GCTaskThread "GC Thread#2" [stack: 0x000000240d300000,0x000000240d400000] [id=15940]
  0x000001ec7f303590 GCTaskThread "GC Thread#3" [stack: 0x000000240d400000,0x000000240d500000] [id=16132]
  0x000001ec7f303c60 GCTaskThread "GC Thread#4" [stack: 0x000000240d500000,0x000000240d600000] [id=9068]
  0x000001ec7f736820 GCTaskThread "GC Thread#5" [stack: 0x000000240d600000,0x000000240d700000] [id=19608]
  0x000001ec7f736ae0 GCTaskThread "GC Thread#6" [stack: 0x000000240d700000,0x000000240d800000] [id=26428]
  0x000001ec7f6d7340 GCTaskThread "GC Thread#7" [stack: 0x000000240d800000,0x000000240d900000] [id=24060]
  0x000001ec5c7d7bb0 ConcurrentGCThread "G1 Main Marker" [stack: 0x000000240c100000,0x000000240c200000] [id=5168]
  0x000001ec5c7d84e0 ConcurrentGCThread "G1 Conc#0" [stack: 0x000000240c200000,0x000000240c300000] [id=26688]
  0x000001ec414e8660 ConcurrentGCThread "G1 Conc#1" [stack: 0x000000240d900000,0x000000240da00000] [id=8504]
  0x000001ec5c81e7f0 ConcurrentGCThread "G1 Refine#0" [stack: 0x000000240c300000,0x000000240c400000] [id=26112]
  0x000001ec440d1760 ConcurrentGCThread "G1 Refine#1" [stack: 0x000000240da00000,0x000000240db00000] [id=7392]
  0x000001ec44b00d30 ConcurrentGCThread "G1 Refine#2" [stack: 0x000000240db00000,0x000000240dc00000] [id=27840]
  0x000001ec440d05c0 ConcurrentGCThread "G1 Refine#3" [stack: 0x000000240bc00000,0x000000240bd00000] [id=19304]
  0x000001ec44f80a20 ConcurrentGCThread "G1 Refine#4" [stack: 0x000000240dd00000,0x000000240de00000] [id=7580]
  0x000001ec44f82d60 ConcurrentGCThread "G1 Refine#5" [stack: 0x000000240de00000,0x000000240df00000] [id=17296]
  0x000001ec7a808650 ConcurrentGCThread "G1 Service" [stack: 0x000000240c400000,0x000000240c500000] [id=22156]

Threads with active compile tasks:
C2 CompilerThread0    41719 20010       4       org.jetbrains.kotlin.ir.util.IrFakeOverrideUtilsKt::collectAndFilterRealOverrides$collectRealOverrides (138 bytes)
C2 CompilerThread1    41719 19825       4       org.jetbrains.kotlin.backend.common.lower.DefaultArgumentFunctionFactory::generateDefaultsFunction (698 bytes)

VM state: not at safepoint (normal execution)

VM Mutex/Monitor currently owned by a thread: None

Heap address: 0x0000000084400000, size: 1980 MB, Compressed Oops mode: 32-bit

CDS archive(s) mapped at: [0x000001ec00000000-0x000001ec00bb0000-0x000001ec00bb0000), size 12255232, SharedBaseAddress: 0x000001ec00000000, ArchiveRelocationMode: 1.
Compressed class space mapped at: 0x000001ec01000000-0x000001ec41000000, reserved size: 1073741824
Narrow klass base: 0x000001ec00000000, Narrow klass shift: 0, Narrow klass range: 0x100000000

GC Precious Log:
 CPUs: 8 total, 8 available
 Memory: 7918M
 Large Page Support: Disabled
 NUMA Support: Disabled
 Compressed Oops: Enabled (32-bit)
 Heap Region Size: 1M
 Heap Min Capacity: 8M
 Heap Initial Capacity: 124M
 Heap Max Capacity: 1980M
 Pre-touch: Disabled
 Parallel Workers: 8
 Concurrent Workers: 2
 Concurrent Refinement Workers: 8
 Periodic GC: Disabled

Heap:
 garbage-first heap   total 305152K, used 231456K [0x0000000084400000, 0x0000000100000000)
  region size 1024K, 65 young (66560K), 7 survivors (7168K)
 Metaspace       used 81677K, committed 82048K, reserved 1179648K
  class space    used 8523K, committed 8704K, reserved 1048576K

Heap Regions: E=young(eden), S=young(survivor), O=old, HS=humongous(starts), HC=humongous(continues), CS=collection set, F=free, OA=open archive, CA=closed archive, TAMS=top-at-mark-start (previous, next)
|   0|0x0000000084400000, 0x0000000084500000, 0x0000000084500000|100%|HS|  |TAMS 0x0000000084500000, 0x0000000084400000| Complete 
|   1|0x0000000084500000, 0x0000000084600000, 0x0000000084600000|100%|HC|  |TAMS 0x0000000084600000, 0x0000000084500000| Complete 
|   2|0x0000000084600000, 0x0000000084700000, 0x0000000084700000|100%|HC|  |TAMS 0x0000000084700000, 0x0000000084600000| Complete 
|   3|0x0000000084700000, 0x0000000084800000, 0x0000000084800000|100%| O|  |TAMS 0x0000000084800000, 0x0000000084700000| Untracked 
|   4|0x0000000084800000, 0x0000000084900000, 0x0000000084900000|100%| O|  |TAMS 0x0000000084900000, 0x0000000084800000| Untracked 
|   5|0x0000000084900000, 0x00000000849f9200, 0x0000000084a00000| 97%| O|  |TAMS 0x00000000849f9200, 0x0000000084900000| Untracked 
|   6|0x0000000084a00000, 0x0000000084b00000, 0x0000000084b00000|100%| O|  |TAMS 0x0000000084b00000, 0x0000000084a00000| Untracked 
|   7|0x0000000084b00000, 0x0000000084c00000, 0x0000000084c00000|100%| O|  |TAMS 0x0000000084c00000, 0x0000000084b00000| Untracked 
|   8|0x0000000084c00000, 0x0000000084d00000, 0x0000000084d00000|100%| O|  |TAMS 0x0000000084d00000, 0x0000000084c00000| Untracked 
|   9|0x0000000084d00000, 0x0000000084e00000, 0x0000000084e00000|100%| O|  |TAMS 0x0000000084e00000, 0x0000000084d00000| Untracked 
|  10|0x0000000084e00000, 0x0000000084f00000, 0x0000000084f00000|100%| O|  |TAMS 0x0000000084f00000, 0x0000000084e00000| Untracked 
|  11|0x0000000084f00000, 0x0000000085000000, 0x0000000085000000|100%| O|  |TAMS 0x0000000085000000, 0x0000000084f00000| Untracked 
|  12|0x0000000085000000, 0x0000000085100000, 0x0000000085100000|100%| O|  |TAMS 0x0000000085100000, 0x0000000085000000| Untracked 
|  13|0x0000000085100000, 0x0000000085200000, 0x0000000085200000|100%| O|  |TAMS 0x0000000085200000, 0x0000000085100000| Untracked 
|  14|0x0000000085200000, 0x0000000085300000, 0x0000000085300000|100%| O|  |TAMS 0x0000000085300000, 0x0000000085200000| Untracked 
|  15|0x0000000085300000, 0x0000000085400000, 0x0000000085400000|100%| O|  |TAMS 0x0000000085400000, 0x0000000085300000| Untracked 
|  16|0x0000000085400000, 0x0000000085500000, 0x0000000085500000|100%| O|  |TAMS 0x0000000085500000, 0x0000000085400000| Untracked 
|  17|0x0000000085500000, 0x0000000085600000, 0x0000000085600000|100%| O|  |TAMS 0x0000000085600000, 0x0000000085500000| Untracked 
|  18|0x0000000085600000, 0x0000000085700000, 0x0000000085700000|100%| O|  |TAMS 0x0000000085700000, 0x0000000085600000| Untracked 
|  19|0x0000000085700000, 0x0000000085800000, 0x0000000085800000|100%| O|  |TAMS 0x0000000085800000, 0x0000000085700000| Untracked 
|  20|0x0000000085800000, 0x0000000085900000, 0x0000000085900000|100%| O|  |TAMS 0x0000000085900000, 0x0000000085800000| Untracked 
|  21|0x0000000085900000, 0x0000000085a00000, 0x0000000085a00000|100%| O|  |TAMS 0x0000000085a00000, 0x0000000085900000| Untracked 
|  22|0x0000000085a00000, 0x0000000085b00000, 0x0000000085b00000|100%| O|  |TAMS 0x0000000085b00000, 0x0000000085a00000| Untracked 
|  23|0x0000000085b00000, 0x0000000085c00000, 0x0000000085c00000|100%| O|  |TAMS 0x0000000085c00000, 0x0000000085b00000| Untracked 
|  24|0x0000000085c00000, 0x0000000085d00000, 0x0000000085d00000|100%| O|  |TAMS 0x0000000085d00000, 0x0000000085c00000| Untracked 
|  25|0x0000000085d00000, 0x0000000085e00000, 0x0000000085e00000|100%| O|  |TAMS 0x0000000085e00000, 0x0000000085d00000| Untracked 
|  26|0x0000000085e00000, 0x0000000085f00000, 0x0000000085f00000|100%| O|  |TAMS 0x0000000085f00000, 0x0000000085e00000| Untracked 
|  27|0x0000000085f00000, 0x0000000086000000, 0x0000000086000000|100%| O|  |TAMS 0x0000000086000000, 0x0000000085f00000| Untracked 
|  28|0x0000000086000000, 0x0000000086100000, 0x0000000086100000|100%| O|  |TAMS 0x0000000086100000, 0x0000000086000000| Untracked 
|  29|0x0000000086100000, 0x0000000086200000, 0x0000000086200000|100%| O|  |TAMS 0x0000000086200000, 0x0000000086100000| Untracked 
|  30|0x0000000086200000, 0x0000000086300000, 0x0000000086300000|100%| O|  |TAMS 0x0000000086300000, 0x0000000086200000| Untracked 
|  31|0x0000000086300000, 0x0000000086400000, 0x0000000086400000|100%| O|  |TAMS 0x0000000086400000, 0x0000000086300000| Untracked 
|  32|0x0000000086400000, 0x0000000086500000, 0x0000000086500000|100%| O|  |TAMS 0x0000000086500000, 0x0000000086400000| Untracked 
|  33|0x0000000086500000, 0x0000000086600000, 0x0000000086600000|100%| O|  |TAMS 0x0000000086600000, 0x0000000086500000| Untracked 
|  34|0x0000000086600000, 0x0000000086700000, 0x0000000086700000|100%| O|  |TAMS 0x0000000086700000, 0x0000000086600000| Untracked 
|  35|0x0000000086700000, 0x0000000086800000, 0x0000000086800000|100%| O|  |TAMS 0x0000000086800000, 0x0000000086700000| Untracked 
|  36|0x0000000086800000, 0x0000000086900000, 0x0000000086900000|100%| O|  |TAMS 0x0000000086900000, 0x0000000086800000| Untracked 
|  37|0x0000000086900000, 0x0000000086a00000, 0x0000000086a00000|100%| O|  |TAMS 0x0000000086a00000, 0x0000000086900000| Untracked 
|  38|0x0000000086a00000, 0x0000000086b00000, 0x0000000086b00000|100%| O|  |TAMS 0x0000000086a00000, 0x0000000086a00000| Untracked 
|  39|0x0000000086b00000, 0x0000000086c00000, 0x0000000086c00000|100%| O|  |TAMS 0x0000000086c00000, 0x0000000086b00000| Untracked 
|  40|0x0000000086c00000, 0x0000000086d00000, 0x0000000086d00000|100%| O|  |TAMS 0x0000000086d00000, 0x0000000086c00000| Untracked 
|  41|0x0000000086d00000, 0x0000000086e00000, 0x0000000086e00000|100%| O|  |TAMS 0x0000000086e00000, 0x0000000086d00000| Untracked 
|  42|0x0000000086e00000, 0x0000000086f00000, 0x0000000086f00000|100%| O|  |TAMS 0x0000000086f00000, 0x0000000086e00000| Untracked 
|  43|0x0000000086f00000, 0x0000000087000000, 0x0000000087000000|100%| O|  |TAMS 0x0000000087000000, 0x0000000086f00000| Untracked 
|  44|0x0000000087000000, 0x0000000087100000, 0x0000000087100000|100%| O|  |TAMS 0x0000000087100000, 0x0000000087000000| Untracked 
|  45|0x0000000087100000, 0x0000000087200000, 0x0000000087200000|100%| O|  |TAMS 0x0000000087200000, 0x0000000087100000| Untracked 
|  46|0x0000000087200000, 0x0000000087300000, 0x0000000087300000|100%| O|  |TAMS 0x0000000087300000, 0x0000000087200000| Untracked 
|  47|0x0000000087300000, 0x0000000087400000, 0x0000000087400000|100%| O|  |TAMS 0x0000000087400000, 0x0000000087300000| Untracked 
|  48|0x0000000087400000, 0x0000000087500000, 0x0000000087500000|100%| O|  |TAMS 0x0000000087500000, 0x0000000087400000| Untracked 
|  49|0x0000000087500000, 0x0000000087600000, 0x0000000087600000|100%| O|  |TAMS 0x0000000087600000, 0x0000000087500000| Untracked 
|  50|0x0000000087600000, 0x0000000087700000, 0x0000000087700000|100%| O|  |TAMS 0x0000000087700000, 0x0000000087600000| Untracked 
|  51|0x0000000087700000, 0x0000000087800000, 0x0000000087800000|100%| O|  |TAMS 0x0000000087800000, 0x0000000087700000| Untracked 
|  52|0x0000000087800000, 0x0000000087900000, 0x0000000087900000|100%| O|  |TAMS 0x0000000087900000, 0x0000000087800000| Untracked 
|  53|0x0000000087900000, 0x0000000087a00000, 0x0000000087a00000|100%| O|  |TAMS 0x0000000087a00000, 0x0000000087900000| Untracked 
|  54|0x0000000087a00000, 0x0000000087b00000, 0x0000000087b00000|100%| O|  |TAMS 0x0000000087b00000, 0x0000000087a00000| Untracked 
|  55|0x0000000087b00000, 0x0000000087c00000, 0x0000000087c00000|100%| O|  |TAMS 0x0000000087c00000, 0x0000000087b00000| Untracked 
|  56|0x0000000087c00000, 0x0000000087d00000, 0x0000000087d00000|100%| O|  |TAMS 0x0000000087d00000, 0x0000000087c00000| Untracked 
|  57|0x0000000087d00000, 0x0000000087e00000, 0x0000000087e00000|100%| O|  |TAMS 0x0000000087e00000, 0x0000000087d00000| Untracked 
|  58|0x0000000087e00000, 0x0000000087f00000, 0x0000000087f00000|100%| O|  |TAMS 0x0000000087f00000, 0x0000000087e00000| Untracked 
|  59|0x0000000087f00000, 0x0000000088000000, 0x0000000088000000|100%| O|  |TAMS 0x0000000088000000, 0x0000000087f00000| Untracked 
|  60|0x0000000088000000, 0x0000000088100000, 0x0000000088100000|100%| O|  |TAMS 0x0000000088100000, 0x0000000088000000| Untracked 
|  61|0x0000000088100000, 0x0000000088200000, 0x0000000088200000|100%| O|  |TAMS 0x0000000088200000, 0x0000000088100000| Untracked 
|  62|0x0000000088200000, 0x0000000088300000, 0x0000000088300000|100%| O|  |TAMS 0x0000000088300000, 0x0000000088200000| Untracked 
|  63|0x0000000088300000, 0x0000000088400000, 0x0000000088400000|100%| O|  |TAMS 0x0000000088400000, 0x0000000088300000| Untracked 
|  64|0x0000000088400000, 0x0000000088500000, 0x0000000088500000|100%| O|  |TAMS 0x0000000088500000, 0x0000000088400000| Untracked 
|  65|0x0000000088500000, 0x0000000088600000, 0x0000000088600000|100%| O|  |TAMS 0x0000000088600000, 0x0000000088500000| Untracked 
|  66|0x0000000088600000, 0x0000000088700000, 0x0000000088700000|100%| O|  |TAMS 0x0000000088700000, 0x0000000088600000| Untracked 
|  67|0x0000000088700000, 0x0000000088800000, 0x0000000088800000|100%| O|  |TAMS 0x0000000088800000, 0x0000000088700000| Untracked 
|  68|0x0000000088800000, 0x0000000088900000, 0x0000000088900000|100%| O|  |TAMS 0x0000000088900000, 0x0000000088800000| Untracked 
|  69|0x0000000088900000, 0x0000000088a00000, 0x0000000088a00000|100%| O|  |TAMS 0x0000000088a00000, 0x0000000088900000| Untracked 
|  70|0x0000000088a00000, 0x0000000088b00000, 0x0000000088b00000|100%| O|  |TAMS 0x0000000088b00000, 0x0000000088a00000| Untracked 
|  71|0x0000000088b00000, 0x0000000088c00000, 0x0000000088c00000|100%| O|  |TAMS 0x0000000088c00000, 0x0000000088b00000| Untracked 
|  72|0x0000000088c00000, 0x0000000088d00000, 0x0000000088d00000|100%| O|  |TAMS 0x0000000088c00000, 0x0000000088c00000| Untracked 
|  73|0x0000000088d00000, 0x0000000088e00000, 0x0000000088e00000|100%| O|  |TAMS 0x0000000088d00000, 0x0000000088d00000| Untracked 
|  74|0x0000000088e00000, 0x0000000088f00000, 0x0000000088f00000|100%| O|  |TAMS 0x0000000088e00000, 0x0000000088e00000| Untracked 
|  75|0x0000000088f00000, 0x0000000089000000, 0x0000000089000000|100%| O|  |TAMS 0x0000000088f00000, 0x0000000088f00000| Untracked 
|  76|0x0000000089000000, 0x0000000089100000, 0x0000000089100000|100%| O|  |TAMS 0x0000000089000000, 0x0000000089000000| Untracked 
|  77|0x0000000089100000, 0x0000000089200000, 0x0000000089200000|100%| O|  |TAMS 0x0000000089100000, 0x0000000089100000| Untracked 
|  78|0x0000000089200000, 0x0000000089300000, 0x0000000089300000|100%| O|  |TAMS 0x0000000089200000, 0x0000000089200000| Untracked 
|  79|0x0000000089300000, 0x0000000089400000, 0x0000000089400000|100%| O|  |TAMS 0x0000000089300000, 0x0000000089300000| Untracked 
|  80|0x0000000089400000, 0x0000000089500000, 0x0000000089500000|100%| O|  |TAMS 0x0000000089400000, 0x0000000089400000| Untracked 
|  81|0x0000000089500000, 0x0000000089600000, 0x0000000089600000|100%| O|  |TAMS 0x0000000089500000, 0x0000000089500000| Untracked 
|  82|0x0000000089600000, 0x0000000089700000, 0x0000000089700000|100%| O|  |TAMS 0x0000000089600000, 0x0000000089600000| Untracked 
|  83|0x0000000089700000, 0x0000000089800000, 0x0000000089800000|100%| O|  |TAMS 0x0000000089700000, 0x0000000089700000| Untracked 
|  84|0x0000000089800000, 0x0000000089900000, 0x0000000089900000|100%| O|  |TAMS 0x0000000089800000, 0x0000000089800000| Untracked 
|  85|0x0000000089900000, 0x0000000089a00000, 0x0000000089a00000|100%| O|  |TAMS 0x0000000089900000, 0x0000000089900000| Untracked 
|  86|0x0000000089a00000, 0x0000000089b00000, 0x0000000089b00000|100%| O|  |TAMS 0x0000000089a00000, 0x0000000089a00000| Untracked 
|  87|0x0000000089b00000, 0x0000000089c00000, 0x0000000089c00000|100%| O|  |TAMS 0x0000000089b00000, 0x0000000089b00000| Untracked 
|  88|0x0000000089c00000, 0x0000000089d00000, 0x0000000089d00000|100%| O|  |TAMS 0x0000000089c00000, 0x0000000089c00000| Untracked 
|  89|0x0000000089d00000, 0x0000000089e00000, 0x0000000089e00000|100%| O|  |TAMS 0x0000000089d00000, 0x0000000089d00000| Untracked 
|  90|0x0000000089e00000, 0x0000000089f00000, 0x0000000089f00000|100%| O|  |TAMS 0x0000000089e00000, 0x0000000089e00000| Untracked 
|  91|0x0000000089f00000, 0x000000008a000000, 0x000000008a000000|100%| O|  |TAMS 0x0000000089f00000, 0x0000000089f00000| Untracked 
|  92|0x000000008a000000, 0x000000008a100000, 0x000000008a100000|100%| O|  |TAMS 0x000000008a000000, 0x000000008a000000| Untracked 
|  93|0x000000008a100000, 0x000000008a200000, 0x000000008a200000|100%| O|  |TAMS 0x000000008a100000, 0x000000008a100000| Untracked 
|  94|0x000000008a200000, 0x000000008a300000, 0x000000008a300000|100%| O|  |TAMS 0x000000008a200000, 0x000000008a200000| Untracked 
|  95|0x000000008a300000, 0x000000008a400000, 0x000000008a400000|100%| O|  |TAMS 0x000000008a300000, 0x000000008a300000| Untracked 
|  96|0x000000008a400000, 0x000000008a500000, 0x000000008a500000|100%| O|  |TAMS 0x000000008a400000, 0x000000008a400000| Untracked 
|  97|0x000000008a500000, 0x000000008a600000, 0x000000008a600000|100%| O|  |TAMS 0x000000008a500000, 0x000000008a500000| Untracked 
|  98|0x000000008a600000, 0x000000008a700000, 0x000000008a700000|100%| O|  |TAMS 0x000000008a600000, 0x000000008a600000| Untracked 
|  99|0x000000008a700000, 0x000000008a800000, 0x000000008a800000|100%| O|  |TAMS 0x000000008a700000, 0x000000008a700000| Untracked 
| 100|0x000000008a800000, 0x000000008a900000, 0x000000008a900000|100%| O|  |TAMS 0x000000008a800000, 0x000000008a800000| Untracked 
| 101|0x000000008a900000, 0x000000008aa00000, 0x000000008aa00000|100%| O|  |TAMS 0x000000008a900000, 0x000000008a900000| Untracked 
| 102|0x000000008aa00000, 0x000000008ab00000, 0x000000008ab00000|100%| O|  |TAMS 0x000000008aa00000, 0x000000008aa00000| Untracked 
| 103|0x000000008ab00000, 0x000000008ac00000, 0x000000008ac00000|100%| O|  |TAMS 0x000000008ab00000, 0x000000008ab00000| Untracked 
| 104|0x000000008ac00000, 0x000000008ad00000, 0x000000008ad00000|100%| O|  |TAMS 0x000000008ac00000, 0x000000008ac00000| Untracked 
| 105|0x000000008ad00000, 0x000000008ae00000, 0x000000008ae00000|100%| O|  |TAMS 0x000000008ad00000, 0x000000008ad00000| Untracked 
| 106|0x000000008ae00000, 0x000000008af00000, 0x000000008af00000|100%| O|  |TAMS 0x000000008ae00000, 0x000000008ae00000| Untracked 
| 107|0x000000008af00000, 0x000000008b000000, 0x000000008b000000|100%| O|  |TAMS 0x000000008af00000, 0x000000008af00000| Untracked 
| 108|0x000000008b000000, 0x000000008b100000, 0x000000008b100000|100%| O|  |TAMS 0x000000008b000000, 0x000000008b000000| Untracked 
| 109|0x000000008b100000, 0x000000008b200000, 0x000000008b200000|100%| O|  |TAMS 0x000000008b100000, 0x000000008b100000| Untracked 
| 110|0x000000008b200000, 0x000000008b300000, 0x000000008b300000|100%| O|  |TAMS 0x000000008b200000, 0x000000008b200000| Untracked 
| 111|0x000000008b300000, 0x000000008b400000, 0x000000008b400000|100%| O|  |TAMS 0x000000008b300000, 0x000000008b300000| Untracked 
| 112|0x000000008b400000, 0x000000008b500000, 0x000000008b500000|100%| O|  |TAMS 0x000000008b400000, 0x000000008b400000| Untracked 
| 113|0x000000008b500000, 0x000000008b600000, 0x000000008b600000|100%| O|  |TAMS 0x000000008b500000, 0x000000008b500000| Untracked 
| 114|0x000000008b600000, 0x000000008b700000, 0x000000008b700000|100%| O|  |TAMS 0x000000008b600000, 0x000000008b600000| Untracked 
| 115|0x000000008b700000, 0x000000008b800000, 0x000000008b800000|100%| O|  |TAMS 0x000000008b700000, 0x000000008b700000| Untracked 
| 116|0x000000008b800000, 0x000000008b900000, 0x000000008b900000|100%| O|  |TAMS 0x000000008b800000, 0x000000008b800000| Untracked 
| 117|0x000000008b900000, 0x000000008ba00000, 0x000000008ba00000|100%| O|  |TAMS 0x000000008b900000, 0x000000008b900000| Untracked 
| 118|0x000000008ba00000, 0x000000008bb00000, 0x000000008bb00000|100%| O|  |TAMS 0x000000008ba00000, 0x000000008ba00000| Untracked 
| 119|0x000000008bb00000, 0x000000008bc00000, 0x000000008bc00000|100%| O|  |TAMS 0x000000008bb00000, 0x000000008bb00000| Untracked 
| 120|0x000000008bc00000, 0x000000008bd00000, 0x000000008bd00000|100%| O|  |TAMS 0x000000008bc00000, 0x000000008bc00000| Untracked 
| 121|0x000000008bd00000, 0x000000008be00000, 0x000000008be00000|100%| O|  |TAMS 0x000000008bd00000, 0x000000008bd00000| Untracked 
| 122|0x000000008be00000, 0x000000008bf00000, 0x000000008bf00000|100%| O|  |TAMS 0x000000008be00000, 0x000000008be00000| Untracked 
| 123|0x000000008bf00000, 0x000000008c000000, 0x000000008c000000|100%| O|  |TAMS 0x000000008bf00000, 0x000000008bf00000| Untracked 
| 124|0x000000008c000000, 0x000000008c100000, 0x000000008c100000|100%| O|  |TAMS 0x000000008c000000, 0x000000008c000000| Untracked 
| 125|0x000000008c100000, 0x000000008c200000, 0x000000008c200000|100%| O|  |TAMS 0x000000008c100000, 0x000000008c100000| Untracked 
| 126|0x000000008c200000, 0x000000008c300000, 0x000000008c300000|100%|HS|  |TAMS 0x000000008c200000, 0x000000008c200000| Complete 
| 127|0x000000008c300000, 0x000000008c400000, 0x000000008c400000|100%| O|  |TAMS 0x000000008c300000, 0x000000008c300000| Untracked 
| 128|0x000000008c400000, 0x000000008c500000, 0x000000008c500000|100%| O|  |TAMS 0x000000008c400000, 0x000000008c400000| Untracked 
| 129|0x000000008c500000, 0x000000008c600000, 0x000000008c600000|100%| O|  |TAMS 0x000000008c500000, 0x000000008c500000| Untracked 
| 130|0x000000008c600000, 0x000000008c700000, 0x000000008c700000|100%| O|  |TAMS 0x000000008c600000, 0x000000008c600000| Untracked 
| 131|0x000000008c700000, 0x000000008c800000, 0x000000008c800000|100%| O|  |TAMS 0x000000008c700000, 0x000000008c700000| Untracked 
| 132|0x000000008c800000, 0x000000008c900000, 0x000000008c900000|100%| O|  |TAMS 0x000000008c800000, 0x000000008c800000| Untracked 
| 133|0x000000008c900000, 0x000000008ca00000, 0x000000008ca00000|100%| O|  |TAMS 0x000000008c900000, 0x000000008c900000| Untracked 
| 134|0x000000008ca00000, 0x000000008cb00000, 0x000000008cb00000|100%| O|  |TAMS 0x000000008ca00000, 0x000000008ca00000| Untracked 
| 135|0x000000008cb00000, 0x000000008cc00000, 0x000000008cc00000|100%| O|  |TAMS 0x000000008cb00000, 0x000000008cb00000| Untracked 
| 136|0x000000008cc00000, 0x000000008cd00000, 0x000000008cd00000|100%| O|  |TAMS 0x000000008cc00000, 0x000000008cc00000| Untracked 
| 137|0x000000008cd00000, 0x000000008ce00000, 0x000000008ce00000|100%| O|  |TAMS 0x000000008cd00000, 0x000000008cd00000| Untracked 
| 138|0x000000008ce00000, 0x000000008cf00000, 0x000000008cf00000|100%| O|  |TAMS 0x000000008ce00000, 0x000000008ce00000| Untracked 
| 139|0x000000008cf00000, 0x000000008d000000, 0x000000008d000000|100%| O|  |TAMS 0x000000008cf00000, 0x000000008cf00000| Untracked 
| 140|0x000000008d000000, 0x000000008d100000, 0x000000008d100000|100%| O|  |TAMS 0x000000008d000000, 0x000000008d000000| Untracked 
| 141|0x000000008d100000, 0x000000008d200000, 0x000000008d200000|100%| O|  |TAMS 0x000000008d100000, 0x000000008d100000| Untracked 
| 142|0x000000008d200000, 0x000000008d300000, 0x000000008d300000|100%| O|  |TAMS 0x000000008d200000, 0x000000008d200000| Untracked 
| 143|0x000000008d300000, 0x000000008d400000, 0x000000008d400000|100%| O|  |TAMS 0x000000008d300000, 0x000000008d300000| Untracked 
| 144|0x000000008d400000, 0x000000008d500000, 0x000000008d500000|100%| O|  |TAMS 0x000000008d400000, 0x000000008d400000| Untracked 
| 145|0x000000008d500000, 0x000000008d600000, 0x000000008d600000|100%| O|  |TAMS 0x000000008d500000, 0x000000008d500000| Untracked 
| 146|0x000000008d600000, 0x000000008d700000, 0x000000008d700000|100%| O|  |TAMS 0x000000008d600000, 0x000000008d600000| Untracked 
| 147|0x000000008d700000, 0x000000008d800000, 0x000000008d800000|100%| O|  |TAMS 0x000000008d700000, 0x000000008d700000| Untracked 
| 148|0x000000008d800000, 0x000000008d900000, 0x000000008d900000|100%| O|  |TAMS 0x000000008d800000, 0x000000008d800000| Untracked 
| 149|0x000000008d900000, 0x000000008da00000, 0x000000008da00000|100%| O|  |TAMS 0x000000008d900000, 0x000000008d900000| Untracked 
| 150|0x000000008da00000, 0x000000008db00000, 0x000000008db00000|100%| O|  |TAMS 0x000000008da00000, 0x000000008da00000| Untracked 
| 151|0x000000008db00000, 0x000000008dc00000, 0x000000008dc00000|100%| O|  |TAMS 0x000000008db00000, 0x000000008db00000| Untracked 
| 152|0x000000008dc00000, 0x000000008dd00000, 0x000000008dd00000|100%| O|  |TAMS 0x000000008dc00000, 0x000000008dc00000| Untracked 
| 153|0x000000008dd00000, 0x000000008de00000, 0x000000008de00000|100%| O|  |TAMS 0x000000008dd00000, 0x000000008dd00000| Untracked 
| 154|0x000000008de00000, 0x000000008de70400, 0x000000008df00000| 43%| O|  |TAMS 0x000000008de00000, 0x000000008de00000| Untracked 
| 155|0x000000008df00000, 0x000000008df00000, 0x000000008e000000|  0%| F|  |TAMS 0x000000008df00000, 0x000000008df00000| Untracked 
| 156|0x000000008e000000, 0x000000008e000000, 0x000000008e100000|  0%| F|  |TAMS 0x000000008e000000, 0x000000008e000000| Untracked 
| 157|0x000000008e100000, 0x000000008e100000, 0x000000008e200000|  0%| F|  |TAMS 0x000000008e100000, 0x000000008e100000| Untracked 
| 158|0x000000008e200000, 0x000000008e200000, 0x000000008e300000|  0%| F|  |TAMS 0x000000008e200000, 0x000000008e200000| Untracked 
| 159|0x000000008e300000, 0x000000008e300000, 0x000000008e400000|  0%| F|  |TAMS 0x000000008e300000, 0x000000008e300000| Untracked 
| 160|0x000000008e400000, 0x000000008e400000, 0x000000008e500000|  0%| F|  |TAMS 0x000000008e400000, 0x000000008e400000| Untracked 
| 161|0x000000008e500000, 0x000000008e500000, 0x000000008e600000|  0%| F|  |TAMS 0x000000008e500000, 0x000000008e500000| Untracked 
| 162|0x000000008e600000, 0x000000008e600000, 0x000000008e700000|  0%| F|  |TAMS 0x000000008e600000, 0x000000008e600000| Untracked 
| 163|0x000000008e700000, 0x000000008e700000, 0x000000008e800000|  0%| F|  |TAMS 0x000000008e700000, 0x000000008e700000| Untracked 
| 164|0x000000008e800000, 0x000000008e800000, 0x000000008e900000|  0%| F|  |TAMS 0x000000008e800000, 0x000000008e800000| Untracked 
| 165|0x000000008e900000, 0x000000008e900000, 0x000000008ea00000|  0%| F|  |TAMS 0x000000008e900000, 0x000000008e900000| Untracked 
| 166|0x000000008ea00000, 0x000000008ea00000, 0x000000008eb00000|  0%| F|  |TAMS 0x000000008ea00000, 0x000000008ea00000| Untracked 
| 167|0x000000008eb00000, 0x000000008eb00000, 0x000000008ec00000|  0%| F|  |TAMS 0x000000008eb00000, 0x000000008eb00000| Untracked 
| 168|0x000000008ec00000, 0x000000008ec00000, 0x000000008ed00000|  0%| F|  |TAMS 0x000000008ec00000, 0x000000008ec00000| Untracked 
| 169|0x000000008ed00000, 0x000000008ed00000, 0x000000008ee00000|  0%| F|  |TAMS 0x000000008ed00000, 0x000000008ed00000| Untracked 
| 170|0x000000008ee00000, 0x000000008ee00000, 0x000000008ef00000|  0%| F|  |TAMS 0x000000008ee00000, 0x000000008ee00000| Untracked 
| 171|0x000000008ef00000, 0x000000008ef00000, 0x000000008f000000|  0%| F|  |TAMS 0x000000008ef00000, 0x000000008ef00000| Untracked 
| 172|0x000000008f000000, 0x000000008f000000, 0x000000008f100000|  0%| F|  |TAMS 0x000000008f000000, 0x000000008f000000| Untracked 
| 173|0x000000008f100000, 0x000000008f100000, 0x000000008f200000|  0%| F|  |TAMS 0x000000008f100000, 0x000000008f100000| Untracked 
| 174|0x000000008f200000, 0x000000008f200000, 0x000000008f300000|  0%| F|  |TAMS 0x000000008f200000, 0x000000008f200000| Untracked 
| 175|0x000000008f300000, 0x000000008f300000, 0x000000008f400000|  0%| F|  |TAMS 0x000000008f300000, 0x000000008f300000| Untracked 
| 176|0x000000008f400000, 0x000000008f400000, 0x000000008f500000|  0%| F|  |TAMS 0x000000008f400000, 0x000000008f400000| Untracked 
| 177|0x000000008f500000, 0x000000008f500000, 0x000000008f600000|  0%| F|  |TAMS 0x000000008f500000, 0x000000008f500000| Untracked 
| 178|0x000000008f600000, 0x000000008f600000, 0x000000008f700000|  0%| F|  |TAMS 0x000000008f600000, 0x000000008f600000| Untracked 
| 179|0x000000008f700000, 0x000000008f700000, 0x000000008f800000|  0%| F|  |TAMS 0x000000008f700000, 0x000000008f700000| Untracked 
| 180|0x000000008f800000, 0x000000008f800000, 0x000000008f900000|  0%| F|  |TAMS 0x000000008f800000, 0x000000008f800000| Untracked 
| 181|0x000000008f900000, 0x000000008f900000, 0x000000008fa00000|  0%| F|  |TAMS 0x000000008f900000, 0x000000008f900000| Untracked 
| 182|0x000000008fa00000, 0x000000008fa00000, 0x000000008fb00000|  0%| F|  |TAMS 0x000000008fa00000, 0x000000008fa00000| Untracked 
| 183|0x000000008fb00000, 0x000000008fb00000, 0x000000008fc00000|  0%| F|  |TAMS 0x000000008fb00000, 0x000000008fb00000| Untracked 
| 184|0x000000008fc00000, 0x000000008fc00000, 0x000000008fd00000|  0%| F|  |TAMS 0x000000008fc00000, 0x000000008fc00000| Untracked 
| 185|0x000000008fd00000, 0x000000008fd00000, 0x000000008fe00000|  0%| F|  |TAMS 0x000000008fd00000, 0x000000008fd00000| Untracked 
| 186|0x000000008fe00000, 0x000000008fe00000, 0x000000008ff00000|  0%| F|  |TAMS 0x000000008fe00000, 0x000000008fe00000| Untracked 
| 187|0x000000008ff00000, 0x000000008ff00000, 0x0000000090000000|  0%| F|  |TAMS 0x000000008ff00000, 0x000000008ff00000| Untracked 
| 188|0x0000000090000000, 0x0000000090000000, 0x0000000090100000|  0%| F|  |TAMS 0x0000000090000000, 0x0000000090000000| Untracked 
| 189|0x0000000090100000, 0x0000000090100000, 0x0000000090200000|  0%| F|  |TAMS 0x0000000090100000, 0x0000000090100000| Untracked 
| 190|0x0000000090200000, 0x0000000090200000, 0x0000000090300000|  0%| F|  |TAMS 0x0000000090200000, 0x0000000090200000| Untracked 
| 191|0x0000000090300000, 0x0000000090300000, 0x0000000090400000|  0%| F|  |TAMS 0x0000000090300000, 0x0000000090300000| Untracked 
| 192|0x0000000090400000, 0x0000000090400000, 0x0000000090500000|  0%| F|  |TAMS 0x0000000090400000, 0x0000000090400000| Untracked 
| 193|0x0000000090500000, 0x0000000090500000, 0x0000000090600000|  0%| F|  |TAMS 0x0000000090500000, 0x0000000090500000| Untracked 
| 194|0x0000000090600000, 0x0000000090600000, 0x0000000090700000|  0%| F|  |TAMS 0x0000000090600000, 0x0000000090600000| Untracked 
| 195|0x0000000090700000, 0x0000000090700000, 0x0000000090800000|  0%| F|  |TAMS 0x0000000090700000, 0x0000000090700000| Untracked 
| 196|0x0000000090800000, 0x0000000090800000, 0x0000000090900000|  0%| F|  |TAMS 0x0000000090800000, 0x0000000090800000| Untracked 
| 197|0x0000000090900000, 0x0000000090900000, 0x0000000090a00000|  0%| F|  |TAMS 0x0000000090900000, 0x0000000090900000| Untracked 
| 198|0x0000000090a00000, 0x0000000090a00000, 0x0000000090b00000|  0%| F|  |TAMS 0x0000000090a00000, 0x0000000090a00000| Untracked 
| 199|0x0000000090b00000, 0x0000000090b00000, 0x0000000090c00000|  0%| F|  |TAMS 0x0000000090b00000, 0x0000000090b00000| Untracked 
| 200|0x0000000090c00000, 0x0000000090c00000, 0x0000000090d00000|  0%| F|  |TAMS 0x0000000090c00000, 0x0000000090c00000| Untracked 
| 201|0x0000000090d00000, 0x0000000090d00000, 0x0000000090e00000|  0%| F|  |TAMS 0x0000000090d00000, 0x0000000090d00000| Untracked 
| 202|0x0000000090e00000, 0x0000000090e00000, 0x0000000090f00000|  0%| F|  |TAMS 0x0000000090e00000, 0x0000000090e00000| Untracked 
| 203|0x0000000090f00000, 0x0000000090f00000, 0x0000000091000000|  0%| F|  |TAMS 0x0000000090f00000, 0x0000000090f00000| Untracked 
| 204|0x0000000091000000, 0x0000000091000000, 0x0000000091100000|  0%| F|  |TAMS 0x0000000091000000, 0x0000000091000000| Untracked 
| 205|0x0000000091100000, 0x0000000091100000, 0x0000000091200000|  0%| F|  |TAMS 0x0000000091100000, 0x0000000091100000| Untracked 
| 206|0x0000000091200000, 0x0000000091200000, 0x0000000091300000|  0%| F|  |TAMS 0x0000000091200000, 0x0000000091200000| Untracked 
| 207|0x0000000091300000, 0x0000000091300000, 0x0000000091400000|  0%| F|  |TAMS 0x0000000091300000, 0x0000000091300000| Untracked 
| 208|0x0000000091400000, 0x000000009149ec80, 0x0000000091500000| 62%| S|CS|TAMS 0x0000000091400000, 0x0000000091400000| Complete 
| 209|0x0000000091500000, 0x0000000091600000, 0x0000000091600000|100%| S|CS|TAMS 0x0000000091500000, 0x0000000091500000| Complete 
| 210|0x0000000091600000, 0x0000000091700000, 0x0000000091700000|100%| S|CS|TAMS 0x0000000091600000, 0x0000000091600000| Complete 
| 211|0x0000000091700000, 0x0000000091800000, 0x0000000091800000|100%| S|CS|TAMS 0x0000000091700000, 0x0000000091700000| Complete 
| 212|0x0000000091800000, 0x0000000091900000, 0x0000000091900000|100%| S|CS|TAMS 0x0000000091800000, 0x0000000091800000| Complete 
| 213|0x0000000091900000, 0x0000000091a00000, 0x0000000091a00000|100%| S|CS|TAMS 0x0000000091900000, 0x0000000091900000| Complete 
| 214|0x0000000091a00000, 0x0000000091b00000, 0x0000000091b00000|100%| S|CS|TAMS 0x0000000091a00000, 0x0000000091a00000| Complete 
| 215|0x0000000091b00000, 0x0000000091b00000, 0x0000000091c00000|  0%| F|  |TAMS 0x0000000091b00000, 0x0000000091b00000| Untracked 
| 216|0x0000000091c00000, 0x0000000091c00000, 0x0000000091d00000|  0%| F|  |TAMS 0x0000000091c00000, 0x0000000091c00000| Untracked 
| 217|0x0000000091d00000, 0x0000000091d00000, 0x0000000091e00000|  0%| F|  |TAMS 0x0000000091d00000, 0x0000000091d00000| Untracked 
| 218|0x0000000091e00000, 0x0000000091e00000, 0x0000000091f00000|  0%| F|  |TAMS 0x0000000091e00000, 0x0000000091e00000| Untracked 
| 219|0x0000000091f00000, 0x0000000091f00000, 0x0000000092000000|  0%| F|  |TAMS 0x0000000091f00000, 0x0000000091f00000| Untracked 
| 220|0x0000000092000000, 0x0000000092000000, 0x0000000092100000|  0%| F|  |TAMS 0x0000000092000000, 0x0000000092000000| Untracked 
| 221|0x0000000092100000, 0x0000000092100000, 0x0000000092200000|  0%| F|  |TAMS 0x0000000092100000, 0x0000000092100000| Untracked 
| 222|0x0000000092200000, 0x0000000092200000, 0x0000000092300000|  0%| F|  |TAMS 0x0000000092200000, 0x0000000092200000| Untracked 
| 223|0x0000000092300000, 0x0000000092300000, 0x0000000092400000|  0%| F|  |TAMS 0x0000000092300000, 0x0000000092300000| Untracked 
| 224|0x0000000092400000, 0x0000000092400000, 0x0000000092500000|  0%| F|  |TAMS 0x0000000092400000, 0x0000000092400000| Untracked 
| 225|0x0000000092500000, 0x0000000092500000, 0x0000000092600000|  0%| F|  |TAMS 0x0000000092500000, 0x0000000092500000| Untracked 
| 226|0x0000000092600000, 0x0000000092600000, 0x0000000092700000|  0%| F|  |TAMS 0x0000000092600000, 0x0000000092600000| Untracked 
| 227|0x0000000092700000, 0x0000000092700000, 0x0000000092800000|  0%| F|  |TAMS 0x0000000092700000, 0x0000000092700000| Untracked 
| 228|0x0000000092800000, 0x0000000092800000, 0x0000000092900000|  0%| F|  |TAMS 0x0000000092800000, 0x0000000092800000| Untracked 
| 229|0x0000000092900000, 0x0000000092900000, 0x0000000092a00000|  0%| F|  |TAMS 0x0000000092900000, 0x0000000092900000| Untracked 
| 230|0x0000000092a00000, 0x0000000092a00000, 0x0000000092b00000|  0%| F|  |TAMS 0x0000000092a00000, 0x0000000092a00000| Untracked 
| 231|0x0000000092b00000, 0x0000000092b00000, 0x0000000092c00000|  0%| F|  |TAMS 0x0000000092b00000, 0x0000000092b00000| Untracked 
| 232|0x0000000092c00000, 0x0000000092c80000, 0x0000000092d00000| 50%| E|  |TAMS 0x0000000092c00000, 0x0000000092c00000| Complete 
| 233|0x0000000092d00000, 0x0000000092e00000, 0x0000000092e00000|100%| E|CS|TAMS 0x0000000092d00000, 0x0000000092d00000| Complete 
| 234|0x0000000092e00000, 0x0000000092f00000, 0x0000000092f00000|100%| E|CS|TAMS 0x0000000092e00000, 0x0000000092e00000| Complete 
| 235|0x0000000092f00000, 0x0000000093000000, 0x0000000093000000|100%| E|CS|TAMS 0x0000000092f00000, 0x0000000092f00000| Complete 
| 236|0x0000000093000000, 0x0000000093100000, 0x0000000093100000|100%| E|CS|TAMS 0x0000000093000000, 0x0000000093000000| Complete 
| 237|0x0000000093100000, 0x0000000093200000, 0x0000000093200000|100%| E|CS|TAMS 0x0000000093100000, 0x0000000093100000| Complete 
| 238|0x0000000093200000, 0x0000000093300000, 0x0000000093300000|100%| E|CS|TAMS 0x0000000093200000, 0x0000000093200000| Complete 
| 239|0x0000000093300000, 0x0000000093400000, 0x0000000093400000|100%| E|CS|TAMS 0x0000000093300000, 0x0000000093300000| Complete 
| 240|0x0000000093400000, 0x0000000093500000, 0x0000000093500000|100%| E|CS|TAMS 0x0000000093400000, 0x0000000093400000| Complete 
| 241|0x0000000093500000, 0x0000000093600000, 0x0000000093600000|100%| E|CS|TAMS 0x0000000093500000, 0x0000000093500000| Complete 
| 242|0x0000000093600000, 0x0000000093700000, 0x0000000093700000|100%| E|CS|TAMS 0x0000000093600000, 0x0000000093600000| Complete 
| 243|0x0000000093700000, 0x0000000093800000, 0x0000000093800000|100%| E|CS|TAMS 0x0000000093700000, 0x0000000093700000| Complete 
| 244|0x0000000093800000, 0x0000000093900000, 0x0000000093900000|100%| E|CS|TAMS 0x0000000093800000, 0x0000000093800000| Complete 
| 245|0x0000000093900000, 0x0000000093a00000, 0x0000000093a00000|100%| E|CS|TAMS 0x0000000093900000, 0x0000000093900000| Complete 
| 246|0x0000000093a00000, 0x0000000093b00000, 0x0000000093b00000|100%| E|CS|TAMS 0x0000000093a00000, 0x0000000093a00000| Complete 
| 247|0x0000000093b00000, 0x0000000093c00000, 0x0000000093c00000|100%| E|CS|TAMS 0x0000000093b00000, 0x0000000093b00000| Complete 
| 248|0x0000000093c00000, 0x0000000093d00000, 0x0000000093d00000|100%| E|CS|TAMS 0x0000000093c00000, 0x0000000093c00000| Complete 
| 249|0x0000000093d00000, 0x0000000093e00000, 0x0000000093e00000|100%| E|CS|TAMS 0x0000000093d00000, 0x0000000093d00000| Complete 
| 250|0x0000000093e00000, 0x0000000093f00000, 0x0000000093f00000|100%| E|CS|TAMS 0x0000000093e00000, 0x0000000093e00000| Complete 
| 251|0x0000000093f00000, 0x0000000094000000, 0x0000000094000000|100%| E|CS|TAMS 0x0000000093f00000, 0x0000000093f00000| Complete 
| 252|0x0000000094000000, 0x0000000094100000, 0x0000000094100000|100%| E|CS|TAMS 0x0000000094000000, 0x0000000094000000| Complete 
| 253|0x0000000094100000, 0x0000000094200000, 0x0000000094200000|100%| E|CS|TAMS 0x0000000094100000, 0x0000000094100000| Complete 
| 254|0x0000000094200000, 0x0000000094300000, 0x0000000094300000|100%| E|CS|TAMS 0x0000000094200000, 0x0000000094200000| Complete 
| 255|0x0000000094300000, 0x0000000094400000, 0x0000000094400000|100%| E|CS|TAMS 0x0000000094300000, 0x0000000094300000| Complete 
| 256|0x0000000094400000, 0x0000000094500000, 0x0000000094500000|100%| E|CS|TAMS 0x0000000094400000, 0x0000000094400000| Complete 
| 257|0x0000000094500000, 0x0000000094600000, 0x0000000094600000|100%| E|CS|TAMS 0x0000000094500000, 0x0000000094500000| Complete 
| 258|0x0000000094600000, 0x0000000094700000, 0x0000000094700000|100%| E|CS|TAMS 0x0000000094600000, 0x0000000094600000| Complete 
| 259|0x0000000094700000, 0x0000000094800000, 0x0000000094800000|100%| E|CS|TAMS 0x0000000094700000, 0x0000000094700000| Complete 
| 260|0x0000000094800000, 0x0000000094900000, 0x0000000094900000|100%| E|CS|TAMS 0x0000000094800000, 0x0000000094800000| Complete 
| 261|0x0000000094900000, 0x0000000094a00000, 0x0000000094a00000|100%| E|CS|TAMS 0x0000000094900000, 0x0000000094900000| Complete 
| 262|0x0000000094a00000, 0x0000000094b00000, 0x0000000094b00000|100%| E|CS|TAMS 0x0000000094a00000, 0x0000000094a00000| Complete 
| 263|0x0000000094b00000, 0x0000000094c00000, 0x0000000094c00000|100%| E|CS|TAMS 0x0000000094b00000, 0x0000000094b00000| Complete 
| 264|0x0000000094c00000, 0x0000000094d00000, 0x0000000094d00000|100%| E|CS|TAMS 0x0000000094c00000, 0x0000000094c00000| Complete 
| 265|0x0000000094d00000, 0x0000000094e00000, 0x0000000094e00000|100%| E|CS|TAMS 0x0000000094d00000, 0x0000000094d00000| Complete 
| 266|0x0000000094e00000, 0x0000000094f00000, 0x0000000094f00000|100%| E|CS|TAMS 0x0000000094e00000, 0x0000000094e00000| Complete 
| 267|0x0000000094f00000, 0x0000000095000000, 0x0000000095000000|100%| E|CS|TAMS 0x0000000094f00000, 0x0000000094f00000| Complete 
| 268|0x0000000095000000, 0x0000000095100000, 0x0000000095100000|100%| E|CS|TAMS 0x0000000095000000, 0x0000000095000000| Complete 
| 269|0x0000000095100000, 0x0000000095200000, 0x0000000095200000|100%| E|CS|TAMS 0x0000000095100000, 0x0000000095100000| Complete 
| 270|0x0000000095200000, 0x0000000095300000, 0x0000000095300000|100%| E|CS|TAMS 0x0000000095200000, 0x0000000095200000| Complete 
| 271|0x0000000095300000, 0x0000000095400000, 0x0000000095400000|100%| E|CS|TAMS 0x0000000095300000, 0x0000000095300000| Complete 
| 272|0x0000000095400000, 0x0000000095500000, 0x0000000095500000|100%| E|CS|TAMS 0x0000000095400000, 0x0000000095400000| Complete 
| 273|0x0000000095500000, 0x0000000095600000, 0x0000000095600000|100%| E|CS|TAMS 0x0000000095500000, 0x0000000095500000| Complete 
| 274|0x0000000095600000, 0x0000000095700000, 0x0000000095700000|100%| E|CS|TAMS 0x0000000095600000, 0x0000000095600000| Complete 
| 275|0x0000000095700000, 0x0000000095800000, 0x0000000095800000|100%| E|CS|TAMS 0x0000000095700000, 0x0000000095700000| Complete 
| 276|0x0000000095800000, 0x0000000095900000, 0x0000000095900000|100%| E|CS|TAMS 0x0000000095800000, 0x0000000095800000| Complete 
| 277|0x0000000095900000, 0x0000000095a00000, 0x0000000095a00000|100%| E|CS|TAMS 0x0000000095900000, 0x0000000095900000| Complete 
| 278|0x0000000095a00000, 0x0000000095b00000, 0x0000000095b00000|100%| E|CS|TAMS 0x0000000095a00000, 0x0000000095a00000| Complete 
| 279|0x0000000095b00000, 0x0000000095c00000, 0x0000000095c00000|100%| E|CS|TAMS 0x0000000095b00000, 0x0000000095b00000| Complete 
| 280|0x0000000095c00000, 0x0000000095d00000, 0x0000000095d00000|100%| E|CS|TAMS 0x0000000095c00000, 0x0000000095c00000| Complete 
| 281|0x0000000095d00000, 0x0000000095e00000, 0x0000000095e00000|100%| E|CS|TAMS 0x0000000095d00000, 0x0000000095d00000| Complete 
| 282|0x0000000095e00000, 0x0000000095f00000, 0x0000000095f00000|100%| E|CS|TAMS 0x0000000095e00000, 0x0000000095e00000| Complete 
| 283|0x0000000095f00000, 0x0000000096000000, 0x0000000096000000|100%| E|CS|TAMS 0x0000000095f00000, 0x0000000095f00000| Complete 
| 284|0x0000000096000000, 0x0000000096100000, 0x0000000096100000|100%| E|CS|TAMS 0x0000000096000000, 0x0000000096000000| Complete 
| 285|0x0000000096100000, 0x0000000096200000, 0x0000000096200000|100%| E|CS|TAMS 0x0000000096100000, 0x0000000096100000| Complete 
| 286|0x0000000096200000, 0x0000000096300000, 0x0000000096300000|100%| E|CS|TAMS 0x0000000096200000, 0x0000000096200000| Complete 
| 287|0x0000000096300000, 0x0000000096400000, 0x0000000096400000|100%| E|CS|TAMS 0x0000000096300000, 0x0000000096300000| Complete 
| 288|0x0000000096400000, 0x0000000096500000, 0x0000000096500000|100%| E|CS|TAMS 0x0000000096400000, 0x0000000096400000| Complete 
| 289|0x0000000096500000, 0x0000000096600000, 0x0000000096600000|100%| E|CS|TAMS 0x0000000096500000, 0x0000000096500000| Complete 
|1972|0x00000000ff800000, 0x00000000ff900000, 0x00000000ff900000|100%| O|  |TAMS 0x00000000ff900000, 0x00000000ff800000| Untracked 
|1973|0x00000000ff900000, 0x00000000ffa00000, 0x00000000ffa00000|100%| O|  |TAMS 0x00000000ffa00000, 0x00000000ff900000| Untracked 
|1974|0x00000000ffa00000, 0x00000000ffb00000, 0x00000000ffb00000|100%| O|  |TAMS 0x00000000ffb00000, 0x00000000ffa00000| Untracked 
|1975|0x00000000ffb00000, 0x00000000ffc00000, 0x00000000ffc00000|100%| O|  |TAMS 0x00000000ffc00000, 0x00000000ffb00000| Untracked 
|1976|0x00000000ffc00000, 0x00000000ffd00000, 0x00000000ffd00000|100%| O|  |TAMS 0x00000000ffd00000, 0x00000000ffc00000| Untracked 
|1977|0x00000000ffd00000, 0x00000000ffe00000, 0x00000000ffe00000|100%| O|  |TAMS 0x00000000ffe00000, 0x00000000ffd00000| Untracked 
|1978|0x00000000ffe00000, 0x00000000fff00000, 0x00000000fff00000|100%| O|  |TAMS 0x00000000fff00000, 0x00000000ffe00000| Untracked 
|1979|0x00000000fff00000, 0x0000000100000000, 0x0000000100000000|100%| O|  |TAMS 0x0000000100000000, 0x00000000fff00000| Untracked 

Card table byte_map: [0x000001ec739b0000,0x000001ec73d90000] _byte_map_base: 0x000001ec7358e000

Marking Bits (Prev, Next): (CMBitMap*) 0x000001ec5c7c7b00, (CMBitMap*) 0x000001ec5c7c7b40
 Prev Bits: [0x000001ec74170000, 0x000001ec76060000)
 Next Bits: [0x000001ec76060000, 0x000001ec77f50000)

Polling page: 0x000001ec5bf20000

Metaspace:

Usage:
  Non-class:     71.44 MB used.
      Class:      8.32 MB used.
       Both:     79.76 MB used.

Virtual space:
  Non-class space:      128.00 MB reserved,      71.62 MB ( 56%) committed,  2 nodes.
      Class space:        1.00 GB reserved,       8.50 MB ( <1%) committed,  1 nodes.
             Both:        1.12 GB reserved,      80.12 MB (  7%) committed. 

Chunk freelists:
   Non-Class:  7.58 MB
       Class:  7.56 MB
        Both:  15.14 MB

MaxMetaspaceSize: unlimited
CompressedClassSpaceSize: 1.00 GB
Initial GC threshold: 21.00 MB
Current GC threshold: 95.00 MB
CDS: on
MetaspaceReclaimPolicy: balanced
 - commit_granule_bytes: 65536.
 - commit_granule_words: 8192.
 - virtual_space_node_default_size: 8388608.
 - enlarge_chunks_in_place: 1.
 - new_chunks_are_fully_committed: 0.
 - uncommit_free_chunks: 1.
 - use_allocation_guard: 0.
 - handle_deallocations: 1.


Internal statistics:

num_allocs_failed_limit: 6.
num_arena_births: 374.
num_arena_deaths: 0.
num_vsnodes_births: 3.
num_vsnodes_deaths: 0.
num_space_committed: 1280.
num_space_uncommitted: 0.
num_chunks_returned_to_freelist: 6.
num_chunks_taken_from_freelist: 3178.
num_chunk_merges: 6.
num_chunk_splits: 2663.
num_chunks_enlarged: 2440.
num_inconsistent_stats: 0.

CodeHeap 'non-profiled nmethods': size=120000Kb used=9000Kb max_used=9000Kb free=110999Kb
 bounds [0x000001ec6bd70000, 0x000001ec6c640000, 0x000001ec732a0000]
CodeHeap 'profiled nmethods': size=120000Kb used=54122Kb max_used=54122Kb free=65877Kb
 bounds [0x000001ec642a0000, 0x000001ec67780000, 0x000001ec6b7d0000]
CodeHeap 'non-nmethods': size=5760Kb used=1474Kb max_used=1524Kb free=4285Kb
 bounds [0x000001ec6b7d0000, 0x000001ec6ba40000, 0x000001ec6bd70000]
 total_blobs=16842 nmethods=16054 adapters=694
 compilation: enabled
              stopped_count=0, restarted_count=0
 full_count=0

Compilation events (20 events):
Event: 41.638 Thread 0x000001ec7a988330 nmethod 20003 0x000001ec67769590 code [0x000001ec67769800, 0x000001ec67769d88]
Event: 41.638 Thread 0x000001ec7a988330 20006       2       org.jetbrains.kotlin.backend.jvm.mapping.MethodSignatureMapper::forceFoxedReturnTypeOnOverride (132 bytes)
Event: 41.639 Thread 0x000001ec7a988330 nmethod 20006 0x000001ec6776a190 code [0x000001ec6776a500, 0x000001ec6776b188]
Event: 41.639 Thread 0x000001ec7a988330 20005       2       org.jetbrains.kotlin.backend.jvm.mapping.MethodSignatureMapper::isBoxMethodForInlineClass (71 bytes)
Event: 41.640 Thread 0x000001ec7a988330 nmethod 20005 0x000001ec6776b890 code [0x000001ec6776bb80, 0x000001ec6776c4b8]
Event: 41.640 Thread 0x000001ec7a988330 20007       2       org.jetbrains.kotlin.backend.jvm.mapping.MethodSignatureMapper::forceBoxedReturnTypeOnDefaultImplFun (40 bytes)
Event: 41.640 Thread 0x000001ec7a988330 nmethod 20007 0x000001ec6776cb10 code [0x000001ec6776cd20, 0x000001ec6776d178]
Event: 41.641 Thread 0x000001ec7a988330 20008       2       org.jetbrains.kotlin.backend.jvm.JvmCachedDeclarations::getOriginalFunctionForDefaultImpl (19 bytes)
Event: 41.641 Thread 0x000001ec7a988330 nmethod 20008 0x000001ec6776d410 code [0x000001ec6776d600, 0x000001ec6776d928]
Event: 41.641 Thread 0x000001ec7a988330 20009       2       org.jetbrains.kotlin.load.kotlin.TypeMappingMode$Companion::getModeForReturnTypeNoGeneric (14 bytes)
Event: 41.641 Thread 0x000001ec7a988330 nmethod 20009 0x000001ec6776db10 code [0x000001ec6776dca0, 0x000001ec6776ddb8]
Event: 41.646 Thread 0x000001ec7a988330 20011       3       org.jetbrains.kotlin.ir.types.IrTypeSystemContext$DefaultImpls::getPrimitiveType (38 bytes)
Event: 41.647 Thread 0x000001ec7a988330 nmethod 20011 0x000001ec6776de90 code [0x000001ec6776e0c0, 0x000001ec6776e738]
Event: 41.647 Thread 0x000001ec7a988330 20012       2       org.jetbrains.kotlin.backend.jvm.mapping.MethodSignatureMapper::mapReturnType (97 bytes)
Event: 41.648 Thread 0x000001ec7a988330 nmethod 20012 0x000001ec6776ea10 code [0x000001ec6776eca0, 0x000001ec6776f3d8]
Event: 41.648 Thread 0x000001ec7a988330 20013       2       org.jetbrains.kotlin.backend.jvm.mapping.MethodSignatureMapper::forceBoxedReturnType (50 bytes)
Event: 41.648 Thread 0x000001ec7a988330 nmethod 20013 0x000001ec6776f890 code [0x000001ec6776fb00, 0x000001ec677700e8]
Event: 41.648 Thread 0x000001ec7a988330 20014       3       org.jetbrains.kotlin.backend.jvm.mapping.IrTypeMapper::writeGenericType (13 bytes)
Event: 41.649 Thread 0x000001ec7a988330 nmethod 20014 0x000001ec67770490 code [0x000001ec67770640, 0x000001ec67770868]
Event: 41.649 Thread 0x000001ec7a988330 20015       3       org.jetbrains.kotlin.backend.jvm.mapping.IrTypeMapper::writeGenericType (322 bytes)

GC Heap History (20 events):
Event: 22.136 GC heap before
{Heap before GC invocations=28 (full 0):
 garbage-first heap   total 152576K, used 119536K [0x0000000084400000, 0x0000000100000000)
  region size 1024K, 37 young (37888K), 1 survivors (1024K)
 Metaspace       used 58035K, committed 58368K, reserved 1114112K
  class space    used 6629K, committed 6784K, reserved 1048576K
}
Event: 22.152 GC heap after
{Heap after GC invocations=29 (full 0):
 garbage-first heap   total 152576K, used 88036K [0x0000000084400000, 0x0000000100000000)
  region size 1024K, 5 young (5120K), 5 survivors (5120K)
 Metaspace       used 58035K, committed 58368K, reserved 1114112K
  class space    used 6629K, committed 6784K, reserved 1048576K
}
Event: 23.872 GC heap before
{Heap before GC invocations=30 (full 0):
 garbage-first heap   total 152576K, used 121828K [0x0000000084400000, 0x0000000100000000)
  region size 1024K, 38 young (38912K), 5 survivors (5120K)
 Metaspace       used 58475K, committed 58816K, reserved 1114112K
  class space    used 6652K, committed 6784K, reserved 1048576K
}
Event: 23.889 GC heap after
{Heap after GC invocations=31 (full 0):
 garbage-first heap   total 152576K, used 90187K [0x0000000084400000, 0x0000000100000000)
  region size 1024K, 2 young (2048K), 2 survivors (2048K)
 Metaspace       used 58475K, committed 58816K, reserved 1114112K
  class space    used 6652K, committed 6784K, reserved 1048576K
}
Event: 24.094 GC heap before
{Heap before GC invocations=31 (full 0):
 garbage-first heap   total 152576K, used 95307K [0x0000000084400000, 0x0000000100000000)
  region size 1024K, 7 young (7168K), 2 survivors (2048K)
 Metaspace       used 58509K, committed 58816K, reserved 1114112K
  class space    used 6653K, committed 6784K, reserved 1048576K
}
Event: 24.103 GC heap after
{Heap after GC invocations=32 (full 0):
 garbage-first heap   total 152576K, used 90547K [0x0000000084400000, 0x0000000100000000)
  region size 1024K, 1 young (1024K), 1 survivors (1024K)
 Metaspace       used 58509K, committed 58816K, reserved 1114112K
  class space    used 6653K, committed 6784K, reserved 1048576K
}
Event: 25.166 GC heap before
{Heap before GC invocations=32 (full 0):
 garbage-first heap   total 152576K, used 123315K [0x0000000084400000, 0x0000000100000000)
  region size 1024K, 33 young (33792K), 1 survivors (1024K)
 Metaspace       used 60138K, committed 60416K, reserved 1114112K
  class space    used 6803K, committed 6912K, reserved 1048576K
}
Event: 25.178 GC heap after
{Heap after GC invocations=33 (full 0):
 garbage-first heap   total 305152K, used 92594K [0x0000000084400000, 0x0000000100000000)
  region size 1024K, 3 young (3072K), 3 survivors (3072K)
 Metaspace       used 60138K, committed 60416K, reserved 1114112K
  class space    used 6803K, committed 6912K, reserved 1048576K
}
Event: 30.577 GC heap before
{Heap before GC invocations=33 (full 0):
 garbage-first heap   total 305152K, used 231858K [0x0000000084400000, 0x0000000100000000)
  region size 1024K, 139 young (142336K), 3 survivors (3072K)
 Metaspace       used 63301K, committed 63616K, reserved 1114112K
  class space    used 6984K, committed 7104K, reserved 1048576K
}
Event: 30.611 GC heap after
{Heap after GC invocations=34 (full 0):
 garbage-first heap   total 305152K, used 111539K [0x0000000084400000, 0x0000000100000000)
  region size 1024K, 18 young (18432K), 18 survivors (18432K)
 Metaspace       used 63301K, committed 63616K, reserved 1114112K
  class space    used 6984K, committed 7104K, reserved 1048576K
}
Event: 34.366 GC heap before
{Heap before GC invocations=34 (full 0):
 garbage-first heap   total 305152K, used 213939K [0x0000000084400000, 0x0000000100000000)
  region size 1024K, 119 young (121856K), 18 survivors (18432K)
 Metaspace       used 69816K, committed 70080K, reserved 1114112K
  class space    used 7558K, committed 7680K, reserved 1048576K
}
Event: 34.398 GC heap after
{Heap after GC invocations=35 (full 0):
 garbage-first heap   total 305152K, used 128169K [0x0000000084400000, 0x0000000100000000)
  region size 1024K, 15 young (15360K), 15 survivors (15360K)
 Metaspace       used 69816K, committed 70080K, reserved 1114112K
  class space    used 7558K, committed 7680K, reserved 1048576K
}
Event: 35.670 GC heap before
{Heap before GC invocations=35 (full 0):
 garbage-first heap   total 305152K, used 220329K [0x0000000084400000, 0x0000000100000000)
  region size 1024K, 105 young (107520K), 15 survivors (15360K)
 Metaspace       used 70630K, committed 70912K, reserved 1114112K
  class space    used 7601K, committed 7744K, reserved 1048576K
}
Event: 35.705 GC heap after
{Heap after GC invocations=36 (full 0):
 garbage-first heap   total 305152K, used 150934K [0x0000000084400000, 0x0000000100000000)
  region size 1024K, 14 young (14336K), 14 survivors (14336K)
 Metaspace       used 70630K, committed 70912K, reserved 1114112K
  class space    used 7601K, committed 7744K, reserved 1048576K
}
Event: 36.800 GC heap before
{Heap before GC invocations=36 (full 0):
 garbage-first heap   total 305152K, used 229782K [0x0000000084400000, 0x0000000100000000)
  region size 1024K, 90 young (92160K), 14 survivors (14336K)
 Metaspace       used 72632K, committed 72960K, reserved 1179648K
  class space    used 7706K, committed 7872K, reserved 1048576K
}
Event: 36.824 GC heap after
{Heap after GC invocations=37 (full 0):
 garbage-first heap   total 305152K, used 165860K [0x0000000084400000, 0x0000000100000000)
  region size 1024K, 12 young (12288K), 12 survivors (12288K)
 Metaspace       used 72632K, committed 72960K, reserved 1179648K
  class space    used 7706K, committed 7872K, reserved 1048576K
}
Event: 38.935 GC heap before
{Heap before GC invocations=37 (full 0):
 garbage-first heap   total 305152K, used 237540K [0x0000000084400000, 0x0000000100000000)
  region size 1024K, 82 young (83968K), 12 survivors (12288K)
 Metaspace       used 77485K, committed 77760K, reserved 1179648K
  class space    used 8174K, committed 8320K, reserved 1048576K
}
Event: 38.954 GC heap after
{Heap after GC invocations=38 (full 0):
 garbage-first heap   total 305152K, used 171110K [0x0000000084400000, 0x0000000100000000)
  region size 1024K, 5 young (5120K), 5 survivors (5120K)
 Metaspace       used 77485K, committed 77760K, reserved 1179648K
  class space    used 8174K, committed 8320K, reserved 1048576K
}
Event: 40.834 GC heap before
{Heap before GC invocations=38 (full 0):
 garbage-first heap   total 305152K, used 242790K [0x0000000084400000, 0x0000000100000000)
  region size 1024K, 75 young (76800K), 5 survivors (5120K)
 Metaspace       used 81021K, committed 81408K, reserved 1179648K
  class space    used 8469K, committed 8640K, reserved 1048576K
}
Event: 40.846 GC heap after
{Heap after GC invocations=39 (full 0):
 garbage-first heap   total 305152K, used 173088K [0x0000000084400000, 0x0000000100000000)
  region size 1024K, 7 young (7168K), 7 survivors (7168K)
 Metaspace       used 81021K, committed 81408K, reserved 1179648K
  class space    used 8469K, committed 8640K, reserved 1048576K
}

Dll operation events (7 events):
Event: 0.016 Loaded shared library C:\Program Files\Microsoft\jdk-17.0.14.7-hotspot\bin\java.dll
Event: 0.061 Loaded shared library C:\Program Files\Microsoft\jdk-17.0.14.7-hotspot\bin\jsvml.dll
Event: 0.118 Loaded shared library C:\Program Files\Microsoft\jdk-17.0.14.7-hotspot\bin\net.dll
Event: 0.121 Loaded shared library C:\Program Files\Microsoft\jdk-17.0.14.7-hotspot\bin\nio.dll
Event: 0.162 Loaded shared library C:\Program Files\Microsoft\jdk-17.0.14.7-hotspot\bin\zip.dll
Event: 0.207 Loaded shared library C:\Program Files\Microsoft\jdk-17.0.14.7-hotspot\bin\jimage.dll
Event: 3.544 Loaded shared library C:\Program Files\Microsoft\jdk-17.0.14.7-hotspot\bin\verify.dll

Deoptimization events (20 events):
Event: 41.505 Thread 0x000001ec5c76dc20 Uncommon trap: trap_request=0xffffff66 fr.pc=0x000001ec6c61e0ac relative=0x000000000000180c
Event: 41.505 Thread 0x000001ec5c76dc20 Uncommon trap: reason=speculate_class_check action=maybe_recompile pc=0x000001ec6c61e0ac method=org.jetbrains.kotlin.ir.declarations.IrDeclarationsKt.isSingleFieldValueClass(Lorg/jetbrains/kotlin/ir/declarations/IrClass;)Z @ 7 c2
Event: 41.505 Thread 0x000001ec5c76dc20 DEOPT PACKING pc=0x000001ec6c61e0ac sp=0x000000240bffd510
Event: 41.505 Thread 0x000001ec5c76dc20 DEOPT UNPACKING pc=0x000001ec6b82a1a3 sp=0x000000240bffd278 mode 2
Event: 41.505 Thread 0x000001ec5c76dc20 Uncommon trap: trap_request=0xffffff66 fr.pc=0x000001ec6c61e0ac relative=0x000000000000180c
Event: 41.505 Thread 0x000001ec5c76dc20 Uncommon trap: reason=speculate_class_check action=maybe_recompile pc=0x000001ec6c61e0ac method=org.jetbrains.kotlin.ir.declarations.IrDeclarationsKt.isSingleFieldValueClass(Lorg/jetbrains/kotlin/ir/declarations/IrClass;)Z @ 7 c2
Event: 41.506 Thread 0x000001ec5c76dc20 DEOPT PACKING pc=0x000001ec6c61e0ac sp=0x000000240bffd510
Event: 41.506 Thread 0x000001ec5c76dc20 DEOPT UNPACKING pc=0x000001ec6b82a1a3 sp=0x000000240bffd278 mode 2
Event: 41.603 Thread 0x000001ec5c76dc20 Uncommon trap: trap_request=0xffffffc6 fr.pc=0x000001ec6c631c80 relative=0x0000000000002880
Event: 41.603 Thread 0x000001ec5c76dc20 Uncommon trap: reason=bimorphic_or_optimized_type_check action=maybe_recompile pc=0x000001ec6c631c80 method=org.jetbrains.kotlin.backend.common.lower.DefaultArgumentFunctionFactory.findBaseFunctionWithDefaultArgumentsFor$dfsImpl(Lorg/jetbrains/kotlin/ir/d
Event: 41.603 Thread 0x000001ec5c76dc20 DEOPT PACKING pc=0x000001ec6c631c80 sp=0x000000240bffd660
Event: 41.603 Thread 0x000001ec5c76dc20 DEOPT UNPACKING pc=0x000001ec6b82a1a3 sp=0x000000240bffd628 mode 2
Event: 41.613 Thread 0x000001ec5c76dc20 Uncommon trap: trap_request=0xffffffde fr.pc=0x000001ec6c5fa500 relative=0x00000000000032e0
Event: 41.613 Thread 0x000001ec5c76dc20 Uncommon trap: reason=class_check action=maybe_recompile pc=0x000001ec6c5fa500 method=org.jetbrains.kotlin.ir.util.IrFakeOverrideUtilsKt.collectAndFilterRealOverrides$collectRealOverrides(Ljava/util/Set;Lkotlin/jvm/functions/Function1;Lkotlin/jvm/function
Event: 41.613 Thread 0x000001ec5c76dc20 DEOPT PACKING pc=0x000001ec6c5fa500 sp=0x000000240bffcfb0
Event: 41.613 Thread 0x000001ec5c76dc20 DEOPT UNPACKING pc=0x000001ec6b82a1a3 sp=0x000000240bffcfb8 mode 2
Event: 41.613 Thread 0x000001ec5c76dc20 Uncommon trap: trap_request=0xffffffde fr.pc=0x000001ec6c5fa500 relative=0x00000000000032e0
Event: 41.613 Thread 0x000001ec5c76dc20 Uncommon trap: reason=class_check action=maybe_recompile pc=0x000001ec6c5fa500 method=org.jetbrains.kotlin.ir.util.IrFakeOverrideUtilsKt.collectAndFilterRealOverrides$collectRealOverrides(Ljava/util/Set;Lkotlin/jvm/functions/Function1;Lkotlin/jvm/function
Event: 41.613 Thread 0x000001ec5c76dc20 DEOPT PACKING pc=0x000001ec6c5fa500 sp=0x000000240bffcfb0
Event: 41.613 Thread 0x000001ec5c76dc20 DEOPT UNPACKING pc=0x000001ec6b82a1a3 sp=0x000000240bffcfb8 mode 2

Classes loaded (20 events):
Event: 10.490 Loading class java/lang/Character$Subset done
Event: 10.490 Loading class java/lang/Character$UnicodeBlock done
Event: 10.496 Loading class jdk/internal/math/FDBigInteger
Event: 10.496 Loading class jdk/internal/math/FDBigInteger done
Event: 10.595 Loading class java/util/RegularEnumSet$EnumSetIterator
Event: 10.595 Loading class java/util/RegularEnumSet$EnumSetIterator done
Event: 14.780 Loading class java/util/AbstractList$RandomAccessSubList
Event: 14.780 Loading class java/util/AbstractList$RandomAccessSubList done
Event: 15.265 Loading class java/lang/Byte$ByteCache
Event: 15.265 Loading class java/lang/Byte$ByteCache done
Event: 18.445 Loading class java/lang/Short$ShortCache
Event: 18.445 Loading class java/lang/Short$ShortCache done
Event: 25.193 Loading class java/text/MessageFormat
Event: 25.194 Loading class java/text/MessageFormat done
Event: 25.259 Loading class java/text/ChoiceFormat
Event: 25.260 Loading class java/text/ChoiceFormat done
Event: 40.089 Loading class java/util/Formatter$FixedString
Event: 40.098 Loading class java/util/Formatter$FixedString done
Event: 40.467 Loading class java/util/concurrent/locks/AbstractQueuedSynchronizer$Node
Event: 40.467 Loading class java/util/concurrent/locks/AbstractQueuedSynchronizer$Node done

Classes unloaded (0 events):
No events

Classes redefined (0 events):
No events

Internal exceptions (20 events):
Event: 28.996 Thread 0x000001ec5c76dc20 Exception <a 'java/lang/NoSuchMethodError'{0x00000000936b0f50}: 'java.lang.Object java.lang.invoke.DirectMethodHandle$Holder.newInvokeSpecial(java.lang.Object, java.lang.Object, int, java.lang.Object, java.lang.Object, java.lang.Object)'> (0x00000000936b0f50) 
thrown [s\src\hotspot\share\interpreter\linkResolver.cpp, line 759]
Event: 28.997 Thread 0x000001ec5c76dc20 Exception <a 'java/lang/NoSuchMethodError'{0x00000000936b52c0}: 'java.lang.Object java.lang.invoke.DirectMethodHandle$Holder.invokeSpecial(java.lang.Object, java.lang.Object, java.lang.Object, int, java.lang.Object, java.lang.Object, java.lang.Object)'> (0x00000000936b52c0) 
thrown [s\src\hotspot\share\interpreter\linkResolver.cpp, line 759]
Event: 28.997 Thread 0x000001ec5c76dc20 Exception <a 'java/lang/NoSuchMethodError'{0x00000000936b8ba0}: 'java.lang.Object java.lang.invoke.Invokers$Holder.linkToTargetMethod(java.lang.Object, int, java.lang.Object, java.lang.Object, java.lang.Object, java.lang.Object)'> (0x00000000936b8ba0) 
thrown [s\src\hotspot\share\interpreter\linkResolver.cpp, line 759]
Event: 32.444 Thread 0x000001ec5c76dc20 Implicit null exception at 0x000001ec6bd966f2 to 0x000001ec6bd96d30
Event: 32.447 Thread 0x000001ec5c76dc20 Implicit null exception at 0x000001ec6bd9c972 to 0x000001ec6bd9cfc8
Event: 32.595 Thread 0x000001ec5c76dc20 Exception <a 'java/lang/NoSuchMethodError'{0x0000000092af4968}: 'java.lang.Object java.lang.invoke.DirectMethodHandle$Holder.invokeStatic(java.lang.Object, java.lang.Object, int)'> (0x0000000092af4968) 
thrown [s\src\hotspot\share\interpreter\linkResolver.cpp, line 759]
Event: 33.147 Thread 0x000001ec5c76dc20 Exception <a 'java/lang/NoSuchMethodError'{0x0000000091d75ca0}: 'java.lang.Object java.lang.invoke.DirectMethodHandle$Holder.newInvokeSpecial(java.lang.Object, java.lang.Object, java.lang.Object, java.lang.Object, java.lang.Object, java.lang.Object, java.lang.Object, java.lang.Object, int)'> (0x0000000091d75ca0) 
thrown [s\src\hotspot\share\interpreter\linkResolver.cpp, line 759]
Event: 33.148 Thread 0x000001ec5c76dc20 Exception <a 'java/lang/NoSuchMethodError'{0x0000000091d7b4b0}: 'java.lang.Object java.lang.invoke.DirectMethodHandle$Holder.invokeSpecial(java.lang.Object, java.lang.Object, java.lang.Object, java.lang.Object, java.lang.Object, java.lang.Object, java.lang.Object, java.lang.Object, java.lang.Object, int)'> (0x0000000091d7b4b0) 
thrown [s\src\hotspot\share\interpreter\linkResolver.cpp, line 759]
Event: 33.358 Thread 0x000001ec5c76dc20 Exception <a 'java/lang/NoSuchMethodError'{0x0000000091a50718}: 'java.lang.Object java.lang.invoke.DirectMethodHandle$Holder.invokeStatic(java.lang.Object, java.lang.Object, int, int)'> (0x0000000091a50718) 
thrown [s\src\hotspot\share\interpreter\linkResolver.cpp, line 759]
Event: 33.359 Thread 0x000001ec5c76dc20 Exception <a 'java/lang/NoSuchMethodError'{0x0000000091a57cd8}: 'java.lang.Object java.lang.invoke.DirectMethodHandle$Holder.newInvokeSpecial(java.lang.Object, java.lang.Object, int, int)'> (0x0000000091a57cd8) 
thrown [s\src\hotspot\share\interpreter\linkResolver.cpp, line 759]
Event: 33.359 Thread 0x000001ec5c76dc20 Exception <a 'java/lang/NoSuchMethodError'{0x0000000091a5c1f0}: 'java.lang.Object java.lang.invoke.DirectMethodHandle$Holder.invokeSpecial(java.lang.Object, java.lang.Object, java.lang.Object, int, int)'> (0x0000000091a5c1f0) 
thrown [s\src\hotspot\share\interpreter\linkResolver.cpp, line 759]
Event: 33.359 Thread 0x000001ec5c76dc20 Exception <a 'java/lang/NoSuchMethodError'{0x0000000091a60068}: 'java.lang.Object java.lang.invoke.Invokers$Holder.linkToTargetMethod(java.lang.Object, int, int, java.lang.Object)'> (0x0000000091a60068) 
thrown [s\src\hotspot\share\interpreter\linkResolver.cpp, line 759]
Event: 33.391 Thread 0x000001ec5c76dc20 Exception <a 'java/lang/NoSuchMethodError'{0x0000000091ab9548}: 'java.lang.Object java.lang.invoke.DirectMethodHandle$Holder.invokeStatic(java.lang.Object, java.lang.Object, java.lang.Object, int, int)'> (0x0000000091ab9548) 
thrown [s\src\hotspot\share\interpreter\linkResolver.cpp, line 759]
Event: 36.733 Thread 0x000001ec5c76dc20 Implicit null exception at 0x000001ec6c54c8c0 to 0x000001ec6c54d0c8
Event: 37.820 Thread 0x000001ec5c76dc20 Exception <a 'java/lang/NoSuchMethodError'{0x0000000093e3da38}: 'java.lang.Object java.lang.invoke.DirectMethodHandle$Holder.newInvokeSpecial(java.lang.Object, int, java.lang.Object, int)'> (0x0000000093e3da38) 
thrown [s\src\hotspot\share\interpreter\linkResolver.cpp, line 759]
Event: 37.820 Thread 0x000001ec5c76dc20 Exception <a 'java/lang/NoSuchMethodError'{0x0000000093e41af8}: 'java.lang.Object java.lang.invoke.DirectMethodHandle$Holder.invokeSpecial(java.lang.Object, java.lang.Object, int, java.lang.Object, int)'> (0x0000000093e41af8) 
thrown [s\src\hotspot\share\interpreter\linkResolver.cpp, line 759]
Event: 39.368 Thread 0x000001ec5c76dc20 Implicit null exception at 0x000001ec6beb468c to 0x000001ec6beb4b78
Event: 39.752 Thread 0x000001ec5c76dc20 Implicit null exception at 0x000001ec6c110952 to 0x000001ec6c1109f9
Event: 41.533 Thread 0x000001ec5c76dc20 Exception <a 'java/lang/NoSuchMethodError'{0x000000009374ef00}: 'java.lang.Object java.lang.invoke.DirectMethodHandle$Holder.newInvokeSpecial(java.lang.Object, java.lang.Object, java.lang.Object, int, int, java.lang.Object)'> (0x000000009374ef00) 
thrown [s\src\hotspot\share\interpreter\linkResolver.cpp, line 759]
Event: 41.534 Thread 0x000001ec5c76dc20 Exception <a 'java/lang/NoSuchMethodError'{0x0000000093756b48}: 'java.lang.Object java.lang.invoke.Invokers$Holder.linkToTargetMethod(java.lang.Object, java.lang.Object, int, int, java.lang.Object, java.lang.Object)'> (0x0000000093756b48) 
thrown [s\src\hotspot\share\interpreter\linkResolver.cpp, line 759]

VM Operations (20 events):
Event: 40.055 Executing VM operation: HandshakeAllThreads
Event: 40.055 Executing VM operation: HandshakeAllThreads done
Event: 40.161 Executing VM operation: HandshakeAllThreads
Event: 40.161 Executing VM operation: HandshakeAllThreads done
Event: 40.185 Executing VM operation: ICBufferFull
Event: 40.186 Executing VM operation: ICBufferFull done
Event: 40.364 Executing VM operation: HandshakeAllThreads
Event: 40.364 Executing VM operation: HandshakeAllThreads done
Event: 40.484 Executing VM operation: ICBufferFull
Event: 40.485 Executing VM operation: ICBufferFull done
Event: 40.691 Executing VM operation: ICBufferFull
Event: 40.691 Executing VM operation: ICBufferFull done
Event: 40.834 Executing VM operation: G1CollectForAllocation
Event: 40.846 Executing VM operation: G1CollectForAllocation done
Event: 41.081 Executing VM operation: ICBufferFull
Event: 41.081 Executing VM operation: ICBufferFull done
Event: 41.230 Executing VM operation: ICBufferFull
Event: 41.231 Executing VM operation: ICBufferFull done
Event: 41.427 Executing VM operation: ICBufferFull
Event: 41.427 Executing VM operation: ICBufferFull done

Memory protections (0 events):
No events

Nmethod flushes (20 events):
Event: 38.807 Thread 0x000001ec7a9a0ca0 flushing  nmethod 0x000001ec6724da10
Event: 38.807 Thread 0x000001ec7a9a0ca0 flushing  nmethod 0x000001ec6724f190
Event: 38.807 Thread 0x000001ec7a9a0ca0 flushing  nmethod 0x000001ec6724fd90
Event: 38.807 Thread 0x000001ec7a9a0ca0 flushing  nmethod 0x000001ec67253190
Event: 38.807 Thread 0x000001ec7a9a0ca0 flushing  nmethod 0x000001ec67269710
Event: 38.808 Thread 0x000001ec7a9a0ca0 flushing  nmethod 0x000001ec6726d790
Event: 38.808 Thread 0x000001ec7a9a0ca0 flushing  nmethod 0x000001ec67271710
Event: 38.808 Thread 0x000001ec7a9a0ca0 flushing  nmethod 0x000001ec6727a510
Event: 38.808 Thread 0x000001ec7a9a0ca0 flushing  nmethod 0x000001ec6727cd10
Event: 38.808 Thread 0x000001ec7a9a0ca0 flushing  nmethod 0x000001ec6727f910
Event: 38.808 Thread 0x000001ec7a9a0ca0 flushing  nmethod 0x000001ec67281e90
Event: 40.371 Thread 0x000001ec7a9a0ca0 flushing  nmethod 0x000001ec6c5c2910
Event: 40.371 Thread 0x000001ec7a9a0ca0 flushing  nmethod 0x000001ec6c5c3510
Event: 40.371 Thread 0x000001ec7a9a0ca0 flushing  nmethod 0x000001ec6c5c3910
Event: 40.371 Thread 0x000001ec7a9a0ca0 flushing  nmethod 0x000001ec6c5ca310
Event: 40.386 Thread 0x000001ec7a9a0ca0 flushing  nmethod 0x000001ec64f2c110
Event: 40.417 Thread 0x000001ec7a9a0ca0 flushing  nmethod 0x000001ec67272190
Event: 40.417 Thread 0x000001ec7a9a0ca0 flushing  nmethod 0x000001ec672a0890
Event: 40.417 Thread 0x000001ec7a9a0ca0 flushing  nmethod 0x000001ec672a1e90
Event: 40.417 Thread 0x000001ec7a9a0ca0 flushing  nmethod 0x000001ec672a4b90

Events (19 events):
Event: 0.061 Thread 0x000001ec5c76dc20 Thread added: 0x000001ec5c76dc20
Event: 0.065 Thread 0x000001ec5c76dc20 Thread added: 0x000001ec7a960a90
Event: 0.066 Thread 0x000001ec5c76dc20 Thread added: 0x000001ec7a961360
Event: 0.078 Thread 0x000001ec5c76dc20 Thread added: 0x000001ec7a976d20
Event: 0.078 Thread 0x000001ec5c76dc20 Thread added: 0x000001ec7a9775f0
Event: 0.078 Thread 0x000001ec5c76dc20 Thread added: 0x000001ec7a979ed0
Event: 0.078 Thread 0x000001ec5c76dc20 Thread added: 0x000001ec7a97b7b0
Event: 0.078 Thread 0x000001ec5c76dc20 Thread added: 0x000001ec7a97c460
Event: 0.079 Thread 0x000001ec5c76dc20 Thread added: 0x000001ec7a988330
Event: 0.079 Thread 0x000001ec5c76dc20 Thread added: 0x000001ec7a9a0ca0
Event: 0.111 Thread 0x000001ec5c76dc20 Thread added: 0x000001ec7aac44c0
Event: 0.114 Thread 0x000001ec5c76dc20 Thread added: 0x000001ec7aac8240
Event: 0.148 Thread 0x000001ec7a97c460 Thread added: 0x000001ec7ab23d00
Event: 0.574 Thread 0x000001ec7ab23d00 Thread exited: 0x000001ec7ab23d00
Event: 11.600 Thread 0x000001ec7a988330 Thread added: 0x000001ec410ac650
Event: 17.528 Thread 0x000001ec410ac650 Thread exited: 0x000001ec410ac650
Event: 20.407 Thread 0x000001ec7a988330 Thread added: 0x000001ec45c33000
Event: 22.482 Thread 0x000001ec45c33000 Thread exited: 0x000001ec45c33000
Event: 22.613 Thread 0x000001ec7a988330 Thread added: 0x000001ec45c32010


Dynamic libraries:
0x00007ff7c89a0000 - 0x00007ff7c89ae000 	C:\Program Files\Microsoft\jdk-17.0.14.7-hotspot\bin\java.exe
0x00007ff8529b0000 - 0x00007ff852bc7000 	C:\WINDOWS\SYSTEM32\ntdll.dll
0x00007ff8514e0000 - 0x00007ff8515a4000 	C:\WINDOWS\System32\KERNEL32.DLL
0x00007ff84fac0000 - 0x00007ff84fe93000 	C:\WINDOWS\System32\KERNELBASE.dll
0x00007ff84fea0000 - 0x00007ff84ffb1000 	C:\WINDOWS\System32\ucrtbase.dll
0x00007ff847850000 - 0x00007ff84786d000 	C:\Program Files\Microsoft\jdk-17.0.14.7-hotspot\bin\VCRUNTIME140.dll
0x00007ff84f320000 - 0x00007ff84f337000 	C:\Program Files\Microsoft\jdk-17.0.14.7-hotspot\bin\jli.dll
0x00007ff8508d0000 - 0x00007ff850a81000 	C:\WINDOWS\System32\USER32.dll
0x00007ff84edf0000 - 0x00007ff84f088000 	C:\WINDOWS\WinSxS\amd64_microsoft.windows.common-controls_6595b64144ccf1df_6.0.22621.5124_none_270e8f4f7386d69d\COMCTL32.dll
0x00007ff8503e0000 - 0x00007ff850406000 	C:\WINDOWS\System32\win32u.dll
0x00007ff8528a0000 - 0x00007ff852947000 	C:\WINDOWS\System32\msvcrt.dll
0x00007ff850e20000 - 0x00007ff850e49000 	C:\WINDOWS\System32\GDI32.dll
0x00007ff8504b0000 - 0x00007ff8505cb000 	C:\WINDOWS\System32\gdi32full.dll
0x00007ff850410000 - 0x00007ff8504aa000 	C:\WINDOWS\System32\msvcp_win.dll
0x00007ff851a40000 - 0x00007ff851a71000 	C:\WINDOWS\System32\IMM32.DLL
0x00007ff848ea0000 - 0x00007ff848eac000 	C:\Program Files\Microsoft\jdk-17.0.14.7-hotspot\bin\vcruntime140_1.dll
0x00007ff82a710000 - 0x00007ff82a79d000 	C:\Program Files\Microsoft\jdk-17.0.14.7-hotspot\bin\msvcp140.dll
0x00007fffee7e0000 - 0x00007fffef452000 	C:\Program Files\Microsoft\jdk-17.0.14.7-hotspot\bin\server\jvm.dll
0x00007ff850650000 - 0x00007ff850701000 	C:\WINDOWS\System32\ADVAPI32.dll
0x00007ff850f00000 - 0x00007ff850fa8000 	C:\WINDOWS\System32\sechost.dll
0x00007ff8501b0000 - 0x00007ff8501d8000 	C:\WINDOWS\System32\bcrypt.dll
0x00007ff851620000 - 0x00007ff851734000 	C:\WINDOWS\System32\RPCRT4.dll
0x00007ff852820000 - 0x00007ff852891000 	C:\WINDOWS\System32\WS2_32.dll
0x00007ff84f390000 - 0x00007ff84f3dd000 	C:\WINDOWS\SYSTEM32\POWRPROF.dll
0x00007ff84e760000 - 0x00007ff84e794000 	C:\WINDOWS\SYSTEM32\WINMM.dll
0x00007ff84e110000 - 0x00007ff84e11a000 	C:\WINDOWS\SYSTEM32\VERSION.dll
0x00007ff84f280000 - 0x00007ff84f293000 	C:\WINDOWS\SYSTEM32\UMPDC.dll
0x00007ff84dc00000 - 0x00007ff84dc18000 	C:\WINDOWS\SYSTEM32\kernel.appcore.dll
0x00007ff839300000 - 0x00007ff83930a000 	C:\Program Files\Microsoft\jdk-17.0.14.7-hotspot\bin\jimage.dll
0x00007ff84f420000 - 0x00007ff84f652000 	C:\WINDOWS\SYSTEM32\DBGHELP.DLL
0x00007ff851140000 - 0x00007ff8514d2000 	C:\WINDOWS\System32\combase.dll
0x00007ff851850000 - 0x00007ff851927000 	C:\WINDOWS\System32\OLEAUT32.dll
0x00007ff84f2c0000 - 0x00007ff84f2f2000 	C:\WINDOWS\SYSTEM32\dbgcore.DLL
0x00007ff8505d0000 - 0x00007ff85064b000 	C:\WINDOWS\System32\bcryptPrimitives.dll
0x00007ff833490000 - 0x00007ff8334b5000 	C:\Program Files\Microsoft\jdk-17.0.14.7-hotspot\bin\java.dll
0x00007ff8125b0000 - 0x00007ff812687000 	C:\Program Files\Microsoft\jdk-17.0.14.7-hotspot\bin\jsvml.dll
0x00007ff851f80000 - 0x00007ff852816000 	C:\WINDOWS\System32\SHELL32.dll
0x00007ff8501e0000 - 0x00007ff85031f000 	C:\WINDOWS\System32\wintypes.dll
0x00007ff84ca60000 - 0x00007ff84d37a000 	C:\WINDOWS\SYSTEM32\windows.storage.dll
0x00007ff850fe0000 - 0x00007ff8510ea000 	C:\WINDOWS\System32\SHCORE.dll
0x00007ff8515b0000 - 0x00007ff851613000 	C:\WINDOWS\System32\shlwapi.dll
0x00007ff84f9f0000 - 0x00007ff84fa1b000 	C:\WINDOWS\SYSTEM32\profapi.dll
0x00007ff833470000 - 0x00007ff83348a000 	C:\Program Files\Microsoft\jdk-17.0.14.7-hotspot\bin\net.dll
0x00007ff844380000 - 0x00007ff8444ac000 	C:\WINDOWS\SYSTEM32\WINHTTP.dll
0x00007ff84e000000 - 0x00007ff84e06a000 	C:\WINDOWS\system32\mswsock.dll
0x00007ff832950000 - 0x00007ff832966000 	C:\Program Files\Microsoft\jdk-17.0.14.7-hotspot\bin\nio.dll
0x00007ff832590000 - 0x00007ff8325a8000 	C:\Program Files\Microsoft\jdk-17.0.14.7-hotspot\bin\zip.dll
0x00007ff8392c0000 - 0x00007ff8392d0000 	C:\Program Files\Microsoft\jdk-17.0.14.7-hotspot\bin\verify.dll

dbghelp: loaded successfully - version: 4.0.5 - missing functions: none
symbol engine: initialized successfully - sym options: 0x614 - pdb path: .;C:\Program Files\Microsoft\jdk-17.0.14.7-hotspot\bin;C:\WINDOWS\SYSTEM32;C:\WINDOWS\WinSxS\amd64_microsoft.windows.common-controls_6595b64144ccf1df_6.0.22621.5124_none_270e8f4f7386d69d;C:\Program Files\Microsoft\jdk-17.0.14.7-hotspot\bin\server

VM Arguments:
java_command: org.jetbrains.kotlin.cli.jvm.K2JVMCompiler @D:\NativeProject\node_modules\react-native-screens\android\build\20250502_586272922870867800.compiler.options
java_class_path (initial): C:\Users\DELL\.gradle\caches\modules-2\files-2.1\org.jetbrains.kotlin\kotlin-compiler-embeddable\2.0.21\79346ed53db48b18312a472602eb5c057070c54d\kotlin-compiler-embeddable-2.0.21.jar;C:\Users\DELL\.gradle\caches\modules-2\files-2.1\org.jetbrains.kotlin\kotlin-stdlib\2.0.21\618b539767b4899b4660a83006e052b63f1db551\kotlin-stdlib-2.0.21.jar;C:\Users\DELL\.gradle\caches\modules-2\files-2.1\org.jetbrains.kotlin\kotlin-script-runtime\2.0.21\c9b044380ad41f89aa89aa896c2d32a8c0b2129d\kotlin-script-runtime-2.0.21.jar;C:\Users\DELL\.gradle\caches\modules-2\files-2.1\org.jetbrains.kotlin\kotlin-reflect\1.6.10\1cbe9c92c12a94eea200d23c2bbaedaf3daf5132\kotlin-reflect-1.6.10.jar;C:\Users\DELL\.gradle\caches\modules-2\files-2.1\org.jetbrains.kotlin\kotlin-daemon-embeddable\2.0.21\c9e933b23287de9b5a17e2116b4657bb91aea72c\kotlin-daemon-embeddable-2.0.21.jar;C:\Users\DELL\.gradle\caches\modules-2\files-2.1\org.jetbrains.intellij.deps\trove4j\1.0.20200330\3afb14d5f9ceb459d724e907a21145e8ff394f02\trove4j-1.0.20200330.jar;C:\Users\DELL\.gradle\caches\modules-2\files-2.1\org.jetbrains.kotlinx\kotlinx-coroutines-core-jvm\1.6.4\2c997cd1c0ef33f3e751d3831929aeff1390cb30\kotlinx-coroutines-core-jvm-1.6.4.jar;C:\Users\DELL\.gradle\caches\modules-2\files-2.1\org.jetbrains\annotations\13.0\919f0dfe192fb4e063e7dacadee7f8bb9a2672a9\annotations-13.0.jar
Launcher Type: SUN_STANDARD

[Global flags]
     intx CICompilerCount                          = 4                                         {product} {ergonomic}
     uint ConcGCThreads                            = 2                                         {product} {ergonomic}
     uint G1ConcRefinementThreads                  = 8                                         {product} {ergonomic}
   size_t G1HeapRegionSize                         = 1048576                                   {product} {ergonomic}
    uintx GCDrainStackTargetSize                   = 64                                        {product} {ergonomic}
   size_t InitialHeapSize                          = 130023424                                 {product} {ergonomic}
   size_t MarkStackSize                            = 4194304                                   {product} {ergonomic}
   size_t MaxHeapSize                              = 2076180480                                {product} {ergonomic}
   size_t MaxNewSize                               = 1245708288                                {product} {ergonomic}
   size_t MinHeapDeltaBytes                        = 1048576                                   {product} {ergonomic}
   size_t MinHeapSize                              = 8388608                                   {product} {ergonomic}
    uintx NonNMethodCodeHeapSize                   = 5839372                                {pd product} {ergonomic}
    uintx NonProfiledCodeHeapSize                  = 122909434                              {pd product} {ergonomic}
    uintx ProfiledCodeHeapSize                     = 122909434                              {pd product} {ergonomic}
    uintx ReservedCodeCacheSize                    = 251658240                              {pd product} {ergonomic}
     bool SegmentedCodeCache                       = true                                      {product} {ergonomic}
   size_t SoftMaxHeapSize                          = 2076180480                             {manageable} {ergonomic}
     bool UseCompressedClassPointers               = true                           {product lp64_product} {ergonomic}
     bool UseCompressedOops                        = true                           {product lp64_product} {ergonomic}
     bool UseG1GC                                  = true                                      {product} {ergonomic}
     bool UseLargePagesIndividualAllocation        = false                                  {pd product} {ergonomic}

Logging:
Log output configuration:
 #0: stdout all=warning uptime,level,tags
 #1: stderr all=off uptime,level,tags

Environment Variables:
JAVA_HOME=C:\Program Files\Microsoft\jdk-17.0.14.7-hotspot\
CLASSPATH=D:\NativeProject\android\\gradle\wrapper\gradle-wrapper.jar
PATH=C:\Program Files\Microsoft\jdk-17.0.14.7-hotspot\bin;C:\app\DELL\product\21c\dbhomeXE\bin;C:\Python311\Scripts\;C:\Python311\;C:\Windows\system32;C:\Windows;C:\Windows\System32\Wbem;C:\Windows\System32\WindowsPowerShell\v1.0\;C:\Windows\System32\OpenSSH\;C:\Program Files\NVIDIA Corporation\NVIDIA NvDLISR;C:\Program Files (x86)\NVIDIA Corporation\PhysX\Common;C:\WINDOWS\system32;C:\WINDOWS;C:\WINDOWS\System32\Wbem;C:\WINDOWS\System32\WindowsPowerShell\v1.0\;C:\WINDOWS\System32\OpenSSH\;C:\MinGW\bin;C:\Program Files\Microsoft\jdk-17.0.14.7-hotspot\\bin;D:\java\Code\practise;D:\java\Code\practise;C:\ProgramData\chocolatey\bin;D:\PA\code;C:\Program Files\MongoDB\bin;D:\ADI\code;C:\Program Files\Git\cmd;C:\Program Files\nodejs\;C:\Program Files\MySQL\MySQL Shell 8.0\bin\;D:\mysql\bin\;C:\Users\DELL\AppData\Local\Microsoft\WindowsApps;C:\Users\DELL\AppData\Local\Programs\Microsoft VS Code\bin;C:\Users\DELL\AppData\Local\Programs\mongosh\;C:\Users\DELL\AppData\Roaming\npm;C:\Users\DELL\AppData\Local\Android\Sdk\platform-tools;D:\Download\curl-8.12.1_4-win64-mingw\bin;C:\Program Files\MongoDB\Server\8.0\bin;
USERNAME=DELL
LANG=en_US.UTF-8
OS=Windows_NT
PROCESSOR_IDENTIFIER=Intel64 Family 6 Model 140 Stepping 1, GenuineIntel
TMP=C:\Users\DELL\AppData\Local\Temp
TEMP=C:\Users\DELL\AppData\Local\Temp



Periodic native trim disabled


---------------  S Y S T E M  ---------------

OS:
 Windows 11 , 64 bit Build 22621 (10.0.22621.5124)
OS uptime: 1 days 20:23 hours
Hyper-V role detected

CPU: total 8 (initial active 8) (4 cores per cpu, 2 threads per core) family 6 model 140 stepping 1 microcode 0xb8, cx8, cmov, fxsr, ht, mmx, 3dnowpref, sse, sse2, sse3, ssse3, sse4.1, sse4.2, popcnt, lzcnt, tsc, tscinvbit, avx, avx2, aes, erms, clmul, bmi1, bmi2, adx, avx512f, avx512dq, avx512cd, avx512bw, avx512vl, sha, fma, vzeroupper, avx512_vpopcntdq, avx512_vpclmulqdq, avx512_vaes, avx512_vnni, clflush, clflushopt, clwb, avx512_vbmi2, avx512_vbmi, hv
Processor Information for the first 8 processors :
  Max Mhz: 1382, Current Mhz: 1382, Mhz Limit: 1382

Memory: 4k page, system-wide physical 7918M (202M free)
TotalPageFile size 23918M (AvailPageFile size 0M)
current process WorkingSet (physical memory assigned to process): 486M, peak: 518M
current process commit charge ("private bytes"): 607M, peak: 627M

vm_info: OpenJDK 64-Bit Server VM (17.0.14+7-LTS) for windows-amd64 JRE (17.0.14+7-LTS), built on Jan  8 2025 23:39:28 by "MicrosoftCorporation" with unknown MS VC++:1939

END.
